2021-08-24 10:53:15 [main] INFO  c.l.e.EmployeeOnboardingSystemApplication -
                Starting EmployeeOnboardingSystemApplication using Java 1.8.0_302 on LT-NB-449 with PID 13060 (C:\Users\sharathkumarraju.a\Downloads\demo\employee-onboarding-system\target\classes started by sharathkumarraju.a in C:\Users\sharathkumarraju.a\Downloads\demo\employee-onboarding-system)
2021-08-24 10:53:15 [main] DEBUG c.l.e.EmployeeOnboardingSystemApplication -
                Running with Spring Boot v2.5.3, Spring v5.3.9
2021-08-24 10:53:15 [main] INFO  c.l.e.EmployeeOnboardingSystemApplication -
                No active profile set, falling back to default profiles: default
2021-08-24 10:53:25 [main] INFO  c.l.e.EmployeeOnboardingSystemApplication -
                Started EmployeeOnboardingSystemApplication in 9.923 seconds (JVM running for 11.663)
2021-08-24 10:55:00 [http-nio-8082-exec-3] INFO  c.l.e.controller.LoginController -
                trying to logging in with credentialscom.lister.employeeonboardingsystem.voobject.LoginInput@2c285719with uuida0d7eca1-049b-11ec-b015-679ba113ab47
2021-08-24 10:55:00 [http-nio-8082-exec-3] INFO  c.l.e.service.UserService -
                tried to login with emailghouse123@gmail.comwith uuida0d7eca1-049b-11ec-b015-679ba113ab47
2021-08-24 10:55:00 [http-nio-8082-exec-5] INFO  c.l.e.controller.EmployeeController -
                getting the employee details with id21with uuida0f8bb12-049b-11ec-b015-433bd0e19014
2021-08-24 10:55:00 [http-nio-8082-exec-5] INFO  c.l.e.service.DemographicsService -
                tried to retrieve employee details with id21with uuida0f8bb12-049b-11ec-b015-433bd0e19014
2021-08-24 10:55:00 [http-nio-8082-exec-4] INFO  c.l.e.controller.EmployeeController -
                getting the employee details with id21with uuida1014693-049b-11ec-b015-cb5b90d72dc6
2021-08-24 10:55:00 [http-nio-8082-exec-4] INFO  c.l.e.service.DemographicsService -
                tried to retrieve employee details with id21with uuida1014693-049b-11ec-b015-cb5b90d72dc6
2021-08-24 10:56:14 [http-nio-8082-exec-7] INFO  c.l.e.controller.EmployeeController -
                getting the employee details with id21with uuidccf8c4d4-049b-11ec-b015-9b40a9cd79b2
2021-08-24 10:56:14 [http-nio-8082-exec-7] INFO  c.l.e.service.DemographicsService -
                tried to retrieve employee details with id21with uuidccf8c4d4-049b-11ec-b015-9b40a9cd79b2
2021-08-24 10:56:14 [http-nio-8082-exec-8] INFO  c.l.e.controller.EmployeeController -
                getting the employee details with id21with uuidccfac0a5-049b-11ec-b015-c911e25160f0
2021-08-24 10:56:14 [http-nio-8082-exec-8] INFO  c.l.e.service.DemographicsService -
                tried to retrieve employee details with id21with uuidccfac0a5-049b-11ec-b015-c911e25160f0
2021-08-24 10:56:51 [http-nio-8082-exec-1] INFO  c.l.e.controller.EmployeeController -
                getting the employee details with id21with uuide2eeb796-049b-11ec-b015-01b0ad0e4547
2021-08-24 10:56:51 [http-nio-8082-exec-1] INFO  c.l.e.service.DemographicsService -
                tried to retrieve employee details with id21with uuide2eeb796-049b-11ec-b015-01b0ad0e4547
2021-08-24 10:56:51 [http-nio-8082-exec-3] INFO  c.l.e.controller.EmployeeController -
                getting the employee details with id21with uuide2f08c57-049b-11ec-b015-2d8aa6eeba6d
2021-08-24 10:56:51 [http-nio-8082-exec-3] INFO  c.l.e.service.DemographicsService -
                tried to retrieve employee details with id21with uuide2f08c57-049b-11ec-b015-2d8aa6eeba6d
2021-08-24 10:57:28 [http-nio-8082-exec-9] INFO  c.l.e.controller.EmployeeController -
                getting the employee details with id21with uuidf8cc1948-049b-11ec-b015-0337d2f7f96f
2021-08-24 10:57:28 [http-nio-8082-exec-9] INFO  c.l.e.service.DemographicsService -
                tried to retrieve employee details with id21with uuidf8cc1948-049b-11ec-b015-0337d2f7f96f
2021-08-24 10:57:28 [http-nio-8082-exec-2] INFO  c.l.e.controller.EmployeeController -
                getting the employee details with id21with uuidf8cdee09-049b-11ec-b015-5ddc65d156c4
2021-08-24 10:57:28 [http-nio-8082-exec-2] INFO  c.l.e.service.DemographicsService -
                tried to retrieve employee details with id21with uuidf8cdee09-049b-11ec-b015-5ddc65d156c4
2021-08-24 11:00:54 [http-nio-8082-exec-6] INFO  c.l.e.controller.LoginController -
                trying to logging in with credentialscom.lister.employeeonboardingsystem.voobject.LoginInput@4f83e64with uuid737e9f0a-049c-11ec-b015-65d4bafc9ce0
2021-08-24 11:00:54 [http-nio-8082-exec-6] INFO  c.l.e.service.UserService -
                tried to login with emailghouse123@gmail.comwith uuid737e9f0a-049c-11ec-b015-65d4bafc9ce0
2021-08-24 11:00:54 [http-nio-8082-exec-10] INFO  c.l.e.controller.EmployeeController -
                getting the employee details with id21with uuid73872a8b-049c-11ec-b015-e9b802f7640b
2021-08-24 11:00:54 [http-nio-8082-exec-10] INFO  c.l.e.service.DemographicsService -
                tried to retrieve employee details with id21with uuid73872a8b-049c-11ec-b015-e9b802f7640b
2021-08-24 11:00:54 [http-nio-8082-exec-1] INFO  c.l.e.controller.EmployeeController -
                getting the employee details with id21with uuid7388b12c-049c-11ec-b015-17cbd744904f
2021-08-24 11:00:54 [http-nio-8082-exec-1] INFO  c.l.e.service.DemographicsService -
                tried to retrieve employee details with id21with uuid7388b12c-049c-11ec-b015-17cbd744904f
2021-08-24 11:02:46 [http-nio-8082-exec-5] INFO  c.l.e.controller.LoginController -
                trying to logging in with credentialscom.lister.employeeonboardingsystem.voobject.LoginInput@412e0c79with uuidb69fd51d-049c-11ec-b015-f73dc0fc7d9f
2021-08-24 11:02:46 [http-nio-8082-exec-5] INFO  c.l.e.service.UserService -
                tried to login with emailghouse123@gmail.comwith uuidb69fd51d-049c-11ec-b015-f73dc0fc7d9f
2021-08-24 11:02:46 [http-nio-8082-exec-9] INFO  c.l.e.controller.EmployeeController -
                getting the employee details with id21with uuidb6b3d24e-049c-11ec-b015-45f7d67b0bd5
2021-08-24 11:02:46 [http-nio-8082-exec-9] INFO  c.l.e.service.DemographicsService -
                tried to retrieve employee details with id21with uuidb6b3d24e-049c-11ec-b015-45f7d67b0bd5
2021-08-24 11:02:46 [http-nio-8082-exec-2] INFO  c.l.e.controller.EmployeeController -
                getting the employee details with id21with uuidb6b558ef-049c-11ec-b015-33cca382b78d
2021-08-24 11:02:46 [http-nio-8082-exec-2] INFO  c.l.e.service.DemographicsService -
                tried to retrieve employee details with id21with uuidb6b558ef-049c-11ec-b015-33cca382b78d
2021-08-24 11:07:26 [http-nio-8082-exec-6] INFO  c.l.e.controller.EmployeeController -
                getting the employee details with id21with uuid5da2a780-049d-11ec-b015-e765d7cd078d
2021-08-24 11:07:26 [http-nio-8082-exec-6] INFO  c.l.e.service.DemographicsService -
                tried to retrieve employee details with id21with uuid5da2a780-049d-11ec-b015-e765d7cd078d
2021-08-24 11:07:26 [http-nio-8082-exec-10] INFO  c.l.e.controller.EmployeeController -
                getting the employee details with id21with uuid5da4ca61-049d-11ec-b015-91d7ecf41cd6
2021-08-24 11:07:26 [http-nio-8082-exec-10] INFO  c.l.e.service.DemographicsService -
                tried to retrieve employee details with id21with uuid5da4ca61-049d-11ec-b015-91d7ecf41cd6
2021-08-24 11:19:09 [http-nio-8082-exec-3] INFO  c.l.e.controller.LoginController -
                trying to logging in with credentialscom.lister.employeeonboardingsystem.voobject.LoginInput@240a1fd9with uuid00388d62-049f-11ec-b015-bff591b8a6e4
2021-08-24 11:19:09 [http-nio-8082-exec-3] INFO  c.l.e.service.UserService -
                tried to login with emailghouse123@gmail.comwith uuid00388d62-049f-11ec-b015-bff591b8a6e4
2021-08-24 11:19:09 [http-nio-8082-exec-5] INFO  c.l.e.controller.EmployeeController -
                getting the employee details with id21with uuid00427873-049f-11ec-b015-8961c21899c8
2021-08-24 11:19:09 [http-nio-8082-exec-5] INFO  c.l.e.service.DemographicsService -
                tried to retrieve employee details with id21with uuid00427873-049f-11ec-b015-8961c21899c8
2021-08-24 11:19:09 [http-nio-8082-exec-9] INFO  c.l.e.controller.EmployeeController -
                getting the employee details with id21with uuid0043ff14-049f-11ec-b015-9bce9934ad31
2021-08-24 11:19:09 [http-nio-8082-exec-9] INFO  c.l.e.service.DemographicsService -
                tried to retrieve employee details with id21with uuid0043ff14-049f-11ec-b015-9bce9934ad31
2021-08-24 11:20:41 [http-nio-8082-exec-8] INFO  c.l.e.controller.LoginController -
                trying to logging in with credentialscom.lister.employeeonboardingsystem.voobject.LoginInput@63f4e177with uuid376a57f5-049f-11ec-b015-3f97e5989da1
2021-08-24 11:20:41 [http-nio-8082-exec-8] INFO  c.l.e.service.UserService -
                tried to login with emailghouse123@gmail.comwith uuid376a57f5-049f-11ec-b015-3f97e5989da1
2021-08-24 11:20:41 [http-nio-8082-exec-6] INFO  c.l.e.controller.EmployeeController -
                getting the employee details with id21with uuid377c5956-049f-11ec-b015-f7e3d9b234f1
2021-08-24 11:20:41 [http-nio-8082-exec-6] INFO  c.l.e.service.DemographicsService -
                tried to retrieve employee details with id21with uuid377c5956-049f-11ec-b015-f7e3d9b234f1
2021-08-24 11:20:41 [http-nio-8082-exec-10] INFO  c.l.e.controller.EmployeeController -
                getting the employee details with id21with uuid377db8e7-049f-11ec-b015-51bdef99e29c
2021-08-24 11:20:41 [http-nio-8082-exec-10] INFO  c.l.e.service.DemographicsService -
                tried to retrieve employee details with id21with uuid377db8e7-049f-11ec-b015-51bdef99e29c
2021-08-24 11:21:43 [http-nio-8082-exec-3] INFO  c.l.e.controller.LoginController -
                trying to logging in with credentialscom.lister.employeeonboardingsystem.voobject.LoginInput@26aa245ewith uuid5c3b8b88-049f-11ec-b015-378fad64ed6a
2021-08-24 11:21:43 [http-nio-8082-exec-3] INFO  c.l.e.service.UserService -
                tried to login with emailsharathrajuaddepalli@gmail.comwith uuid5c3b8b88-049f-11ec-b015-378fad64ed6a
2021-08-24 11:21:43 [http-nio-8082-exec-5] INFO  c.l.e.controller.HrController -
                Retrieving all employees with uuid5c46af19-049f-11ec-b015-8d0fac25f9f1
2021-08-24 11:21:43 [http-nio-8082-exec-5] INFO  c.l.e.service.DemographicsService -
                tried to retrieve all employee details with uuid5c46af19-049f-11ec-b015-8d0fac25f9f1
2021-08-24 11:27:49 [http-nio-8082-exec-2] INFO  c.l.e.controller.HrController -
                Retrieving all employees with uuid36654e9a-04a0-11ec-b015-7d24fc219b1d
2021-08-24 11:27:49 [http-nio-8082-exec-2] INFO  c.l.e.service.DemographicsService -
                tried to retrieve all employee details with uuid36654e9a-04a0-11ec-b015-7d24fc219b1d
2021-08-24 11:31:19 [http-nio-8082-exec-8] INFO  c.l.e.controller.HrController -
                Retrieving all employees with uuidb38ec7cb-04a0-11ec-b015-7753920c7c63
2021-08-24 11:31:19 [http-nio-8082-exec-8] INFO  c.l.e.service.DemographicsService -
                tried to retrieve all employee details with uuidb38ec7cb-04a0-11ec-b015-7753920c7c63
2021-08-24 11:33:58 [http-nio-8082-exec-4] INFO  c.l.e.controller.LoginController -
                trying to logging in with credentialscom.lister.employeeonboardingsystem.voobject.LoginInput@4bc177d8with uuid1219f76c-04a1-11ec-b015-f7b03fe1afd8
2021-08-24 11:33:58 [http-nio-8082-exec-4] INFO  c.l.e.service.UserService -
                tried to login with emailghouse123@gmail.comwith uuid1219f76c-04a1-11ec-b015-f7b03fe1afd8
2021-08-24 11:33:58 [http-nio-8082-exec-1] INFO  c.l.e.controller.EmployeeController -
                getting the employee details with id21with uuid12340f1d-04a1-11ec-b015-517cfc5c6297
2021-08-24 11:33:58 [http-nio-8082-exec-1] INFO  c.l.e.service.DemographicsService -
                tried to retrieve employee details with id21with uuid12340f1d-04a1-11ec-b015-517cfc5c6297
2021-08-24 11:33:58 [http-nio-8082-exec-3] INFO  c.l.e.controller.EmployeeController -
                getting the employee details with id21with uuid1235bcce-04a1-11ec-b015-4f382c05f1ee
2021-08-24 11:33:58 [http-nio-8082-exec-3] INFO  c.l.e.service.DemographicsService -
                tried to retrieve employee details with id21with uuid1235bcce-04a1-11ec-b015-4f382c05f1ee
2021-08-24 11:45:56 [http-nio-8082-exec-2] INFO  c.l.e.controller.LoginController -
                trying to logging in with credentialscom.lister.employeeonboardingsystem.voobject.LoginInput@c0a40afwith uuidbdfdc2ef-04a2-11ec-b015-5761eee3f5fd
2021-08-24 11:45:56 [http-nio-8082-exec-2] INFO  c.l.e.service.UserService -
                tried to login with emailghouse123@gmail.comwith uuidbdfdc2ef-04a2-11ec-b015-5761eee3f5fd
2021-08-24 11:45:56 [http-nio-8082-exec-7] INFO  c.l.e.controller.EmployeeController -
                getting the employee details with id21with uuidbe234c50-04a2-11ec-b015-cb04a3e740f8
2021-08-24 11:45:56 [http-nio-8082-exec-7] INFO  c.l.e.service.DemographicsService -
                tried to retrieve employee details with id21with uuidbe234c50-04a2-11ec-b015-cb04a3e740f8
2021-08-24 11:45:56 [http-nio-8082-exec-8] INFO  c.l.e.controller.EmployeeController -
                getting the employee details with id21with uuidbe29dc01-04a2-11ec-b015-5b0459690c81
2021-08-24 11:45:56 [http-nio-8082-exec-8] INFO  c.l.e.service.DemographicsService -
                tried to retrieve employee details with id21with uuidbe29dc01-04a2-11ec-b015-5b0459690c81
2021-08-24 11:48:54 [http-nio-8082-exec-4] INFO  c.l.e.controller.EmployeeController -
                getting the employee details with id21with uuid286aa272-04a3-11ec-b015-e1fae28e6161
2021-08-24 11:48:54 [http-nio-8082-exec-4] INFO  c.l.e.service.DemographicsService -
                tried to retrieve employee details with id21with uuid286aa272-04a3-11ec-b015-e1fae28e6161
2021-08-24 11:48:54 [http-nio-8082-exec-4] INFO  c.l.e.controller.EmployeeController -
                getting the employee details with id21with uuid286e7303-04a3-11ec-b015-69420fee1812
2021-08-24 11:48:54 [http-nio-8082-exec-4] INFO  c.l.e.service.DemographicsService -
                tried to retrieve employee details with id21with uuid286e7303-04a3-11ec-b015-69420fee1812
2021-08-24 12:19:52 [main] INFO  c.l.e.EmployeeOnboardingSystemApplication -
                Starting EmployeeOnboardingSystemApplication using Java 1.8.0_302 on LT-NB-449 with PID 2692 (C:\Users\sharathkumarraju.a\Downloads\demo\employee-onboarding-system\target\classes started by sharathkumarraju.a in C:\Users\sharathkumarraju.a\Downloads\demo\employee-onboarding-system)
2021-08-24 12:19:52 [main] DEBUG c.l.e.EmployeeOnboardingSystemApplication -
                Running with Spring Boot v2.5.3, Spring v5.3.9
2021-08-24 12:19:52 [main] INFO  c.l.e.EmployeeOnboardingSystemApplication -
                No active profile set, falling back to default profiles: default
2021-08-24 12:20:01 [main] INFO  c.l.e.EmployeeOnboardingSystemApplication -
                Started EmployeeOnboardingSystemApplication in 10.892 seconds (JVM running for 17.705)
2021-08-24 12:20:34 [http-nio-8082-exec-3] INFO  c.l.e.controller.LoginController -
                trying to logging in with credentialscom.lister.employeeonboardingsystem.voobject.LoginInput@305bb59awith uuid94e7c6f1-04a7-11ec-9a1f-e7531a61f30b
2021-08-24 12:20:34 [http-nio-8082-exec-3] INFO  c.l.e.service.UserService -
                tried to login with emailghouse123@gmail.comwith uuid94e7c6f1-04a7-11ec-9a1f-e7531a61f30b
2021-08-24 12:20:34 [http-nio-8082-exec-5] INFO  c.l.e.controller.EmployeeController -
                getting the employee details with id21with uuid95031722-04a7-11ec-9a1f-23827503d86e
2021-08-24 12:20:34 [http-nio-8082-exec-5] INFO  c.l.e.service.DemographicsService -
                tried to retrieve employee details with id21with uuid95031722-04a7-11ec-9a1f-23827503d86e
2021-08-24 12:20:34 [http-nio-8082-exec-4] INFO  c.l.e.controller.EmployeeController -
                getting the employee details with id21with uuid950adf53-04a7-11ec-9a1f-f1c6e58c6702
2021-08-24 12:20:34 [http-nio-8082-exec-4] INFO  c.l.e.service.DemographicsService -
                tried to retrieve employee details with id21with uuid950adf53-04a7-11ec-9a1f-f1c6e58c6702
2021-08-24 12:23:41 [http-nio-8082-exec-7] INFO  c.l.e.controller.EmployeeController -
                getting the employee details with id21with uuid0436a674-04a8-11ec-9a1f-ef8fc36f7a96
2021-08-24 12:23:41 [http-nio-8082-exec-7] INFO  c.l.e.service.DemographicsService -
                tried to retrieve employee details with id21with uuid0436a674-04a8-11ec-9a1f-ef8fc36f7a96
2021-08-24 12:23:41 [http-nio-8082-exec-8] INFO  c.l.e.controller.EmployeeController -
                getting the employee details with id21with uuid0446d315-04a8-11ec-9a1f-af084434e393
2021-08-24 12:23:41 [http-nio-8082-exec-8] INFO  c.l.e.service.DemographicsService -
                tried to retrieve employee details with id21with uuid0446d315-04a8-11ec-9a1f-af084434e393
2021-08-24 12:24:23 [http-nio-8082-exec-1] INFO  c.l.e.controller.EmployeeController -
                getting the employee details with id21with uuid1d0e8376-04a8-11ec-9a1f-3f74f9d3b6d1
2021-08-24 12:24:23 [http-nio-8082-exec-1] INFO  c.l.e.service.DemographicsService -
                tried to retrieve employee details with id21with uuid1d0e8376-04a8-11ec-9a1f-3f74f9d3b6d1
2021-08-24 12:24:23 [http-nio-8082-exec-3] INFO  c.l.e.controller.EmployeeController -
                getting the employee details with id21with uuid1d10f477-04a8-11ec-9a1f-85be5ee2d3f3
2021-08-24 12:24:23 [http-nio-8082-exec-3] INFO  c.l.e.service.DemographicsService -
                tried to retrieve employee details with id21with uuid1d10f477-04a8-11ec-9a1f-85be5ee2d3f3
2021-08-24 12:25:03 [http-nio-8082-exec-4] INFO  c.l.e.controller.EmployeeController -
                getting the employee details with id21with uuid3541bc08-04a8-11ec-9a1f-c133ca813095
2021-08-24 12:25:03 [http-nio-8082-exec-4] INFO  c.l.e.service.DemographicsService -
                tried to retrieve employee details with id21with uuid3541bc08-04a8-11ec-9a1f-c133ca813095
2021-08-24 12:25:03 [http-nio-8082-exec-6] INFO  c.l.e.controller.EmployeeController -
                getting the employee details with id21with uuid35451769-04a8-11ec-9a1f-4f95c30d7e6b
2021-08-24 12:25:03 [http-nio-8082-exec-6] INFO  c.l.e.service.DemographicsService -
                tried to retrieve employee details with id21with uuid35451769-04a8-11ec-9a1f-4f95c30d7e6b
2021-08-24 12:25:13 [http-nio-8082-exec-8] INFO  c.l.e.controller.EmployeeController -
                getting the employee details with id21with uuid3ae9a41a-04a8-11ec-9a1f-2dcf1bce90e7
2021-08-24 12:25:13 [http-nio-8082-exec-8] INFO  c.l.e.service.DemographicsService -
                tried to retrieve employee details with id21with uuid3ae9a41a-04a8-11ec-9a1f-2dcf1bce90e7
2021-08-24 12:25:13 [http-nio-8082-exec-10] INFO  c.l.e.controller.EmployeeController -
                getting the employee details with id21with uuid3aeb51cb-04a8-11ec-9a1f-7dfcb2ea40cf
2021-08-24 12:25:13 [http-nio-8082-exec-10] INFO  c.l.e.service.DemographicsService -
                tried to retrieve employee details with id21with uuid3aeb51cb-04a8-11ec-9a1f-7dfcb2ea40cf
2021-08-24 12:25:14 [http-nio-8082-exec-9] INFO  c.l.e.controller.EmployeeController -
                getting the employee details with id21with uuid3bc66f8c-04a8-11ec-9a1f-23aa11a30d8f
2021-08-24 12:25:14 [http-nio-8082-exec-9] INFO  c.l.e.service.DemographicsService -
                tried to retrieve employee details with id21with uuid3bc66f8c-04a8-11ec-9a1f-23aa11a30d8f
2021-08-24 12:25:14 [http-nio-8082-exec-1] INFO  c.l.e.controller.EmployeeController -
                getting the employee details with id21with uuid3bc9a3dd-04a8-11ec-9a1f-a1f587581466
2021-08-24 12:25:14 [http-nio-8082-exec-1] INFO  c.l.e.service.DemographicsService -
                tried to retrieve employee details with id21with uuid3bc9a3dd-04a8-11ec-9a1f-a1f587581466
2021-08-24 12:25:24 [http-nio-8082-exec-4] INFO  c.l.e.controller.EmployeeController -
                getting the employee details with id21with uuid41a08b2e-04a8-11ec-9a1f-f78ae67109be
2021-08-24 12:25:24 [http-nio-8082-exec-4] INFO  c.l.e.service.DemographicsService -
                tried to retrieve employee details with id21with uuid41a08b2e-04a8-11ec-9a1f-f78ae67109be
2021-08-24 12:25:24 [http-nio-8082-exec-6] INFO  c.l.e.controller.EmployeeController -
                getting the employee details with id21with uuid41a25fef-04a8-11ec-9a1f-f9a973d44cb8
2021-08-24 12:25:24 [http-nio-8082-exec-6] INFO  c.l.e.service.DemographicsService -
                tried to retrieve employee details with id21with uuid41a25fef-04a8-11ec-9a1f-f9a973d44cb8
2021-08-24 12:25:36 [http-nio-8082-exec-8] INFO  c.l.e.controller.LoginController -
                trying to logging in with credentialscom.lister.employeeonboardingsystem.voobject.LoginInput@7837ce74with uuid48cdb3b0-04a8-11ec-9a1f-9d15b9402195
2021-08-24 12:25:36 [http-nio-8082-exec-8] INFO  c.l.e.service.UserService -
                tried to login with emailghouse123@gmail.comwith uuid48cdb3b0-04a8-11ec-9a1f-9d15b9402195
2021-08-24 12:25:36 [http-nio-8082-exec-10] INFO  c.l.e.controller.EmployeeController -
                getting the employee details with id21with uuid48f64a51-04a8-11ec-9a1f-9b989ed47ef7
2021-08-24 12:25:36 [http-nio-8082-exec-10] INFO  c.l.e.service.DemographicsService -
                tried to retrieve employee details with id21with uuid48f64a51-04a8-11ec-9a1f-9b989ed47ef7
2021-08-24 12:25:36 [http-nio-8082-exec-9] INFO  c.l.e.controller.EmployeeController -
                getting the employee details with id21with uuid48f97ea2-04a8-11ec-9a1f-6d87b9c984bd
2021-08-24 12:25:36 [http-nio-8082-exec-9] INFO  c.l.e.service.DemographicsService -
                tried to retrieve employee details with id21with uuid48f97ea2-04a8-11ec-9a1f-6d87b9c984bd
2021-08-24 12:27:17 [http-nio-8082-exec-5] INFO  c.l.e.controller.EmployeeController -
                getting the employee details with id21with uuid84f79e53-04a8-11ec-9a1f-bdd25708b7c1
2021-08-24 12:27:17 [http-nio-8082-exec-5] INFO  c.l.e.service.DemographicsService -
                tried to retrieve employee details with id21with uuid84f79e53-04a8-11ec-9a1f-bdd25708b7c1
2021-08-24 12:27:17 [http-nio-8082-exec-3] INFO  c.l.e.controller.EmployeeController -
                getting the employee details with id21with uuid84f99a24-04a8-11ec-9a1f-756496acd984
2021-08-24 12:27:17 [http-nio-8082-exec-3] INFO  c.l.e.service.DemographicsService -
                tried to retrieve employee details with id21with uuid84f99a24-04a8-11ec-9a1f-756496acd984
2021-08-24 12:27:31 [http-nio-8082-exec-7] INFO  c.l.e.controller.LoginController -
                trying to logging in with credentialscom.lister.employeeonboardingsystem.voobject.LoginInput@2c4e5c34with uuid8d399235-04a8-11ec-9a1f-290d365cd732
2021-08-24 12:27:31 [http-nio-8082-exec-7] INFO  c.l.e.service.UserService -
                tried to login with emailghouse123@gmail.comwith uuid8d399235-04a8-11ec-9a1f-290d365cd732
2021-08-24 12:27:31 [http-nio-8082-exec-2] INFO  c.l.e.controller.EmployeeController -
                getting the employee details with id21with uuid8d5cf8b6-04a8-11ec-9a1f-a9255ff4955b
2021-08-24 12:27:31 [http-nio-8082-exec-2] INFO  c.l.e.service.DemographicsService -
                tried to retrieve employee details with id21with uuid8d5cf8b6-04a8-11ec-9a1f-a9255ff4955b
2021-08-24 12:27:31 [http-nio-8082-exec-8] INFO  c.l.e.controller.EmployeeController -
                getting the employee details with id21with uuid8d6472c7-04a8-11ec-9a1f-9343257202e4
2021-08-24 12:27:31 [http-nio-8082-exec-8] INFO  c.l.e.service.DemographicsService -
                tried to retrieve employee details with id21with uuid8d6472c7-04a8-11ec-9a1f-9343257202e4
2021-08-24 12:28:19 [http-nio-8082-exec-9] INFO  c.l.e.controller.EmployeeController -
                getting the employee details with id21with uuidaa446a88-04a8-11ec-9a1f-197ca42ba421
2021-08-24 12:28:19 [http-nio-8082-exec-9] INFO  c.l.e.service.DemographicsService -
                tried to retrieve employee details with id21with uuidaa446a88-04a8-11ec-9a1f-197ca42ba421
2021-08-24 12:28:19 [http-nio-8082-exec-1] INFO  c.l.e.controller.EmployeeController -
                getting the employee details with id21with uuidaa4ca7e9-04a8-11ec-9a1f-6bd832914b01
2021-08-24 12:28:19 [http-nio-8082-exec-1] INFO  c.l.e.service.DemographicsService -
                tried to retrieve employee details with id21with uuidaa4ca7e9-04a8-11ec-9a1f-6bd832914b01
2021-08-24 12:28:28 [http-nio-8082-exec-5] INFO  c.l.e.controller.LoginController -
                trying to logging in with credentialscom.lister.employeeonboardingsystem.voobject.LoginInput@96a068bwith uuidaf1ef07a-04a8-11ec-9a1f-49ed6cc39c69
2021-08-24 12:28:28 [http-nio-8082-exec-5] INFO  c.l.e.service.UserService -
                tried to login with emailghouse123@gmail.comwith uuidaf1ef07a-04a8-11ec-9a1f-49ed6cc39c69
2021-08-24 12:28:28 [http-nio-8082-exec-3] INFO  c.l.e.controller.EmployeeController -
                getting the employee details with id21with uuidaf2e32bb-04a8-11ec-9a1f-730bb63e00d5
2021-08-24 12:28:28 [http-nio-8082-exec-3] INFO  c.l.e.service.DemographicsService -
                tried to retrieve employee details with id21with uuidaf2e32bb-04a8-11ec-9a1f-730bb63e00d5
2021-08-24 12:28:28 [http-nio-8082-exec-4] INFO  c.l.e.controller.EmployeeController -
                getting the employee details with id21with uuidaf2fe06c-04a8-11ec-9a1f-e7d8f6a41d32
2021-08-24 12:28:28 [http-nio-8082-exec-4] INFO  c.l.e.service.DemographicsService -
                tried to retrieve employee details with id21with uuidaf2fe06c-04a8-11ec-9a1f-e7d8f6a41d32
2021-08-24 12:29:59 [http-nio-8082-exec-2] INFO  c.l.e.controller.LoginController -
                trying to logging in with credentialscom.lister.employeeonboardingsystem.voobject.LoginInput@f57b9cwith uuide560b5bd-04a8-11ec-9a1f-b51ad1b777e1
2021-08-24 12:29:59 [http-nio-8082-exec-2] INFO  c.l.e.service.UserService -
                tried to login with emailsharathrajuaddepalli@gmail.comwith uuide560b5bd-04a8-11ec-9a1f-b51ad1b777e1
2021-08-24 12:29:59 [http-nio-8082-exec-8] INFO  c.l.e.controller.HrController -
                Retrieving all employees with uuide56fa9de-04a8-11ec-9a1f-1d66ddabe745
2021-08-24 12:29:59 [http-nio-8082-exec-8] INFO  c.l.e.service.DemographicsService -
                tried to retrieve all employee details with uuide56fa9de-04a8-11ec-9a1f-1d66ddabe745
2021-08-24 12:36:03 [http-nio-8082-exec-9] INFO  c.l.e.controller.LoginController -
                trying to logging in with credentialscom.lister.employeeonboardingsystem.voobject.LoginInput@659a97b4with uuidbe48d10f-04a9-11ec-9a1f-294486531121
2021-08-24 12:36:03 [http-nio-8082-exec-9] INFO  c.l.e.service.UserService -
                tried to login with emailghouse123@gmail.comwith uuidbe48d10f-04a9-11ec-9a1f-294486531121
2021-08-24 12:36:03 [http-nio-8082-exec-1] INFO  c.l.e.controller.EmployeeController -
                getting the employee details with id21with uuidbe5e7bf0-04a9-11ec-9a1f-19112c0d6c99
2021-08-24 12:36:03 [http-nio-8082-exec-1] INFO  c.l.e.service.DemographicsService -
                tried to retrieve employee details with id21with uuidbe5e7bf0-04a9-11ec-9a1f-19112c0d6c99
2021-08-24 12:36:03 [http-nio-8082-exec-5] INFO  c.l.e.controller.EmployeeController -
                getting the employee details with id21with uuidbe60c5e1-04a9-11ec-9a1f-01528408f593
2021-08-24 12:36:03 [http-nio-8082-exec-5] INFO  c.l.e.service.DemographicsService -
                tried to retrieve employee details with id21with uuidbe60c5e1-04a9-11ec-9a1f-01528408f593
2021-08-24 16:19:43 [main] INFO  c.l.e.EmployeeOnboardingSystemApplication -
                Starting EmployeeOnboardingSystemApplication using Java 1.8.0_302 on LT-NB-449 with PID 19432 (C:\Users\sharathkumarraju.a\Downloads\demo\employee-onboarding-system\target\classes started by sharathkumarraju.a in C:\Users\sharathkumarraju.a\Downloads\demo\employee-onboarding-system)
2021-08-24 16:19:43 [main] DEBUG c.l.e.EmployeeOnboardingSystemApplication -
                Running with Spring Boot v2.5.3, Spring v5.3.9
2021-08-24 16:19:43 [main] INFO  c.l.e.EmployeeOnboardingSystemApplication -
                No active profile set, falling back to default profiles: default
2021-08-24 16:19:57 [main] INFO  c.l.e.EmployeeOnboardingSystemApplication -
                Started EmployeeOnboardingSystemApplication in 17.093 seconds (JVM running for 28.841)
2021-08-24 16:21:54 [main] INFO  c.l.e.EmployeeOnboardingSystemApplication -
                Starting EmployeeOnboardingSystemApplication using Java 1.8.0_302 on LT-NB-449 with PID 7184 (C:\Users\sharathkumarraju.a\Downloads\demo\employee-onboarding-system\target\classes started by sharathkumarraju.a in C:\Users\sharathkumarraju.a\Downloads\demo\employee-onboarding-system)
2021-08-24 16:21:54 [main] DEBUG c.l.e.EmployeeOnboardingSystemApplication -
                Running with Spring Boot v2.5.3, Spring v5.3.9
2021-08-24 16:21:54 [main] INFO  c.l.e.EmployeeOnboardingSystemApplication -
                No active profile set, falling back to default profiles: default
2021-08-24 16:25:48 [main] INFO  c.l.e.EmployeeOnboardingSystemApplication -
                Started EmployeeOnboardingSystemApplication in 235.994 seconds (JVM running for 242.31)
2021-08-24 16:26:14 [main] INFO  c.l.e.EmployeeOnboardingSystemApplication -
                Starting EmployeeOnboardingSystemApplication using Java 1.8.0_302 on LT-NB-449 with PID 13876 (C:\Users\sharathkumarraju.a\Downloads\demo\employee-onboarding-system\target\classes started by sharathkumarraju.a in C:\Users\sharathkumarraju.a\Downloads\demo\employee-onboarding-system)
2021-08-24 16:26:14 [main] DEBUG c.l.e.EmployeeOnboardingSystemApplication -
                Running with Spring Boot v2.5.3, Spring v5.3.9
2021-08-24 16:26:14 [main] INFO  c.l.e.EmployeeOnboardingSystemApplication -
                No active profile set, falling back to default profiles: default
2021-08-24 16:28:46 [main] INFO  c.l.e.EmployeeOnboardingSystemApplication -
                Started EmployeeOnboardingSystemApplication in 154.241 seconds (JVM running for 161.97)
2021-08-24 16:29:43 [main] INFO  c.l.e.EmployeeOnboardingSystemApplication -
                Starting EmployeeOnboardingSystemApplication using Java 1.8.0_302 on LT-NB-449 with PID 1428 (C:\Users\sharathkumarraju.a\Downloads\demo\employee-onboarding-system\target\classes started by sharathkumarraju.a in C:\Users\sharathkumarraju.a\Downloads\demo\employee-onboarding-system)
2021-08-24 16:29:43 [main] DEBUG c.l.e.EmployeeOnboardingSystemApplication -
                Running with Spring Boot v2.5.3, Spring v5.3.9
2021-08-24 16:29:43 [main] INFO  c.l.e.EmployeeOnboardingSystemApplication -
                No active profile set, falling back to default profiles: default
2021-08-24 16:29:54 [main] INFO  c.l.e.EmployeeOnboardingSystemApplication -
                Started EmployeeOnboardingSystemApplication in 12.313 seconds (JVM running for 17.296)
2021-08-24 16:30:35 [main] INFO  c.l.e.EmployeeOnboardingSystemApplication -
                Starting EmployeeOnboardingSystemApplication using Java 1.8.0_302 on LT-NB-449 with PID 9260 (C:\Users\sharathkumarraju.a\Downloads\demo\employee-onboarding-system\target\classes started by sharathkumarraju.a in C:\Users\sharathkumarraju.a\Downloads\demo\employee-onboarding-system)
2021-08-24 16:30:35 [main] DEBUG c.l.e.EmployeeOnboardingSystemApplication -
                Running with Spring Boot v2.5.3, Spring v5.3.9
2021-08-24 16:30:35 [main] INFO  c.l.e.EmployeeOnboardingSystemApplication -
                No active profile set, falling back to default profiles: default
2021-08-24 16:30:50 [main] INFO  c.l.e.EmployeeOnboardingSystemApplication -
                Started EmployeeOnboardingSystemApplication in 18.971 seconds (JVM running for 24.755)
2021-08-24 16:31:38 [http-nio-8082-exec-3] INFO  c.l.e.controller.LoginController -
                trying to logging in with credentialscom.lister.employeeonboardingsystem.voobject.LoginInput@4f7bff52with uuida7ae8517-04ca-11ec-8b95-970e69ed7eb1
2021-08-24 16:31:38 [http-nio-8082-exec-3] INFO  c.l.e.service.UserService -
                tried to login with emailghouse123@gmail.comwith uuida7ae8517-04ca-11ec-8b95-970e69ed7eb1
2021-08-24 16:31:38 [http-nio-8082-exec-1] INFO  c.l.e.controller.EmployeeController -
                getting the employee details with id21with uuida7d43588-04ca-11ec-8b95-cb18bf51bda6
2021-08-24 16:31:38 [http-nio-8082-exec-1] INFO  c.l.e.service.DemographicsService -
                tried to retrieve employee details with id21with uuida7d43588-04ca-11ec-8b95-cb18bf51bda6
2021-08-24 16:31:38 [http-nio-8082-exec-4] INFO  c.l.e.controller.EmployeeController -
                getting the employee details with id21with uuida7ddab69-04ca-11ec-8b95-f54efeda471e
2021-08-24 16:31:38 [http-nio-8082-exec-4] INFO  c.l.e.service.DemographicsService -
                tried to retrieve employee details with id21with uuida7ddab69-04ca-11ec-8b95-f54efeda471e
2021-08-24 16:32:55 [http-nio-8082-exec-8] INFO  c.l.e.controller.EmployeeController -
                saving the employee details21with uuidd58598ca-04ca-11ec-8b95-b93785582d24
2021-08-24 16:33:43 [http-nio-8082-exec-8] INFO  c.l.e.service.DemographicsService -
                saving the employee details with uuidd58598ca-04ca-11ec-8b95-b93785582d24
2021-08-24 16:33:43 [http-nio-8082-exec-8] INFO  c.l.e.service.DemographicsService -
                tried to retrieve employee details with id21with uuidd58598ca-04ca-11ec-8b95-b93785582d24
