2021-08-11 07:25:05 [main] INFO  c.l.e.EmployeeOnboardingSystemApplication -
                Starting EmployeeOnboardingSystemApplication using Java 1.8.0_292 on LT-NB-449 with PID 13504 (C:\Users\sharathkumarraju.a\Downloads\demo\employee-onboarding-system\target\classes started by sharathkumarraju.a in C:\Users\sharathkumarraju.a\Downloads\demo\employee-onboarding-system)
2021-08-11 07:25:05 [main] DEBUG c.l.e.EmployeeOnboardingSystemApplication -
                Running with Spring Boot v2.5.3, Spring v5.3.9
2021-08-11 07:25:05 [main] INFO  c.l.e.EmployeeOnboardingSystemApplication -
                No active profile set, falling back to default profiles: default
2021-08-11 07:25:19 [main] INFO  c.l.e.EmployeeOnboardingSystemApplication -
                Started EmployeeOnboardingSystemApplication in 14.896 seconds (JVM running for 17.532)
2021-08-11 07:26:47 [http-nio-9091-exec-1] INFO  c.l.e.controller.Hr -
                Retrieving all employees
2021-08-11 07:26:47 [http-nio-9091-exec-1] INFO  c.l.e.service.DemographicsService -
                tried to retrieve all employee details
2021-08-11 07:27:15 [http-nio-9091-exec-3] DEBUG c.l.e.controller.Login -
                Request com.lister.employeeonboardingsystem.voobject.LoginInput@636d96e1
2021-08-11 07:27:15 [http-nio-9091-exec-3] INFO  c.l.e.service.UserService -
                tried to login with emailsharathrajuaddepalli@gmail.com
2021-08-11 07:27:15 [http-nio-9091-exec-3] DEBUG c.l.e.controller.Login -
                Response com.lister.employeeonboardingsystem.voobject.LoginResponseVo@7352d699
2021-08-11 07:27:15 [http-nio-9091-exec-5] INFO  c.l.e.controller.Hr -
                Retrieving all employees
2021-08-11 07:27:15 [http-nio-9091-exec-5] INFO  c.l.e.service.DemographicsService -
                tried to retrieve all employee details
2021-08-11 07:34:39 [main] INFO  c.l.e.EmployeeOnboardingSystemApplication -
                Starting EmployeeOnboardingSystemApplication using Java 1.8.0_292 on LT-NB-449 with PID 13032 (C:\Users\sharathkumarraju.a\Downloads\demo\employee-onboarding-system\target\classes started by sharathkumarraju.a in C:\Users\sharathkumarraju.a\Downloads\demo\employee-onboarding-system)
2021-08-11 07:34:39 [main] DEBUG c.l.e.EmployeeOnboardingSystemApplication -
                Running with Spring Boot v2.5.3, Spring v5.3.9
2021-08-11 07:34:39 [main] INFO  c.l.e.EmployeeOnboardingSystemApplication -
                No active profile set, falling back to default profiles: default
2021-08-11 07:34:50 [main] INFO  c.l.e.EmployeeOnboardingSystemApplication -
                Started EmployeeOnboardingSystemApplication in 11.967 seconds (JVM running for 14.69)
2021-08-11 07:34:58 [http-nio-9091-exec-1] DEBUG c.l.e.controller.Login -
                Request com.lister.employeeonboardingsystem.voobject.LoginInput@26f21860
2021-08-11 07:34:58 [http-nio-9091-exec-1] INFO  c.l.e.service.UserService -
                tried to login with emailsharathrajuaddepalli@gmail.com
2021-08-11 07:34:59 [http-nio-9091-exec-1] DEBUG c.l.e.controller.Login -
                Response com.lister.employeeonboardingsystem.voobject.LoginResponseVo@38158c67
2021-08-11 07:34:59 [http-nio-9091-exec-2] INFO  c.l.e.controller.Hr -
                Retrieving all employees
2021-08-11 07:34:59 [http-nio-9091-exec-2] INFO  c.l.e.service.DemographicsService -
                tried to retrieve all employee details
2021-08-11 07:59:13 [main] INFO  c.l.e.EmployeeOnboardingSystemApplication -
                Starting EmployeeOnboardingSystemApplication using Java 1.8.0_292 on LT-NB-449 with PID 4968 (C:\Users\sharathkumarraju.a\Downloads\demo\employee-onboarding-system\target\classes started by sharathkumarraju.a in C:\Users\sharathkumarraju.a\Downloads\demo\employee-onboarding-system)
2021-08-11 07:59:13 [main] DEBUG c.l.e.EmployeeOnboardingSystemApplication -
                Running with Spring Boot v2.5.3, Spring v5.3.9
2021-08-11 07:59:13 [main] INFO  c.l.e.EmployeeOnboardingSystemApplication -
                No active profile set, falling back to default profiles: default
2021-08-11 07:59:27 [main] INFO  c.l.e.EmployeeOnboardingSystemApplication -
                Started EmployeeOnboardingSystemApplication in 13.879 seconds (JVM running for 16.733)
2021-08-11 07:59:31 [http-nio-9091-exec-1] INFO  c.l.e.controller.Hr -
                Retrieving all employees
2021-08-11 07:59:31 [http-nio-9091-exec-1] INFO  c.l.e.service.DemographicsService -
                tried to retrieve all employee details
2021-08-11 08:00:07 [http-nio-9091-exec-3] INFO  c.l.e.controller.Hr -
                Retrieving all employees
2021-08-11 08:00:07 [http-nio-9091-exec-3] INFO  c.l.e.service.DemographicsService -
                tried to retrieve all employee details
2021-08-11 08:00:15 [http-nio-9091-exec-5] INFO  c.l.e.controller.Hr -
                retreivina all roles
2021-08-11 08:01:52 [http-nio-9091-exec-7] INFO  c.l.e.controller.Hr -
                retreivina all roles
2021-08-11 08:03:32 [http-nio-9091-exec-9] INFO  c.l.e.controller.Hr -
                retreivina all roles
2021-08-11 08:21:04 [http-nio-9091-exec-1] INFO  c.l.e.controller.Hr -
                retreivina all roles
2021-08-11 08:22:22 [http-nio-9091-exec-3] INFO  c.l.e.controller.Hr -
                retreivina all roles
2021-08-11 08:24:04 [http-nio-9091-exec-5] INFO  c.l.e.controller.Hr -
                Retrieving all employees
2021-08-11 08:24:04 [http-nio-9091-exec-5] INFO  c.l.e.service.DemographicsService -
                tried to retrieve all employee details
2021-08-11 08:24:05 [http-nio-9091-exec-6] INFO  c.l.e.controller.Hr -
                Retrieving all employees
2021-08-11 08:24:05 [http-nio-9091-exec-6] INFO  c.l.e.service.DemographicsService -
                tried to retrieve all employee details
2021-08-11 08:24:10 [http-nio-9091-exec-7] INFO  c.l.e.controller.Hr -
                retreivina all roles
2021-08-11 08:24:25 [http-nio-9091-exec-9] INFO  c.l.e.controller.Hr -
                Inviting the employeeswaroopdasa@gmail.com
2021-08-11 08:24:25 [http-nio-9091-exec-9] INFO  c.l.e.service.Invite -
                tried to add new user with email idswaroopdasa@gmail.com
2021-08-11 08:24:25 [http-nio-9091-exec-9] ERROR c.l.e.e.GlobalExceptionHandler -
                error occured not customnull
2021-08-11 08:26:23 [main] INFO  c.l.e.EmployeeOnboardingSystemApplication -
                Starting EmployeeOnboardingSystemApplication using Java 1.8.0_292 on LT-NB-449 with PID 10540 (C:\Users\sharathkumarraju.a\Downloads\demo\employee-onboarding-system\target\classes started by sharathkumarraju.a in C:\Users\sharathkumarraju.a\Downloads\demo\employee-onboarding-system)
2021-08-11 08:26:23 [main] DEBUG c.l.e.EmployeeOnboardingSystemApplication -
                Running with Spring Boot v2.5.3, Spring v5.3.9
2021-08-11 08:26:23 [main] INFO  c.l.e.EmployeeOnboardingSystemApplication -
                No active profile set, falling back to default profiles: default
2021-08-11 08:27:41 [main] INFO  c.l.e.EmployeeOnboardingSystemApplication -
                Starting EmployeeOnboardingSystemApplication using Java 1.8.0_292 on LT-NB-449 with PID 12368 (C:\Users\sharathkumarraju.a\Downloads\demo\employee-onboarding-system\target\classes started by sharathkumarraju.a in C:\Users\sharathkumarraju.a\Downloads\demo\employee-onboarding-system)
2021-08-11 08:27:42 [main] DEBUG c.l.e.EmployeeOnboardingSystemApplication -
                Running with Spring Boot v2.5.3, Spring v5.3.9
2021-08-11 08:27:42 [main] INFO  c.l.e.EmployeeOnboardingSystemApplication -
                No active profile set, falling back to default profiles: default
2021-08-11 08:28:57 [main] INFO  c.l.e.EmployeeOnboardingSystemApplication -
                Starting EmployeeOnboardingSystemApplication using Java 1.8.0_292 on LT-NB-449 with PID 12720 (C:\Users\sharathkumarraju.a\Downloads\demo\employee-onboarding-system\target\classes started by sharathkumarraju.a in C:\Users\sharathkumarraju.a\Downloads\demo\employee-onboarding-system)
2021-08-11 08:28:57 [main] DEBUG c.l.e.EmployeeOnboardingSystemApplication -
                Running with Spring Boot v2.5.3, Spring v5.3.9
2021-08-11 08:28:57 [main] INFO  c.l.e.EmployeeOnboardingSystemApplication -
                No active profile set, falling back to default profiles: default
2021-08-11 08:29:06 [main] INFO  c.l.e.EmployeeOnboardingSystemApplication -
                Started EmployeeOnboardingSystemApplication in 9.755 seconds (JVM running for 12.881)
2021-08-11 08:29:35 [http-nio-9090-exec-1] INFO  c.l.e.controller.Hr -
                Retrieving all employees
2021-08-11 08:29:35 [http-nio-9090-exec-1] INFO  c.l.e.service.DemographicsService -
                tried to retrieve all employee details
2021-08-11 08:29:35 [http-nio-9090-exec-3] INFO  c.l.e.controller.Hr -
                Retrieving all employees
2021-08-11 08:29:35 [http-nio-9090-exec-3] INFO  c.l.e.service.DemographicsService -
                tried to retrieve all employee details
2021-08-11 08:29:42 [http-nio-9090-exec-2] INFO  c.l.e.controller.Hr -
                retreivina all roles
2021-08-11 08:30:20 [http-nio-9090-exec-7] INFO  c.l.e.controller.Hr -
                Inviting the employeeswaroopdasa@gmail.com
2021-08-11 08:30:20 [http-nio-9090-exec-7] INFO  c.l.e.service.Invite -
                tried to add new user with email idswaroopdasa@gmail.com
2021-08-11 08:30:20 [http-nio-9090-exec-7] ERROR c.l.e.e.GlobalExceptionHandler -
                error occured not customnull
2021-08-11 08:33:56 [main] INFO  c.l.e.EmployeeOnboardingSystemApplication -
                Starting EmployeeOnboardingSystemApplication using Java 1.8.0_292 on LT-NB-449 with PID 856 (C:\Users\sharathkumarraju.a\Downloads\demo\employee-onboarding-system\target\classes started by sharathkumarraju.a in C:\Users\sharathkumarraju.a\Downloads\demo\employee-onboarding-system)
2021-08-11 08:33:56 [main] DEBUG c.l.e.EmployeeOnboardingSystemApplication -
                Running with Spring Boot v2.5.3, Spring v5.3.9
2021-08-11 08:33:56 [main] INFO  c.l.e.EmployeeOnboardingSystemApplication -
                No active profile set, falling back to default profiles: default
2021-08-11 08:34:04 [main] INFO  c.l.e.EmployeeOnboardingSystemApplication -
                Started EmployeeOnboardingSystemApplication in 9.572 seconds (JVM running for 12.258)
2021-08-11 08:34:12 [http-nio-9090-exec-1] INFO  c.l.e.controller.Hr -
                Inviting the employeeswaroopdasa@gmail.com
2021-08-11 08:34:12 [http-nio-9090-exec-1] INFO  c.l.e.service.Invite -
                tried to add new user with email idswaroopdasa@gmail.com
2021-08-11 08:34:12 [http-nio-9090-exec-1] ERROR c.l.e.e.GlobalExceptionHandler -
                error occured not customnull
2021-08-11 08:35:59 [main] INFO  c.l.e.EmployeeOnboardingSystemApplication -
                Starting EmployeeOnboardingSystemApplication using Java 1.8.0_292 on LT-NB-449 with PID 7264 (C:\Users\sharathkumarraju.a\Downloads\demo\employee-onboarding-system\target\classes started by sharathkumarraju.a in C:\Users\sharathkumarraju.a\Downloads\demo\employee-onboarding-system)
2021-08-11 08:35:59 [main] DEBUG c.l.e.EmployeeOnboardingSystemApplication -
                Running with Spring Boot v2.5.3, Spring v5.3.9
2021-08-11 08:35:59 [main] INFO  c.l.e.EmployeeOnboardingSystemApplication -
                No active profile set, falling back to default profiles: default
2021-08-11 08:36:08 [main] INFO  c.l.e.EmployeeOnboardingSystemApplication -
                Started EmployeeOnboardingSystemApplication in 9.283 seconds (JVM running for 12.013)
2021-08-11 08:36:22 [http-nio-9090-exec-1] INFO  c.l.e.controller.Hr -
                Retrieving all employees
2021-08-11 08:36:22 [http-nio-9090-exec-1] INFO  c.l.e.service.DemographicsService -
                tried to retrieve all employee details
2021-08-11 08:36:24 [http-nio-9090-exec-3] INFO  c.l.e.controller.Hr -
                retreivina all roles
2021-08-11 08:36:54 [http-nio-9090-exec-2] INFO  c.l.e.controller.Hr -
                Inviting the employeeswaroopdasa@gmail.com
2021-08-11 08:36:54 [http-nio-9090-exec-2] INFO  c.l.e.service.Invite -
                tried to add new user with email idswaroopdasa@gmail.com
2021-08-11 08:37:13 [http-nio-9090-exec-4] INFO  c.l.e.controller.Hr -
                Inviting the employeeswaroopdasa@gmail.com
2021-08-11 08:37:13 [http-nio-9090-exec-4] INFO  c.l.e.service.Invite -
                tried to add new user with email idswaroopdasa@gmail.com
2021-08-11 08:40:55 [main] INFO  c.l.e.EmployeeOnboardingSystemApplication -
                Starting EmployeeOnboardingSystemApplication using Java 1.8.0_292 on LT-NB-449 with PID 13924 (C:\Users\sharathkumarraju.a\Downloads\demo\employee-onboarding-system\target\classes started by sharathkumarraju.a in C:\Users\sharathkumarraju.a\Downloads\demo\employee-onboarding-system)
2021-08-11 08:40:55 [main] DEBUG c.l.e.EmployeeOnboardingSystemApplication -
                Running with Spring Boot v2.5.3, Spring v5.3.9
2021-08-11 08:40:55 [main] INFO  c.l.e.EmployeeOnboardingSystemApplication -
                No active profile set, falling back to default profiles: default
2021-08-11 08:41:04 [main] INFO  c.l.e.EmployeeOnboardingSystemApplication -
                Started EmployeeOnboardingSystemApplication in 9.165 seconds (JVM running for 11.217)
2021-08-11 08:41:28 [http-nio-9090-exec-1] INFO  c.l.e.controller.Hr -
                Retrieving all employees
2021-08-11 08:41:28 [http-nio-9090-exec-1] INFO  c.l.e.service.DemographicsService -
                tried to retrieve all employee details
2021-08-11 08:41:37 [http-nio-9090-exec-2] INFO  c.l.e.controller.Hr -
                retreivina all roles
2021-08-11 08:42:02 [http-nio-9090-exec-3] INFO  c.l.e.controller.Hr -
                Inviting the employeeswaroop@gmail.com
2021-08-11 08:42:02 [http-nio-9090-exec-3] INFO  c.l.e.service.Invite -
                tried to add new user with email idswaroop@gmail.com
2021-08-11 08:43:28 [main] INFO  c.l.e.EmployeeOnboardingSystemApplication -
                Starting EmployeeOnboardingSystemApplication using Java 1.8.0_292 on LT-NB-449 with PID 17732 (C:\Users\sharathkumarraju.a\Downloads\demo\employee-onboarding-system\target\classes started by sharathkumarraju.a in C:\Users\sharathkumarraju.a\Downloads\demo\employee-onboarding-system)
2021-08-11 08:43:28 [main] DEBUG c.l.e.EmployeeOnboardingSystemApplication -
                Running with Spring Boot v2.5.3, Spring v5.3.9
2021-08-11 08:43:28 [main] INFO  c.l.e.EmployeeOnboardingSystemApplication -
                No active profile set, falling back to default profiles: default
2021-08-11 08:43:39 [main] INFO  c.l.e.EmployeeOnboardingSystemApplication -
                Started EmployeeOnboardingSystemApplication in 11.447 seconds (JVM running for 14.661)
2021-08-11 08:44:30 [http-nio-9090-exec-1] INFO  c.l.e.controller.Hr -
                Retrieving all employees
2021-08-11 08:44:30 [http-nio-9090-exec-1] INFO  c.l.e.service.DemographicsService -
                tried to retrieve all employee details
2021-08-11 08:44:31 [http-nio-9090-exec-3] INFO  c.l.e.controller.Hr -
                retreivina all roles
2021-08-11 08:49:23 [http-nio-9090-exec-6] INFO  c.l.e.controller.Hr -
                Inviting the employeeswaroopdasa@gmail.com
2021-08-11 08:49:23 [http-nio-9090-exec-6] INFO  c.l.e.service.Invite -
                tried to add new user with email idswaroopdasa@gmail.com
2021-08-11 08:50:52 [main] INFO  c.l.e.EmployeeOnboardingSystemApplication -
                Starting EmployeeOnboardingSystemApplication using Java 1.8.0_292 on LT-NB-449 with PID 2128 (C:\Users\sharathkumarraju.a\Downloads\demo\employee-onboarding-system\target\classes started by sharathkumarraju.a in C:\Users\sharathkumarraju.a\Downloads\demo\employee-onboarding-system)
2021-08-11 08:50:52 [main] DEBUG c.l.e.EmployeeOnboardingSystemApplication -
                Running with Spring Boot v2.5.3, Spring v5.3.9
2021-08-11 08:50:52 [main] INFO  c.l.e.EmployeeOnboardingSystemApplication -
                No active profile set, falling back to default profiles: default
2021-08-11 08:51:01 [main] INFO  c.l.e.EmployeeOnboardingSystemApplication -
                Started EmployeeOnboardingSystemApplication in 9.809 seconds (JVM running for 12.201)
2021-08-11 08:52:05 [http-nio-9091-exec-1] DEBUG c.l.e.controller.Login -
                Request com.lister.employeeonboardingsystem.voobject.LoginInput@7805c711
2021-08-11 08:52:05 [http-nio-9091-exec-1] INFO  c.l.e.service.UserService -
                tried to login with emailsharathrajuaddepalli@gmail.com
2021-08-11 08:52:06 [http-nio-9091-exec-1] DEBUG c.l.e.controller.Login -
                Response com.lister.employeeonboardingsystem.voobject.LoginResponseVo@3a39b06e
2021-08-11 08:52:06 [http-nio-9090-exec-1] INFO  c.l.e.controller.Hr -
                Retrieving all employees
2021-08-11 08:52:06 [http-nio-9090-exec-1] INFO  c.l.e.service.DemographicsService -
                tried to retrieve all employee details
2021-08-11 08:52:11 [http-nio-9090-exec-2] INFO  c.l.e.controller.Hr -
                retreivina all roles
2021-08-11 08:52:33 [http-nio-9090-exec-4] INFO  c.l.e.controller.Hr -
                Inviting the employeeswaroopdasa@gmail.com
2021-08-11 08:52:33 [http-nio-9090-exec-4] INFO  c.l.e.service.Invite -
                tried to add new user with email idswaroopdasa@gmail.com
2021-08-11 08:54:57 [http-nio-9090-exec-8] INFO  c.l.e.controller.Hr -
                Inviting the employeeswaroopdasa@gmail.com
2021-08-11 08:54:57 [http-nio-9090-exec-8] INFO  c.l.e.service.Invite -
                tried to add new user with email idswaroopdasa@gmail.com
2021-08-11 08:54:57 [http-nio-9090-exec-8] INFO  c.l.e.service.DemographicsService -
                trying to generate the code
2021-08-11 08:54:58 [http-nio-9090-exec-8] INFO  c.l.e.service.DemographicsService -
                save Demographics called successfully when savingLIS2401
2021-08-11 09:00:43 [main] INFO  c.l.e.EmployeeOnboardingSystemApplication -
                Starting EmployeeOnboardingSystemApplication using Java 1.8.0_292 on LT-NB-449 with PID 4180 (C:\Users\sharathkumarraju.a\Downloads\demo\employee-onboarding-system\target\classes started by sharathkumarraju.a in C:\Users\sharathkumarraju.a\Downloads\demo\employee-onboarding-system)
2021-08-11 09:00:43 [main] DEBUG c.l.e.EmployeeOnboardingSystemApplication -
                Running with Spring Boot v2.5.3, Spring v5.3.9
2021-08-11 09:00:43 [main] INFO  c.l.e.EmployeeOnboardingSystemApplication -
                No active profile set, falling back to default profiles: default
2021-08-11 09:00:58 [main] INFO  c.l.e.EmployeeOnboardingSystemApplication -
                Started EmployeeOnboardingSystemApplication in 15.564 seconds (JVM running for 18.666)
2021-08-11 09:01:23 [http-nio-9093-exec-2] INFO  c.l.e.controller.Hr -
                Retrieving all employees
2021-08-11 09:01:23 [http-nio-9093-exec-2] INFO  c.l.e.service.DemographicsService -
                tried to retrieve all employee details
2021-08-11 09:01:45 [http-nio-9093-exec-4] INFO  c.l.e.controller.Hr -
                retreivina all roles
2021-08-11 09:02:33 [http-nio-9093-exec-5] INFO  c.l.e.controller.Hr -
                Inviting the employeepavansiri@gmail.com
2021-08-11 09:02:33 [http-nio-9093-exec-5] INFO  c.l.e.service.Invite -
                tried to add new user with email idpavansiri@gmail.com
2021-08-11 09:05:52 [main] INFO  c.l.e.EmployeeOnboardingSystemApplication -
                Starting EmployeeOnboardingSystemApplication using Java 1.8.0_292 on LT-NB-449 with PID 17424 (C:\Users\sharathkumarraju.a\Downloads\demo\employee-onboarding-system\target\classes started by sharathkumarraju.a in C:\Users\sharathkumarraju.a\Downloads\demo\employee-onboarding-system)
2021-08-11 09:05:52 [main] DEBUG c.l.e.EmployeeOnboardingSystemApplication -
                Running with Spring Boot v2.5.3, Spring v5.3.9
2021-08-11 09:05:52 [main] INFO  c.l.e.EmployeeOnboardingSystemApplication -
                No active profile set, falling back to default profiles: default
2021-08-11 09:06:02 [main] INFO  c.l.e.EmployeeOnboardingSystemApplication -
                Started EmployeeOnboardingSystemApplication in 10.822 seconds (JVM running for 13.157)
2021-08-11 09:06:12 [http-nio-9093-exec-1] INFO  c.l.e.controller.Hr -
                Inviting the employeepavansiri@gmail.com
2021-08-11 09:06:12 [http-nio-9093-exec-1] INFO  c.l.e.service.Invite -
                tried to add new user with email idpavansiri@gmail.com
2021-08-11 09:06:12 [http-nio-9093-exec-1] INFO  c.l.e.service.DemographicsService -
                trying to generate the code
2021-08-11 09:06:12 [http-nio-9093-exec-1] INFO  c.l.e.service.DemographicsService -
                save Demographics called successfully when savingLIS2402
2021-08-11 09:14:00 [http-nio-9093-exec-3] INFO  c.l.e.controller.Hr -
                Retrieving all employees
2021-08-11 09:14:00 [http-nio-9093-exec-3] INFO  c.l.e.service.DemographicsService -
                tried to retrieve all employee details
2021-08-11 09:17:41 [http-nio-9093-exec-5] INFO  c.l.e.controller.Hr -
                Retrieving all employees
2021-08-11 09:17:41 [http-nio-9093-exec-5] INFO  c.l.e.service.DemographicsService -
                tried to retrieve all employee details
2021-08-11 09:17:42 [http-nio-9093-exec-4] INFO  c.l.e.controller.Hr -
                Retrieving all employees
2021-08-11 09:17:42 [http-nio-9093-exec-4] INFO  c.l.e.service.DemographicsService -
                tried to retrieve all employee details
2021-08-11 09:17:43 [http-nio-9093-exec-7] INFO  c.l.e.controller.Hr -
                Retrieving all employees
2021-08-11 09:17:43 [http-nio-9093-exec-7] INFO  c.l.e.service.DemographicsService -
                tried to retrieve all employee details
2021-08-11 09:22:03 [http-nio-9093-exec-9] INFO  c.l.e.controller.Hr -
                Retrieving all employees
2021-08-11 09:22:03 [http-nio-9093-exec-9] INFO  c.l.e.service.DemographicsService -
                tried to retrieve all employee details
2021-08-11 09:22:04 [http-nio-9093-exec-10] INFO  c.l.e.controller.Hr -
                Retrieving all employees
2021-08-11 09:22:04 [http-nio-9093-exec-10] INFO  c.l.e.service.DemographicsService -
                tried to retrieve all employee details
2021-08-11 09:22:05 [http-nio-9093-exec-1] INFO  c.l.e.controller.Hr -
                Retrieving all employees
2021-08-11 09:22:05 [http-nio-9093-exec-1] INFO  c.l.e.service.DemographicsService -
                tried to retrieve all employee details
2021-08-11 09:22:20 [http-nio-9093-exec-3] INFO  c.l.e.controller.Hr -
                Retrieving all employees
2021-08-11 09:22:20 [http-nio-9093-exec-3] INFO  c.l.e.service.DemographicsService -
                tried to retrieve all employee details
2021-08-11 11:11:55 [http-nio-9093-exec-5] INFO  c.l.e.controller.Hr -
                Retrieving all employees
2021-08-11 11:11:55 [http-nio-9093-exec-5] INFO  c.l.e.service.DemographicsService -
                tried to retrieve all employee details
2021-08-11 11:11:57 [http-nio-9093-exec-4] INFO  c.l.e.controller.Hr -
                Retrieving all employees
2021-08-11 11:11:57 [http-nio-9093-exec-4] INFO  c.l.e.service.DemographicsService -
                tried to retrieve all employee details
2021-08-11 11:11:57 [http-nio-9093-exec-7] INFO  c.l.e.controller.Hr -
                Retrieving all employees
2021-08-11 11:11:57 [http-nio-9093-exec-7] INFO  c.l.e.service.DemographicsService -
                tried to retrieve all employee details
2021-08-11 12:22:54 [main] INFO  c.l.e.EmployeeOnboardingSystemApplication -
                Starting EmployeeOnboardingSystemApplication using Java 1.8.0_292 on LT-NB-449 with PID 9152 (C:\Users\sharathkumarraju.a\Downloads\demo\employee-onboarding-system\target\classes started by sharathkumarraju.a in C:\Users\sharathkumarraju.a\Downloads\demo\employee-onboarding-system)
2021-08-11 12:22:54 [main] DEBUG c.l.e.EmployeeOnboardingSystemApplication -
                Running with Spring Boot v2.5.3, Spring v5.3.9
2021-08-11 12:22:54 [main] INFO  c.l.e.EmployeeOnboardingSystemApplication -
                No active profile set, falling back to default profiles: default
2021-08-11 12:27:05 [main] INFO  c.l.e.EmployeeOnboardingSystemApplication -
                Starting EmployeeOnboardingSystemApplication using Java 1.8.0_292 on LT-NB-449 with PID 10136 (C:\Users\sharathkumarraju.a\Downloads\demo\employee-onboarding-system\target\classes started by sharathkumarraju.a in C:\Users\sharathkumarraju.a\Downloads\demo\employee-onboarding-system)
2021-08-11 12:27:05 [main] DEBUG c.l.e.EmployeeOnboardingSystemApplication -
                Running with Spring Boot v2.5.3, Spring v5.3.9
2021-08-11 12:27:05 [main] INFO  c.l.e.EmployeeOnboardingSystemApplication -
                No active profile set, falling back to default profiles: default
2021-08-11 12:27:14 [main] INFO  c.l.e.EmployeeOnboardingSystemApplication -
                Started EmployeeOnboardingSystemApplication in 9.921 seconds (JVM running for 12.737)
2021-08-11 12:28:20 [http-nio-9091-exec-4] DEBUG c.l.e.controller.Login -
                Request com.lister.employeeonboardingsystem.voobject.LoginInput@194b3de4
2021-08-11 12:28:20 [http-nio-9091-exec-4] INFO  c.l.e.service.UserService -
                tried to login with emailsharathrajuaddepalli@gmail.com
2021-08-11 12:28:20 [http-nio-9091-exec-4] DEBUG c.l.e.controller.Login -
                Response com.lister.employeeonboardingsystem.voobject.LoginResponseVo@4b15dcfa
2021-08-11 12:28:20 [http-nio-9094-exec-1] INFO  c.l.e.controller.Hr -
                Retrieving all employees
2021-08-11 12:28:20 [http-nio-9094-exec-1] INFO  c.l.e.service.DemographicsService -
                tried to retrieve all employee details
2021-08-11 12:30:19 [main] INFO  c.l.e.EmployeeOnboardingSystemApplication -
                Starting EmployeeOnboardingSystemApplication using Java 1.8.0_292 on LT-NB-449 with PID 15816 (C:\Users\sharathkumarraju.a\Downloads\demo\employee-onboarding-system\target\classes started by sharathkumarraju.a in C:\Users\sharathkumarraju.a\Downloads\demo\employee-onboarding-system)
2021-08-11 12:30:19 [main] DEBUG c.l.e.EmployeeOnboardingSystemApplication -
                Running with Spring Boot v2.5.3, Spring v5.3.9
2021-08-11 12:30:19 [main] INFO  c.l.e.EmployeeOnboardingSystemApplication -
                No active profile set, falling back to default profiles: default
2021-08-11 12:30:30 [main] INFO  c.l.e.EmployeeOnboardingSystemApplication -
                Started EmployeeOnboardingSystemApplication in 12.114 seconds (JVM running for 15.38)
2021-08-11 12:30:38 [http-nio-9094-exec-1] INFO  c.l.e.controller.Hr -
                Retrieving all employees
2021-08-11 12:30:38 [http-nio-9094-exec-1] INFO  c.l.e.service.DemographicsService -
                tried to retrieve all employee details
2021-08-11 12:32:07 [http-nio-9094-exec-3] INFO  c.l.e.controller.Hr -
                Retrieving all employees
2021-08-11 12:32:07 [http-nio-9094-exec-3] INFO  c.l.e.service.DemographicsService -
                tried to retrieve all employee details
2021-08-11 15:40:04 [main] INFO  c.l.e.EmployeeOnboardingSystemApplication -
                Starting EmployeeOnboardingSystemApplication using Java 1.8.0_292 on LT-NB-449 with PID 21464 (C:\Users\sharathkumarraju.a\Downloads\demo\employee-onboarding-system\target\classes started by sharathkumarraju.a in C:\Users\sharathkumarraju.a\Downloads\demo\employee-onboarding-system)
2021-08-11 15:40:04 [main] DEBUG c.l.e.EmployeeOnboardingSystemApplication -
                Running with Spring Boot v2.5.3, Spring v5.3.9
2021-08-11 15:40:04 [main] INFO  c.l.e.EmployeeOnboardingSystemApplication -
                No active profile set, falling back to default profiles: default
2021-08-11 15:40:10 [main] INFO  c.l.e.EmployeeOnboardingSystemApplication -
                Started EmployeeOnboardingSystemApplication in 6.307 seconds (JVM running for 8.235)
2021-08-11 15:42:31 [http-nio-9094-exec-1] INFO  c.l.e.controller.Hr -
                Retrieving all employees
2021-08-11 15:42:31 [http-nio-9094-exec-1] INFO  c.l.e.service.DemographicsService -
                tried to retrieve all employee details
2021-08-11 15:43:40 [main] INFO  c.l.e.EmployeeOnboardingSystemApplication -
                Starting EmployeeOnboardingSystemApplication using Java 1.8.0_292 on LT-NB-449 with PID 18144 (C:\Users\sharathkumarraju.a\Downloads\demo\employee-onboarding-system\target\classes started by sharathkumarraju.a in C:\Users\sharathkumarraju.a\Downloads\demo\employee-onboarding-system)
2021-08-11 15:43:40 [main] DEBUG c.l.e.EmployeeOnboardingSystemApplication -
                Running with Spring Boot v2.5.3, Spring v5.3.9
2021-08-11 15:43:40 [main] INFO  c.l.e.EmployeeOnboardingSystemApplication -
                No active profile set, falling back to default profiles: default
2021-08-11 15:43:48 [main] INFO  c.l.e.EmployeeOnboardingSystemApplication -
                Started EmployeeOnboardingSystemApplication in 9.226 seconds (JVM running for 12.843)
2021-08-11 15:43:54 [http-nio-9094-exec-1] INFO  c.l.e.controller.Hr -
                Retrieving all employees
2021-08-11 15:43:54 [http-nio-9094-exec-1] INFO  c.l.e.service.DemographicsService -
                tried to retrieve all employee details
2021-08-11 15:46:45 [http-nio-9094-exec-5] INFO  c.l.e.controller.Hr -
                Retrieving all employees
2021-08-11 15:46:45 [http-nio-9094-exec-5] INFO  c.l.e.service.DemographicsService -
                tried to retrieve all employee details
2021-08-11 15:46:49 [http-nio-9094-exec-10] INFO  c.l.e.controller.Hr -
                Updating the status with id1
2021-08-11 15:46:49 [http-nio-9094-exec-10] INFO  c.l.e.service.DemographicsService -
                update Status function called successfully when trying toapproveemployee with id1
2021-08-11 15:46:49 [http-nio-9094-exec-10] INFO  c.l.e.service.DemographicsService -
                tried to retrieve employee details with id1
2021-08-11 15:46:49 [http-nio-9094-exec-10] ERROR c.l.e.service.DemographicsService -
                invalid action sent : approve
2021-08-11 15:47:58 [main] INFO  c.l.e.EmployeeOnboardingSystemApplication -
                Starting EmployeeOnboardingSystemApplication using Java 1.8.0_292 on LT-NB-449 with PID 10136 (C:\Users\sharathkumarraju.a\Downloads\demo\employee-onboarding-system\target\classes started by sharathkumarraju.a in C:\Users\sharathkumarraju.a\Downloads\demo\employee-onboarding-system)
2021-08-11 15:47:58 [main] DEBUG c.l.e.EmployeeOnboardingSystemApplication -
                Running with Spring Boot v2.5.3, Spring v5.3.9
2021-08-11 15:47:58 [main] INFO  c.l.e.EmployeeOnboardingSystemApplication -
                No active profile set, falling back to default profiles: default
2021-08-11 15:48:04 [main] INFO  c.l.e.EmployeeOnboardingSystemApplication -
                Started EmployeeOnboardingSystemApplication in 6.792 seconds (JVM running for 9.638)
2021-08-11 15:48:13 [http-nio-9094-exec-1] INFO  c.l.e.controller.Hr -
                Retrieving all employees
2021-08-11 15:48:13 [http-nio-9094-exec-1] INFO  c.l.e.service.DemographicsService -
                tried to retrieve all employee details
2021-08-11 15:48:16 [http-nio-9094-exec-2] INFO  c.l.e.controller.Hr -
                Updating the status with id1
2021-08-11 15:48:16 [http-nio-9094-exec-2] INFO  c.l.e.service.DemographicsService -
                update Status function called successfully when trying toapproveemployee with id1
2021-08-11 15:48:16 [http-nio-9094-exec-2] INFO  c.l.e.service.DemographicsService -
                tried to retrieve employee details with id1
2021-08-11 15:48:46 [http-nio-9094-exec-4] INFO  c.l.e.controller.Hr -
                Retrieving all employees
2021-08-11 15:48:46 [http-nio-9094-exec-4] INFO  c.l.e.service.DemographicsService -
                tried to retrieve all employee details
2021-08-11 16:06:48 [main] INFO  c.l.e.EmployeeOnboardingSystemApplication -
                Starting EmployeeOnboardingSystemApplication using Java 1.8.0_292 on LT-NB-449 with PID 21012 (C:\Users\sharathkumarraju.a\Downloads\demo\employee-onboarding-system\target\classes started by sharathkumarraju.a in C:\Users\sharathkumarraju.a\Downloads\demo\employee-onboarding-system)
2021-08-11 16:06:48 [main] DEBUG c.l.e.EmployeeOnboardingSystemApplication -
                Running with Spring Boot v2.5.3, Spring v5.3.9
2021-08-11 16:06:48 [main] INFO  c.l.e.EmployeeOnboardingSystemApplication -
                No active profile set, falling back to default profiles: default
2021-08-11 16:06:56 [main] INFO  c.l.e.EmployeeOnboardingSystemApplication -
                Started EmployeeOnboardingSystemApplication in 9.905 seconds (JVM running for 13.71)
2021-08-11 16:07:07 [http-nio-9094-exec-1] INFO  c.l.e.controller.Hr -
                Retrieving all employees
2021-08-11 16:07:07 [http-nio-9094-exec-1] INFO  c.l.e.service.DemographicsService -
                tried to retrieve all employee details
2021-08-11 16:11:04 [http-nio-9094-exec-5] INFO  c.l.e.controller.Hr -
                Retrieving all employees
2021-08-11 16:11:04 [http-nio-9094-exec-5] INFO  c.l.e.service.DemographicsService -
                tried to retrieve all employee details
2021-08-11 16:12:05 [http-nio-9094-exec-7] INFO  c.l.e.controller.Hr -
                Retrieving all employees
2021-08-11 16:12:05 [http-nio-9094-exec-7] INFO  c.l.e.service.DemographicsService -
                tried to retrieve all employee details
2021-08-11 16:12:20 [http-nio-9094-exec-9] INFO  c.l.e.controller.Hr -
                Retrieving all employees
2021-08-11 16:12:20 [http-nio-9094-exec-9] INFO  c.l.e.service.DemographicsService -
                tried to retrieve all employee details
2021-08-11 16:12:37 [http-nio-9094-exec-1] INFO  c.l.e.controller.Hr -
                Retrieving all employees
2021-08-11 16:12:37 [http-nio-9094-exec-1] INFO  c.l.e.service.DemographicsService -
                tried to retrieve all employee details
2021-08-11 16:12:46 [http-nio-9094-exec-3] INFO  c.l.e.controller.Hr -
                Retrieving all employees
2021-08-11 16:12:46 [http-nio-9094-exec-3] INFO  c.l.e.service.DemographicsService -
                tried to retrieve all employee details
2021-08-11 16:12:49 [http-nio-9094-exec-5] INFO  c.l.e.controller.Hr -
                notifying the employee
2021-08-11 16:12:49 [http-nio-9094-exec-5] INFO  c.l.e.service.EmailService -
                tried to send mail toswaroopdasa@gmail.com
2021-08-11 17:10:12 [main] INFO  c.l.e.EmployeeOnboardingSystemApplication -
                Starting EmployeeOnboardingSystemApplication using Java 1.8.0_292 on LT-NB-449 with PID 6208 (C:\Users\sharathkumarraju.a\Downloads\demo\employee-onboarding-system\target\classes started by sharathkumarraju.a in C:\Users\sharathkumarraju.a\Downloads\demo\employee-onboarding-system)
2021-08-11 17:10:12 [main] DEBUG c.l.e.EmployeeOnboardingSystemApplication -
                Running with Spring Boot v2.5.3, Spring v5.3.9
2021-08-11 17:10:12 [main] INFO  c.l.e.EmployeeOnboardingSystemApplication -
                No active profile set, falling back to default profiles: default
2021-08-11 17:11:34 [http-nio-9094-exec-7] INFO  c.l.e.controller.Hr -
                Retrieving all employees
2021-08-11 17:11:34 [http-nio-9094-exec-7] INFO  c.l.e.service.DemographicsService -
                tried to retrieve all employee details
2021-08-11 17:11:51 [http-nio-9094-exec-9] INFO  c.l.e.controller.Hr -
                Retrieving all employees
2021-08-11 17:11:51 [http-nio-9094-exec-9] INFO  c.l.e.service.DemographicsService -
                tried to retrieve all employee details
2021-08-11 17:12:25 [main] INFO  c.l.e.EmployeeOnboardingSystemApplication -
                Starting EmployeeOnboardingSystemApplication using Java 1.8.0_292 on LT-NB-449 with PID 11524 (C:\Users\sharathkumarraju.a\Downloads\demo\employee-onboarding-system\target\classes started by sharathkumarraju.a in C:\Users\sharathkumarraju.a\Downloads\demo\employee-onboarding-system)
2021-08-11 17:12:25 [main] DEBUG c.l.e.EmployeeOnboardingSystemApplication -
                Running with Spring Boot v2.5.3, Spring v5.3.9
2021-08-11 17:12:25 [main] INFO  c.l.e.EmployeeOnboardingSystemApplication -
                No active profile set, falling back to default profiles: default
2021-08-11 17:12:32 [main] INFO  c.l.e.EmployeeOnboardingSystemApplication -
                Started EmployeeOnboardingSystemApplication in 7.996 seconds (JVM running for 9.467)
2021-08-11 17:13:17 [http-nio-9095-exec-2] DEBUG c.l.e.controller.Login -
                Request com.lister.employeeonboardingsystem.voobject.LoginInput@d1d8d0d
2021-08-11 17:13:17 [http-nio-9095-exec-2] INFO  c.l.e.service.UserService -
                tried to login with emailpavansiri@gmail.com
2021-08-11 17:13:17 [http-nio-9095-exec-2] DEBUG c.l.e.controller.Login -
                Response com.lister.employeeonboardingsystem.voobject.LoginResponseVo@8b135c3
2021-08-11 17:13:20 [http-nio-9095-exec-3] DEBUG c.l.e.controller.Login -
                Request com.lister.employeeonboardingsystem.voobject.LoginInput@c1d5a6f
2021-08-11 17:13:20 [http-nio-9095-exec-3] INFO  c.l.e.service.UserService -
                tried to login with emailpavansiri@gmail.com
2021-08-11 17:13:20 [http-nio-9095-exec-3] DEBUG c.l.e.controller.Login -
                Response com.lister.employeeonboardingsystem.voobject.LoginResponseVo@6475cad1
2021-08-11 17:13:28 [http-nio-9095-exec-5] DEBUG c.l.e.controller.Login -
                Request com.lister.employeeonboardingsystem.voobject.LoginInput@11603272
2021-08-11 17:13:28 [http-nio-9095-exec-5] INFO  c.l.e.service.UserService -
                tried to login with emailpavansiri@gmail.com
2021-08-11 17:13:28 [http-nio-9095-exec-5] DEBUG c.l.e.controller.Login -
                Response com.lister.employeeonboardingsystem.voobject.LoginResponseVo@525dfeb4
2021-08-11 17:13:32 [http-nio-9095-exec-4] DEBUG c.l.e.controller.Login -
                Request com.lister.employeeonboardingsystem.voobject.LoginInput@324d16a0
2021-08-11 17:13:32 [http-nio-9095-exec-4] INFO  c.l.e.service.UserService -
                tried to login with emailpavansiri@gmail.com
2021-08-11 17:13:32 [http-nio-9095-exec-4] DEBUG c.l.e.controller.Login -
                Response com.lister.employeeonboardingsystem.voobject.LoginResponseVo@702440d6
2021-08-11 17:14:01 [http-nio-9095-exec-8] DEBUG c.l.e.controller.Login -
                Request com.lister.employeeonboardingsystem.voobject.LoginInput@4681eeab
2021-08-11 17:14:01 [http-nio-9095-exec-8] INFO  c.l.e.service.UserService -
                tried to login with emailpavansiri@gmail.com
2021-08-11 17:14:01 [http-nio-9095-exec-8] DEBUG c.l.e.controller.Login -
                Response com.lister.employeeonboardingsystem.voobject.LoginResponseVo@3ed98bba
2021-08-11 17:14:02 [http-nio-9095-exec-9] DEBUG c.l.e.controller.Login -
                Request com.lister.employeeonboardingsystem.voobject.LoginInput@3d191657
2021-08-11 17:14:02 [http-nio-9095-exec-9] INFO  c.l.e.service.UserService -
                tried to login with emailpavansiri@gmail.com
2021-08-11 17:14:02 [http-nio-9095-exec-9] DEBUG c.l.e.controller.Login -
                Response com.lister.employeeonboardingsystem.voobject.LoginResponseVo@79c69287
2021-08-11 17:15:33 [http-nio-9095-exec-1] DEBUG c.l.e.controller.Login -
                Request com.lister.employeeonboardingsystem.voobject.LoginInput@2d32dfd8
2021-08-11 17:15:33 [http-nio-9095-exec-1] INFO  c.l.e.service.UserService -
                tried to login with emailsharathrajuaddepalli@gmail.com
2021-08-11 17:15:33 [http-nio-9095-exec-1] DEBUG c.l.e.controller.Login -
                Response com.lister.employeeonboardingsystem.voobject.LoginResponseVo@76dcf772
2021-08-11 17:15:33 [http-nio-9094-exec-1] INFO  c.l.e.controller.Hr -
                Retrieving all employees
2021-08-11 17:15:33 [http-nio-9094-exec-1] INFO  c.l.e.service.DemographicsService -
                tried to retrieve all employee details
2021-08-11 17:15:56 [http-nio-9095-exec-3] DEBUG c.l.e.controller.Login -
                Request com.lister.employeeonboardingsystem.voobject.LoginInput@48bd8747
2021-08-11 17:15:56 [http-nio-9095-exec-3] INFO  c.l.e.service.UserService -
                tried to login with emailpavansiri@gmail.com
2021-08-11 17:15:56 [http-nio-9095-exec-3] DEBUG c.l.e.controller.Login -
                Response com.lister.employeeonboardingsystem.voobject.LoginResponseVo@3c543860
2021-08-11 17:36:58 [main] INFO  c.l.e.EmployeeOnboardingSystemApplication -
                Starting EmployeeOnboardingSystemApplication using Java 1.8.0_292 on LT-NB-449 with PID 9900 (C:\Users\sharathkumarraju.a\Downloads\demo\employee-onboarding-system\target\classes started by sharathkumarraju.a in C:\Users\sharathkumarraju.a\Downloads\demo\employee-onboarding-system)
2021-08-11 17:36:58 [main] DEBUG c.l.e.EmployeeOnboardingSystemApplication -
                Running with Spring Boot v2.5.3, Spring v5.3.9
2021-08-11 17:36:58 [main] INFO  c.l.e.EmployeeOnboardingSystemApplication -
                No active profile set, falling back to default profiles: default
2021-08-11 17:37:03 [main] INFO  c.l.e.EmployeeOnboardingSystemApplication -
                Started EmployeeOnboardingSystemApplication in 5.386 seconds (JVM running for 6.791)
2021-08-11 17:37:28 [http-nio-9095-exec-1] DEBUG c.l.e.controller.Login -
                Request com.lister.employeeonboardingsystem.voobject.LoginInput@55eadc7a
2021-08-11 17:37:28 [http-nio-9095-exec-1] INFO  c.l.e.service.UserService -
                tried to login with emailpavansiri@gmail.com
2021-08-11 17:37:28 [http-nio-9095-exec-1] DEBUG c.l.e.controller.Login -
                Response com.lister.employeeonboardingsystem.voobject.LoginResponseVo@288083f8
2021-08-11 17:37:33 [http-nio-9095-exec-2] DEBUG c.l.e.controller.Login -
                Request com.lister.employeeonboardingsystem.voobject.LoginInput@6dee785c
2021-08-11 17:37:33 [http-nio-9095-exec-2] INFO  c.l.e.service.UserService -
                tried to login with emailpavansiri@gmail.com
2021-08-11 17:37:33 [http-nio-9095-exec-2] DEBUG c.l.e.controller.Login -
                Response com.lister.employeeonboardingsystem.voobject.LoginResponseVo@db9a081
2021-08-11 17:37:33 [http-nio-9095-exec-4] DEBUG c.l.e.controller.Login -
                Request com.lister.employeeonboardingsystem.voobject.LoginInput@3fda24aa
2021-08-11 17:37:33 [http-nio-9095-exec-4] INFO  c.l.e.service.UserService -
                tried to login with emailpavansiri@gmail.com
2021-08-11 17:37:33 [http-nio-9095-exec-4] DEBUG c.l.e.controller.Login -
                Response com.lister.employeeonboardingsystem.voobject.LoginResponseVo@ceb6206
2021-08-11 17:37:34 [http-nio-9095-exec-8] DEBUG c.l.e.controller.Login -
                Request com.lister.employeeonboardingsystem.voobject.LoginInput@4d87c3a8
2021-08-11 17:37:34 [http-nio-9095-exec-8] INFO  c.l.e.service.UserService -
                tried to login with emailpavansiri@gmail.com
2021-08-11 17:37:34 [http-nio-9095-exec-8] DEBUG c.l.e.controller.Login -
                Response com.lister.employeeonboardingsystem.voobject.LoginResponseVo@2ef85b9
2021-08-11 17:37:34 [http-nio-9095-exec-9] DEBUG c.l.e.controller.Login -
                Request com.lister.employeeonboardingsystem.voobject.LoginInput@38e44bcc
2021-08-11 17:37:34 [http-nio-9095-exec-9] INFO  c.l.e.service.UserService -
                tried to login with emailpavansiri@gmail.com
2021-08-11 17:37:34 [http-nio-9095-exec-9] DEBUG c.l.e.controller.Login -
                Response com.lister.employeeonboardingsystem.voobject.LoginResponseVo@65a922ad
2021-08-11 17:37:34 [http-nio-9095-exec-7] DEBUG c.l.e.controller.Login -
                Request com.lister.employeeonboardingsystem.voobject.LoginInput@36bfb58a
2021-08-11 17:37:34 [http-nio-9095-exec-7] INFO  c.l.e.service.UserService -
                tried to login with emailpavansiri@gmail.com
2021-08-11 17:37:34 [http-nio-9095-exec-7] DEBUG c.l.e.controller.Login -
                Response com.lister.employeeonboardingsystem.voobject.LoginResponseVo@4679f668
2021-08-11 17:44:27 [main] INFO  c.l.e.EmployeeOnboardingSystemApplication -
                Starting EmployeeOnboardingSystemApplication using Java 1.8.0_292 on LT-NB-449 with PID 2256 (C:\Users\sharathkumarraju.a\Downloads\demo\employee-onboarding-system\target\classes started by sharathkumarraju.a in C:\Users\sharathkumarraju.a\Downloads\demo\employee-onboarding-system)
2021-08-11 17:44:27 [main] DEBUG c.l.e.EmployeeOnboardingSystemApplication -
                Running with Spring Boot v2.5.3, Spring v5.3.9
2021-08-11 17:44:27 [main] INFO  c.l.e.EmployeeOnboardingSystemApplication -
                No active profile set, falling back to default profiles: default
2021-08-11 17:44:43 [main] INFO  c.l.e.EmployeeOnboardingSystemApplication -
                Started EmployeeOnboardingSystemApplication in 17.23 seconds (JVM running for 25.11)
2021-08-11 17:45:03 [http-nio-9096-exec-2] DEBUG c.l.e.controller.Login -
                Request com.lister.employeeonboardingsystem.voobject.LoginInput@5536091c
2021-08-11 17:45:03 [http-nio-9096-exec-2] INFO  c.l.e.service.UserService -
                tried to login with emailpavansiri@gmail.com
2021-08-11 17:45:03 [http-nio-9096-exec-2] DEBUG c.l.e.controller.Login -
                Response com.lister.employeeonboardingsystem.voobject.LoginResponseVo@72d7f700
2021-08-11 17:46:42 [http-nio-9096-exec-5] INFO  c.l.e.controller.Employee -
                getting the employee details with id7
2021-08-11 17:46:42 [http-nio-9096-exec-5] INFO  c.l.e.service.DemographicsService -
                tried to retrieve employee details with id7
2021-08-11 17:46:45 [http-nio-9096-exec-6] INFO  c.l.e.controller.Employee -
                getting the employee details with id7
2021-08-11 17:46:45 [http-nio-9096-exec-6] INFO  c.l.e.service.DemographicsService -
                tried to retrieve employee details with id7
2021-08-11 17:47:11 [http-nio-9096-exec-8] DEBUG c.l.e.controller.Login -
                Request com.lister.employeeonboardingsystem.voobject.LoginInput@3c8d15db
2021-08-11 17:47:11 [http-nio-9096-exec-8] INFO  c.l.e.service.UserService -
                tried to login with emailpavansiri@gmail.com
2021-08-11 17:47:11 [http-nio-9096-exec-8] DEBUG c.l.e.controller.Login -
                Response com.lister.employeeonboardingsystem.voobject.LoginResponseVo@59385cd0
2021-08-11 17:47:16 [http-nio-9096-exec-9] DEBUG c.l.e.controller.Login -
                Request com.lister.employeeonboardingsystem.voobject.LoginInput@7ca95762
2021-08-11 17:47:16 [http-nio-9096-exec-9] INFO  c.l.e.service.UserService -
                tried to login with emailpavansiri@gmail.com
2021-08-11 17:47:17 [http-nio-9096-exec-9] DEBUG c.l.e.controller.Login -
                Response com.lister.employeeonboardingsystem.voobject.LoginResponseVo@1b1b44f2
2021-08-11 17:47:21 [http-nio-9096-exec-1] DEBUG c.l.e.controller.Login -
                Request com.lister.employeeonboardingsystem.voobject.LoginInput@7cb26196
2021-08-11 17:47:21 [http-nio-9096-exec-1] INFO  c.l.e.service.UserService -
                tried to login with emailpavansiri@gmail.com
2021-08-11 17:47:21 [http-nio-9096-exec-1] DEBUG c.l.e.controller.Login -
                Response com.lister.employeeonboardingsystem.voobject.LoginResponseVo@6edb53b5
2021-08-11 17:47:23 [http-nio-9096-exec-2] DEBUG c.l.e.controller.Login -
                Request com.lister.employeeonboardingsystem.voobject.LoginInput@23c9fceb
2021-08-11 17:47:23 [http-nio-9096-exec-2] INFO  c.l.e.service.UserService -
                tried to login with emailpavansiri@gmail.com
2021-08-11 17:47:23 [http-nio-9096-exec-2] DEBUG c.l.e.controller.Login -
                Response com.lister.employeeonboardingsystem.voobject.LoginResponseVo@3ac6ab3
2021-08-11 17:47:23 [http-nio-9096-exec-3] DEBUG c.l.e.controller.Login -
                Request com.lister.employeeonboardingsystem.voobject.LoginInput@856fdf9
2021-08-11 17:47:23 [http-nio-9096-exec-3] INFO  c.l.e.service.UserService -
                tried to login with emailpavansiri@gmail.com
2021-08-11 17:47:23 [http-nio-9096-exec-3] DEBUG c.l.e.controller.Login -
                Response com.lister.employeeonboardingsystem.voobject.LoginResponseVo@48d71526
2021-08-11 17:47:26 [http-nio-9096-exec-4] DEBUG c.l.e.controller.Login -
                Request com.lister.employeeonboardingsystem.voobject.LoginInput@1df0a20a
2021-08-11 17:47:26 [http-nio-9096-exec-4] INFO  c.l.e.service.UserService -
                tried to login with emailpavansiri@gmail.com
2021-08-11 17:47:26 [http-nio-9096-exec-4] DEBUG c.l.e.controller.Login -
                Response com.lister.employeeonboardingsystem.voobject.LoginResponseVo@5123db1f
2021-08-11 17:47:26 [http-nio-9096-exec-5] DEBUG c.l.e.controller.Login -
                Request com.lister.employeeonboardingsystem.voobject.LoginInput@2887892
2021-08-11 17:47:26 [http-nio-9096-exec-5] INFO  c.l.e.service.UserService -
                tried to login with emailpavansiri@gmail.com
2021-08-11 17:47:26 [http-nio-9096-exec-5] DEBUG c.l.e.controller.Login -
                Response com.lister.employeeonboardingsystem.voobject.LoginResponseVo@174d2ef0
2021-08-11 17:47:27 [http-nio-9096-exec-6] DEBUG c.l.e.controller.Login -
                Request com.lister.employeeonboardingsystem.voobject.LoginInput@368f4566
2021-08-11 17:47:27 [http-nio-9096-exec-6] INFO  c.l.e.service.UserService -
                tried to login with emailpavansiri@gmail.com
2021-08-11 17:47:27 [http-nio-9096-exec-6] DEBUG c.l.e.controller.Login -
                Response com.lister.employeeonboardingsystem.voobject.LoginResponseVo@7f87aee3
2021-08-11 17:47:27 [http-nio-9096-exec-7] DEBUG c.l.e.controller.Login -
                Request com.lister.employeeonboardingsystem.voobject.LoginInput@4169db24
2021-08-11 17:47:27 [http-nio-9096-exec-7] INFO  c.l.e.service.UserService -
                tried to login with emailpavansiri@gmail.com
2021-08-11 17:47:27 [http-nio-9096-exec-7] DEBUG c.l.e.controller.Login -
                Response com.lister.employeeonboardingsystem.voobject.LoginResponseVo@53c32d27
2021-08-11 17:47:40 [http-nio-9096-exec-9] DEBUG c.l.e.controller.Login -
                Request com.lister.employeeonboardingsystem.voobject.LoginInput@3d9a8dac
2021-08-11 17:47:40 [http-nio-9096-exec-9] INFO  c.l.e.service.UserService -
                tried to login with emailpavansiri@gmail.com
2021-08-11 17:47:40 [http-nio-9096-exec-9] DEBUG c.l.e.controller.Login -
                Response com.lister.employeeonboardingsystem.voobject.LoginResponseVo@487f8d98
2021-08-11 17:47:53 [http-nio-9096-exec-1] DEBUG c.l.e.controller.Login -
                Request com.lister.employeeonboardingsystem.voobject.LoginInput@1baf5dbc
2021-08-11 17:47:53 [http-nio-9096-exec-1] INFO  c.l.e.service.UserService -
                tried to login with emailpavansiri@gmail.com
2021-08-11 17:47:53 [http-nio-9096-exec-1] DEBUG c.l.e.controller.Login -
                Response com.lister.employeeonboardingsystem.voobject.LoginResponseVo@4d26dc02
2021-08-11 17:47:53 [http-nio-9096-exec-2] INFO  c.l.e.controller.Employee -
                getting the employee details with id7
2021-08-11 17:47:53 [http-nio-9096-exec-2] INFO  c.l.e.service.DemographicsService -
                tried to retrieve employee details with id7
2021-08-11 17:56:21 [main] INFO  c.l.e.EmployeeOnboardingSystemApplication -
                Starting EmployeeOnboardingSystemApplication using Java 1.8.0_292 on LT-NB-449 with PID 17736 (C:\Users\sharathkumarraju.a\Downloads\demo\employee-onboarding-system\target\classes started by sharathkumarraju.a in C:\Users\sharathkumarraju.a\Downloads\demo\employee-onboarding-system)
2021-08-11 17:56:21 [main] DEBUG c.l.e.EmployeeOnboardingSystemApplication -
                Running with Spring Boot v2.5.3, Spring v5.3.9
2021-08-11 17:56:21 [main] INFO  c.l.e.EmployeeOnboardingSystemApplication -
                No active profile set, falling back to default profiles: default
2021-08-11 17:56:25 [main] INFO  c.l.e.EmployeeOnboardingSystemApplication -
                Started EmployeeOnboardingSystemApplication in 4.822 seconds (JVM running for 6.247)
2021-08-11 17:57:08 [http-nio-9096-exec-1] DEBUG c.l.e.controller.Login -
                Request com.lister.employeeonboardingsystem.voobject.LoginInput@7dc2f97
2021-08-11 17:57:08 [http-nio-9096-exec-1] INFO  c.l.e.service.UserService -
                tried to login with emailpavansiri@gmail.com
2021-08-11 17:57:08 [http-nio-9096-exec-1] DEBUG c.l.e.controller.Login -
                Response com.lister.employeeonboardingsystem.voobject.LoginResponseVo@76d00939
2021-08-11 17:57:08 [http-nio-9096-exec-2] INFO  c.l.e.controller.Employee -
                getting the employee details with id7
2021-08-11 17:57:08 [http-nio-9096-exec-2] INFO  c.l.e.service.DemographicsService -
                tried to retrieve employee details with id7
2021-08-11 18:17:16 [main] INFO  c.l.e.EmployeeOnboardingSystemApplication -
                Starting EmployeeOnboardingSystemApplication using Java 1.8.0_292 on LT-NB-449 with PID 6208 (C:\Users\sharathkumarraju.a\Downloads\demo\employee-onboarding-system\target\classes started by sharathkumarraju.a in C:\Users\sharathkumarraju.a\Downloads\demo\employee-onboarding-system)
2021-08-11 18:17:16 [main] DEBUG c.l.e.EmployeeOnboardingSystemApplication -
                Running with Spring Boot v2.5.3, Spring v5.3.9
2021-08-11 18:17:16 [main] INFO  c.l.e.EmployeeOnboardingSystemApplication -
                No active profile set, falling back to default profiles: default
2021-08-11 18:18:02 [main] INFO  c.l.e.EmployeeOnboardingSystemApplication -
                Starting EmployeeOnboardingSystemApplication using Java 1.8.0_292 on LT-NB-449 with PID 17464 (C:\Users\sharathkumarraju.a\Downloads\demo\employee-onboarding-system\target\classes started by sharathkumarraju.a in C:\Users\sharathkumarraju.a\Downloads\demo\employee-onboarding-system)
2021-08-11 18:18:02 [main] DEBUG c.l.e.EmployeeOnboardingSystemApplication -
                Running with Spring Boot v2.5.3, Spring v5.3.9
2021-08-11 18:18:02 [main] INFO  c.l.e.EmployeeOnboardingSystemApplication -
                No active profile set, falling back to default profiles: default
2021-08-11 18:18:15 [main] INFO  c.l.e.EmployeeOnboardingSystemApplication -
                Started EmployeeOnboardingSystemApplication in 14.843 seconds (JVM running for 20.918)
2021-08-11 18:20:12 [http-nio-9097-exec-2] DEBUG c.l.e.controller.Login -
                Request com.lister.employeeonboardingsystem.voobject.LoginInput@2d0ec550
2021-08-11 18:20:12 [http-nio-9097-exec-2] INFO  c.l.e.service.UserService -
                tried to login with emailpavansiri@gmail.com
2021-08-11 18:20:12 [http-nio-9097-exec-2] DEBUG c.l.e.controller.Login -
                Response com.lister.employeeonboardingsystem.voobject.LoginResponseVo@5f74dfa6
2021-08-11 18:20:12 [http-nio-9097-exec-3] INFO  c.l.e.controller.Employee -
                getting the employee details with id7
2021-08-11 18:20:12 [http-nio-9097-exec-3] INFO  c.l.e.service.DemographicsService -
                tried to retrieve employee details with id7
2021-08-11 18:23:38 [http-nio-9097-exec-7] INFO  c.l.e.controller.Employee -
                getting the employee details with id7
2021-08-11 18:23:38 [http-nio-9097-exec-7] INFO  c.l.e.service.DemographicsService -
                tried to retrieve employee details with id7
2021-08-11 18:24:01 [http-nio-9097-exec-9] DEBUG c.l.e.controller.Login -
                Request com.lister.employeeonboardingsystem.voobject.LoginInput@3b967eb7
2021-08-11 18:24:01 [http-nio-9097-exec-9] INFO  c.l.e.service.UserService -
                tried to login with emailpavansiri@gmail.com
2021-08-11 18:24:01 [http-nio-9097-exec-9] DEBUG c.l.e.controller.Login -
                Response com.lister.employeeonboardingsystem.voobject.LoginResponseVo@597886a9
2021-08-11 18:24:03 [http-nio-9097-exec-1] DEBUG c.l.e.controller.Login -
                Request com.lister.employeeonboardingsystem.voobject.LoginInput@2adee125
2021-08-11 18:24:03 [http-nio-9097-exec-1] INFO  c.l.e.service.UserService -
                tried to login with emailpavansiri@gmail.com
2021-08-11 18:24:03 [http-nio-9097-exec-1] DEBUG c.l.e.controller.Login -
                Response com.lister.employeeonboardingsystem.voobject.LoginResponseVo@4af3b6fe
2021-08-11 18:24:30 [http-nio-9097-exec-3] DEBUG c.l.e.controller.Login -
                Request com.lister.employeeonboardingsystem.voobject.LoginInput@6b45e54d
2021-08-11 18:24:30 [http-nio-9097-exec-3] INFO  c.l.e.service.UserService -
                tried to login with emailpavansiri@gmail.com
2021-08-11 18:24:30 [http-nio-9097-exec-3] DEBUG c.l.e.controller.Login -
                Response com.lister.employeeonboardingsystem.voobject.LoginResponseVo@5546e0d2
2021-08-11 18:24:30 [http-nio-9097-exec-4] INFO  c.l.e.controller.Employee -
                getting the employee details with id7
2021-08-11 18:24:30 [http-nio-9097-exec-4] INFO  c.l.e.service.DemographicsService -
                tried to retrieve employee details with id7
2021-08-11 18:27:28 [http-nio-9097-exec-7] INFO  c.l.e.controller.Employee -
                getting the employee details with id7
2021-08-11 18:27:28 [http-nio-9097-exec-7] INFO  c.l.e.service.DemographicsService -
                tried to retrieve employee details with id7
2021-08-11 18:29:26 [main] INFO  c.l.e.EmployeeOnboardingSystemApplication -
                Starting EmployeeOnboardingSystemApplication using Java 1.8.0_292 on LT-NB-449 with PID 8720 (C:\Users\sharathkumarraju.a\Downloads\demo\employee-onboarding-system\target\classes started by sharathkumarraju.a in C:\Users\sharathkumarraju.a\Downloads\demo\employee-onboarding-system)
2021-08-11 18:29:26 [main] DEBUG c.l.e.EmployeeOnboardingSystemApplication -
                Running with Spring Boot v2.5.3, Spring v5.3.9
2021-08-11 18:29:26 [main] INFO  c.l.e.EmployeeOnboardingSystemApplication -
                No active profile set, falling back to default profiles: default
2021-08-11 18:29:30 [main] INFO  c.l.e.EmployeeOnboardingSystemApplication -
                Started EmployeeOnboardingSystemApplication in 4.621 seconds (JVM running for 5.852)
2021-08-11 18:32:16 [main] INFO  c.l.e.EmployeeOnboardingSystemApplication -
                Starting EmployeeOnboardingSystemApplication using Java 1.8.0_292 on LT-NB-449 with PID 2256 (C:\Users\sharathkumarraju.a\Downloads\demo\employee-onboarding-system\target\classes started by sharathkumarraju.a in C:\Users\sharathkumarraju.a\Downloads\demo\employee-onboarding-system)
2021-08-11 18:32:16 [main] DEBUG c.l.e.EmployeeOnboardingSystemApplication -
                Running with Spring Boot v2.5.3, Spring v5.3.9
2021-08-11 18:32:16 [main] INFO  c.l.e.EmployeeOnboardingSystemApplication -
                No active profile set, falling back to default profiles: default
2021-08-11 18:32:20 [main] INFO  c.l.e.EmployeeOnboardingSystemApplication -
                Started EmployeeOnboardingSystemApplication in 4.135 seconds (JVM running for 5.272)
2021-08-11 18:34:37 [http-nio-9097-exec-2] DEBUG c.l.e.controller.Login -
                Request com.lister.employeeonboardingsystem.voobject.LoginInput@512555a6
2021-08-11 18:34:37 [http-nio-9097-exec-2] INFO  c.l.e.service.UserService -
                tried to login with emailpavansiri@gmail.com
2021-08-11 18:34:37 [http-nio-9097-exec-2] DEBUG c.l.e.controller.Login -
                Response com.lister.employeeonboardingsystem.voobject.LoginResponseVo@2b2f3036
2021-08-11 18:34:38 [http-nio-9097-exec-3] INFO  c.l.e.controller.Employee -
                getting the employee details with id7
2021-08-11 18:34:38 [http-nio-9097-exec-3] INFO  c.l.e.service.DemographicsService -
                tried to retrieve employee details with id7
2021-08-11 18:37:24 [http-nio-9097-exec-6] INFO  c.l.e.controller.Employee -
                getting the employee details with id7
2021-08-11 18:37:24 [http-nio-9097-exec-6] INFO  c.l.e.service.DemographicsService -
                tried to retrieve employee details with id7
2021-08-11 18:37:47 [http-nio-9097-exec-4] DEBUG c.l.e.controller.Login -
                Request com.lister.employeeonboardingsystem.voobject.LoginInput@c1d5a6f
2021-08-11 18:37:47 [http-nio-9097-exec-4] INFO  c.l.e.service.UserService -
                tried to login with emailpavansiri@gmail.com
2021-08-11 18:37:47 [http-nio-9097-exec-4] DEBUG c.l.e.controller.Login -
                Response com.lister.employeeonboardingsystem.voobject.LoginResponseVo@6475cad1
2021-08-11 18:37:49 [http-nio-9097-exec-5] DEBUG c.l.e.controller.Login -
                Request com.lister.employeeonboardingsystem.voobject.LoginInput@324d16a0
2021-08-11 18:37:49 [http-nio-9097-exec-5] INFO  c.l.e.service.UserService -
                tried to login with emailpavansiri@gmail.com
2021-08-11 18:37:49 [http-nio-9097-exec-5] DEBUG c.l.e.controller.Login -
                Response com.lister.employeeonboardingsystem.voobject.LoginResponseVo@702440d6
2021-08-11 18:38:17 [http-nio-9097-exec-1] DEBUG c.l.e.controller.Login -
                Request com.lister.employeeonboardingsystem.voobject.LoginInput@7d8dceb3
2021-08-11 18:38:17 [http-nio-9097-exec-1] INFO  c.l.e.service.UserService -
                tried to login with emailpavansiri@gmail.com
2021-08-11 18:38:17 [http-nio-9097-exec-1] DEBUG c.l.e.controller.Login -
                Response com.lister.employeeonboardingsystem.voobject.LoginResponseVo@214ff680
2021-08-11 18:38:17 [http-nio-9097-exec-2] INFO  c.l.e.controller.Employee -
                getting the employee details with id7
2021-08-11 18:38:17 [http-nio-9097-exec-2] INFO  c.l.e.service.DemographicsService -
                tried to retrieve employee details with id7
2021-08-11 18:53:54 [http-nio-9097-exec-9] INFO  c.l.e.controller.Employee -
                getting the employee details with id7
2021-08-11 18:53:54 [http-nio-9097-exec-9] INFO  c.l.e.service.DemographicsService -
                tried to retrieve employee details with id7
2021-08-11 18:54:13 [http-nio-9097-exec-4] DEBUG c.l.e.controller.Login -
                Request com.lister.employeeonboardingsystem.voobject.LoginInput@771c6b01
2021-08-11 18:54:13 [http-nio-9097-exec-4] INFO  c.l.e.service.UserService -
                tried to login with emailpavansiri@gmail.com
2021-08-11 18:54:13 [http-nio-9097-exec-4] DEBUG c.l.e.controller.Login -
                Response com.lister.employeeonboardingsystem.voobject.LoginResponseVo@6e21da0a
2021-08-11 18:54:13 [http-nio-9097-exec-5] INFO  c.l.e.controller.Employee -
                getting the employee details with id7
2021-08-11 18:54:13 [http-nio-9097-exec-5] INFO  c.l.e.service.DemographicsService -
                tried to retrieve employee details with id7
2021-08-11 18:58:50 [main] INFO  c.l.e.EmployeeOnboardingSystemApplication -
                Starting EmployeeOnboardingSystemApplication using Java 1.8.0_292 on LT-NB-449 with PID 11492 (C:\Users\sharathkumarraju.a\Downloads\demo\employee-onboarding-system\target\classes started by sharathkumarraju.a in C:\Users\sharathkumarraju.a\Downloads\demo\employee-onboarding-system)
2021-08-11 18:58:50 [main] DEBUG c.l.e.EmployeeOnboardingSystemApplication -
                Running with Spring Boot v2.5.3, Spring v5.3.9
2021-08-11 18:58:50 [main] INFO  c.l.e.EmployeeOnboardingSystemApplication -
                No active profile set, falling back to default profiles: default
2021-08-11 18:59:33 [main] INFO  c.l.e.EmployeeOnboardingSystemApplication -
                Starting EmployeeOnboardingSystemApplication using Java 1.8.0_292 on LT-NB-449 with PID 19040 (C:\Users\sharathkumarraju.a\Downloads\demo\employee-onboarding-system\target\classes started by sharathkumarraju.a in C:\Users\sharathkumarraju.a\Downloads\demo\employee-onboarding-system)
2021-08-11 18:59:33 [main] DEBUG c.l.e.EmployeeOnboardingSystemApplication -
                Running with Spring Boot v2.5.3, Spring v5.3.9
2021-08-11 18:59:33 [main] INFO  c.l.e.EmployeeOnboardingSystemApplication -
                No active profile set, falling back to default profiles: default
2021-08-11 18:59:40 [main] INFO  c.l.e.EmployeeOnboardingSystemApplication -
                Started EmployeeOnboardingSystemApplication in 10.0 seconds (JVM running for 14.606)
2021-08-11 19:00:11 [http-nio-9097-exec-3] INFO  c.l.e.controller.Employee -
                getting the employee details with id7
2021-08-11 19:00:11 [http-nio-9097-exec-3] INFO  c.l.e.service.DemographicsService -
                tried to retrieve employee details with id7
2021-08-11 20:15:13 [main] INFO  c.l.e.EmployeeOnboardingSystemApplication -
                Starting EmployeeOnboardingSystemApplication using Java 1.8.0_292 on LT-NB-449 with PID 11128 (C:\Users\sharathkumarraju.a\Downloads\demo\employee-onboarding-system\target\classes started by sharathkumarraju.a in C:\Users\sharathkumarraju.a\Downloads\demo\employee-onboarding-system)
2021-08-11 20:15:13 [main] DEBUG c.l.e.EmployeeOnboardingSystemApplication -
                Running with Spring Boot v2.5.3, Spring v5.3.9
2021-08-11 20:15:13 [main] INFO  c.l.e.EmployeeOnboardingSystemApplication -
                No active profile set, falling back to default profiles: default
2021-08-11 20:15:26 [main] INFO  c.l.e.EmployeeOnboardingSystemApplication -
                Started EmployeeOnboardingSystemApplication in 15.681 seconds (JVM running for 20.916)
2021-08-11 20:23:35 [http-nio-9097-exec-9] INFO  c.l.e.controller.Employee -
                getting the employee details with id7
2021-08-11 20:23:35 [http-nio-9097-exec-9] INFO  c.l.e.service.DemographicsService -
                tried to retrieve employee details with id7
2021-08-11 20:23:55 [http-nio-9099-exec-2] DEBUG c.l.e.controller.Login -
                Request com.lister.employeeonboardingsystem.voobject.LoginInput@3b90e65c
2021-08-11 20:23:55 [http-nio-9099-exec-3] DEBUG c.l.e.controller.Login -
                Request com.lister.employeeonboardingsystem.voobject.LoginInput@eb73fdd
2021-08-11 20:23:55 [http-nio-9099-exec-3] INFO  c.l.e.service.UserService -
                tried to login with emailpavansiri@gmail.com
2021-08-11 20:23:55 [http-nio-9099-exec-2] INFO  c.l.e.service.UserService -
                tried to login with emailpavansiri@gmail.com
2021-08-11 20:23:55 [http-nio-9099-exec-4] DEBUG c.l.e.controller.Login -
                Request com.lister.employeeonboardingsystem.voobject.LoginInput@6bcb7f2d
2021-08-11 20:23:55 [http-nio-9099-exec-4] INFO  c.l.e.service.UserService -
                tried to login with emailpavansiri@gmail.com
2021-08-11 20:23:56 [http-nio-9099-exec-2] DEBUG c.l.e.controller.Login -
                Response com.lister.employeeonboardingsystem.voobject.LoginResponseVo@619af709
2021-08-11 20:23:56 [http-nio-9099-exec-3] DEBUG c.l.e.controller.Login -
                Response com.lister.employeeonboardingsystem.voobject.LoginResponseVo@ea40f0b
2021-08-11 20:23:56 [http-nio-9099-exec-4] DEBUG c.l.e.controller.Login -
                Response com.lister.employeeonboardingsystem.voobject.LoginResponseVo@7df58e94
2021-08-11 20:23:56 [http-nio-9099-exec-5] INFO  c.l.e.controller.Employee -
                getting the employee details with id7
2021-08-11 20:23:56 [http-nio-9099-exec-5] INFO  c.l.e.service.DemographicsService -
                tried to retrieve employee details with id7
2021-08-11 20:26:25 [http-nio-9099-exec-9] DEBUG c.l.e.controller.Login -
                Request com.lister.employeeonboardingsystem.voobject.LoginInput@548e7267
2021-08-11 20:26:25 [http-nio-9099-exec-9] INFO  c.l.e.service.UserService -
                tried to login with emailpavansiri@gmail.com
2021-08-11 20:26:25 [http-nio-9099-exec-9] DEBUG c.l.e.controller.Login -
                Response com.lister.employeeonboardingsystem.voobject.LoginResponseVo@5553bd42
2021-08-11 20:26:26 [http-nio-9099-exec-10] INFO  c.l.e.controller.Employee -
                getting the employee details with id7
2021-08-11 20:26:26 [http-nio-9099-exec-10] INFO  c.l.e.service.DemographicsService -
                tried to retrieve employee details with id7
2021-08-11 20:27:38 [http-nio-9099-exec-4] INFO  c.l.e.controller.Employee -
                getting the employee details with id7
2021-08-11 20:27:38 [http-nio-9099-exec-4] INFO  c.l.e.service.DemographicsService -
                tried to retrieve employee details with id7
2021-08-11 20:27:57 [http-nio-9099-exec-2] DEBUG c.l.e.controller.Login -
                Request com.lister.employeeonboardingsystem.voobject.LoginInput@af6c2f6
2021-08-11 20:27:57 [http-nio-9099-exec-2] INFO  c.l.e.service.UserService -
                tried to login with emailpavansiri@gmail.com
2021-08-11 20:27:57 [http-nio-9099-exec-2] DEBUG c.l.e.controller.Login -
                Response com.lister.employeeonboardingsystem.voobject.LoginResponseVo@5e90b0e6
2021-08-11 20:27:57 [http-nio-9099-exec-5] INFO  c.l.e.controller.Employee -
                getting the employee details with id7
2021-08-11 20:27:57 [http-nio-9099-exec-5] INFO  c.l.e.service.DemographicsService -
                tried to retrieve employee details with id7
2021-08-11 20:28:48 [http-nio-9099-exec-6] INFO  c.l.e.controller.Employee -
                getting the employee details with id7
2021-08-11 20:28:48 [http-nio-9099-exec-6] INFO  c.l.e.service.DemographicsService -
                tried to retrieve employee details with id7
2021-08-11 20:29:46 [http-nio-9099-exec-9] INFO  c.l.e.controller.Employee -
                getting the employee details with id7
2021-08-11 20:29:46 [http-nio-9099-exec-9] INFO  c.l.e.service.DemographicsService -
                tried to retrieve employee details with id7
2021-08-11 20:29:56 [http-nio-9099-exec-10] INFO  c.l.e.controller.Employee -
                getting the employee details with id7
2021-08-11 20:29:56 [http-nio-9099-exec-10] INFO  c.l.e.service.DemographicsService -
                tried to retrieve employee details with id7
2021-08-11 20:31:36 [http-nio-9099-exec-4] INFO  c.l.e.controller.Employee -
                getting the employee details with id7
2021-08-11 20:31:36 [http-nio-9099-exec-4] INFO  c.l.e.service.DemographicsService -
                tried to retrieve employee details with id7
2021-08-11 20:31:57 [http-nio-9099-exec-3] DEBUG c.l.e.controller.Login -
                Request com.lister.employeeonboardingsystem.voobject.LoginInput@49fe7100
2021-08-11 20:31:57 [http-nio-9099-exec-3] INFO  c.l.e.service.UserService -
                tried to login with emailpavansiri@gmail.com
2021-08-11 20:31:57 [http-nio-9099-exec-3] DEBUG c.l.e.controller.Login -
                Response com.lister.employeeonboardingsystem.voobject.LoginResponseVo@4a5eb14d
2021-08-11 20:31:57 [http-nio-9099-exec-2] INFO  c.l.e.controller.Employee -
                getting the employee details with id7
2021-08-11 20:31:57 [http-nio-9099-exec-2] INFO  c.l.e.service.DemographicsService -
                tried to retrieve employee details with id7
2021-08-11 22:33:36 [http-nio-9099-exec-7] INFO  c.l.e.controller.Employee -
                getting the employee details with id7
2021-08-11 22:33:36 [http-nio-9099-exec-7] INFO  c.l.e.service.DemographicsService -
                tried to retrieve employee details with id7
2021-08-11 22:49:07 [http-nio-9099-exec-9] DEBUG c.l.e.controller.Login -
                Request com.lister.employeeonboardingsystem.voobject.LoginInput@15971ba3
2021-08-11 22:49:07 [http-nio-9099-exec-9] INFO  c.l.e.service.UserService -
                tried to login with emailpavansiri@gmail.com
2021-08-11 22:49:07 [http-nio-9099-exec-9] DEBUG c.l.e.controller.Login -
                Response com.lister.employeeonboardingsystem.voobject.LoginResponseVo@48c53f6c
2021-08-11 22:52:49 [http-nio-9099-exec-1] DEBUG c.l.e.controller.Login -
                Request com.lister.employeeonboardingsystem.voobject.LoginInput@37e8ed28
2021-08-11 22:52:49 [http-nio-9099-exec-1] INFO  c.l.e.service.UserService -
                tried to login with emailpavansiri@gmail.com
2021-08-11 22:52:49 [http-nio-9099-exec-1] DEBUG c.l.e.controller.Login -
                Response com.lister.employeeonboardingsystem.voobject.LoginResponseVo@7ecaa000
2021-08-11 22:57:28 [main] INFO  c.l.e.EmployeeOnboardingSystemApplication -
                Starting EmployeeOnboardingSystemApplication using Java 1.8.0_292 on LT-NB-449 with PID 15868 (C:\Users\sharathkumarraju.a\Downloads\demo\employee-onboarding-system\target\classes started by sharathkumarraju.a in C:\Users\sharathkumarraju.a\Downloads\demo\employee-onboarding-system)
2021-08-11 22:57:28 [main] DEBUG c.l.e.EmployeeOnboardingSystemApplication -
                Running with Spring Boot v2.5.3, Spring v5.3.9
2021-08-11 22:57:28 [main] INFO  c.l.e.EmployeeOnboardingSystemApplication -
                No active profile set, falling back to default profiles: default
2021-08-11 22:58:06 [main] INFO  c.l.e.EmployeeOnboardingSystemApplication -
                Starting EmployeeOnboardingSystemApplication using Java 1.8.0_292 on LT-NB-449 with PID 18908 (C:\Users\sharathkumarraju.a\Downloads\demo\employee-onboarding-system\target\classes started by sharathkumarraju.a in C:\Users\sharathkumarraju.a\Downloads\demo\employee-onboarding-system)
2021-08-11 22:58:06 [main] DEBUG c.l.e.EmployeeOnboardingSystemApplication -
                Running with Spring Boot v2.5.3, Spring v5.3.9
2021-08-11 22:58:06 [main] INFO  c.l.e.EmployeeOnboardingSystemApplication -
                No active profile set, falling back to default profiles: default
2021-08-11 22:58:16 [main] INFO  c.l.e.EmployeeOnboardingSystemApplication -
                Started EmployeeOnboardingSystemApplication in 10.955 seconds (JVM running for 14.06)
2021-08-11 23:01:08 [http-nio-8080-exec-6] DEBUG c.l.e.controller.Login -
                Request com.lister.employeeonboardingsystem.voobject.LoginInput@5cc705d3
2021-08-11 23:01:08 [http-nio-8080-exec-6] INFO  c.l.e.service.UserService -
                tried to login with emailpavansiri@gmail.com
2021-08-11 23:01:08 [http-nio-8080-exec-6] DEBUG c.l.e.controller.Login -
                Response com.lister.employeeonboardingsystem.voobject.LoginResponseVo@7ba7fd3
2021-08-11 23:16:24 [http-nio-8080-exec-5] INFO  c.l.e.controller.Employee -
                getting the employee details with id7
2021-08-11 23:16:24 [http-nio-8080-exec-5] INFO  c.l.e.service.DemographicsService -
                tried to retrieve employee details with id7
2021-08-11 23:16:34 [http-nio-8080-exec-6] INFO  c.l.e.controller.Employee -
                getting the employee details with id7
2021-08-11 23:16:34 [http-nio-8080-exec-6] INFO  c.l.e.service.DemographicsService -
                tried to retrieve employee details with id7
2021-08-11 23:21:51 [http-nio-8080-exec-9] INFO  c.l.e.controller.Employee -
                getting the employee details with id7
2021-08-11 23:21:51 [http-nio-8080-exec-9] INFO  c.l.e.service.DemographicsService -
                tried to retrieve employee details with id7
2021-08-11 23:34:41 [main] INFO  c.l.e.EmployeeOnboardingSystemApplication -
                Starting EmployeeOnboardingSystemApplication using Java 1.8.0_292 on LT-NB-449 with PID 21292 (C:\Users\sharathkumarraju.a\Downloads\demo\employee-onboarding-system\target\classes started by sharathkumarraju.a in C:\Users\sharathkumarraju.a\Downloads\demo\employee-onboarding-system)
2021-08-11 23:34:41 [main] DEBUG c.l.e.EmployeeOnboardingSystemApplication -
                Running with Spring Boot v2.5.3, Spring v5.3.9
2021-08-11 23:34:41 [main] INFO  c.l.e.EmployeeOnboardingSystemApplication -
                No active profile set, falling back to default profiles: default
2021-08-11 23:35:41 [main] INFO  c.l.e.EmployeeOnboardingSystemApplication -
                Starting EmployeeOnboardingSystemApplication using Java 1.8.0_292 on LT-NB-449 with PID 10340 (C:\Users\sharathkumarraju.a\Downloads\demo\employee-onboarding-system\target\classes started by sharathkumarraju.a in C:\Users\sharathkumarraju.a\Downloads\demo\employee-onboarding-system)
2021-08-11 23:35:41 [main] DEBUG c.l.e.EmployeeOnboardingSystemApplication -
                Running with Spring Boot v2.5.3, Spring v5.3.9
2021-08-11 23:35:41 [main] INFO  c.l.e.EmployeeOnboardingSystemApplication -
                No active profile set, falling back to default profiles: default
2021-08-11 23:35:54 [main] INFO  c.l.e.EmployeeOnboardingSystemApplication -
                Started EmployeeOnboardingSystemApplication in 14.649 seconds (JVM running for 17.074)
2021-08-11 23:45:45 [http-nio-8082-exec-3] INFO  c.l.e.controller.Employee -
                saving the employee details7
2021-08-11 23:45:45 [http-nio-8082-exec-3] INFO  c.l.e.service.DemographicsService -
                tried to retrieve employee details with id7
2021-08-11 23:45:45 [http-nio-8082-exec-3] INFO  c.l.e.service.DemographicsService -
                save Demographics called successfully when savingLIS2402
2021-08-11 23:46:55 [http-nio-8082-exec-7] INFO  c.l.e.controller.Employee -
                saving the employee details5
2021-08-11 23:46:55 [http-nio-8082-exec-7] INFO  c.l.e.service.DemographicsService -
                tried to retrieve employee details with id5
2021-08-11 23:46:55 [http-nio-8082-exec-7] INFO  c.l.e.service.DemographicsService -
                save Demographics called successfully when savingLIS2401
2021-08-11 23:48:07 [http-nio-8082-exec-9] INFO  c.l.e.controller.Employee -
                saving the employee details5
2021-08-11 23:48:07 [http-nio-8082-exec-9] INFO  c.l.e.service.DemographicsService -
                tried to retrieve employee details with id5
2021-08-11 23:48:07 [http-nio-8082-exec-9] INFO  c.l.e.service.DemographicsService -
                save Demographics called successfully when savingLIS2401
2021-08-11 23:48:57 [http-nio-8082-exec-1] INFO  c.l.e.controller.Employee -
                saving the employee details5
2021-08-11 23:48:57 [http-nio-8082-exec-1] INFO  c.l.e.service.DemographicsService -
                tried to retrieve employee details with id5
2021-08-11 23:48:57 [http-nio-8082-exec-1] INFO  c.l.e.service.DemographicsService -
                save Demographics called successfully when savingLIS2401
