2021-08-12 08:52:29 [main] INFO  c.l.e.EmployeeOnboardingSystemApplication -
                Starting EmployeeOnboardingSystemApplication using Java 1.8.0_292 on LT-NB-449 with PID 16948 (C:\Users\sharathkumarraju.a\Downloads\demo\employee-onboarding-system\target\classes started by sharathkumarraju.a in C:\Users\sharathkumarraju.a\Downloads\demo\employee-onboarding-system)
2021-08-12 08:52:29 [main] DEBUG c.l.e.EmployeeOnboardingSystemApplication -
                Running with Spring Boot v2.5.3, Spring v5.3.9
2021-08-12 08:52:29 [main] INFO  c.l.e.EmployeeOnboardingSystemApplication -
                No active profile set, falling back to default profiles: default
2021-08-12 08:52:46 [main] INFO  c.l.e.EmployeeOnboardingSystemApplication -
                Started EmployeeOnboardingSystemApplication in 17.493 seconds (JVM running for 19.992)
2021-08-12 08:54:35 [http-nio-8082-exec-2] DEBUG c.l.e.controller.Login -
                Request com.lister.employeeonboardingsystem.voobject.LoginInput@7cabd4f8
2021-08-12 08:54:35 [http-nio-8082-exec-2] INFO  c.l.e.service.UserService -
                tried to login with emailswaroopdasa@gmail.com
2021-08-12 08:54:36 [http-nio-8082-exec-2] DEBUG c.l.e.controller.Login -
                Response com.lister.employeeonboardingsystem.voobject.LoginResponseVo@776fd4e
2021-08-12 08:54:36 [http-nio-8082-exec-3] INFO  c.l.e.controller.Employee -
                getting the employee details with id5
2021-08-12 08:54:36 [http-nio-8082-exec-3] INFO  c.l.e.service.DemographicsService -
                tried to retrieve employee details with id5
2021-08-12 08:56:36 [http-nio-8082-exec-6] INFO  c.l.e.controller.Employee -
                saving the employee details5
2021-08-12 08:56:36 [http-nio-8082-exec-6] INFO  c.l.e.service.DemographicsService -
                tried to retrieve employee details with id5
2021-08-12 08:56:36 [http-nio-8082-exec-6] INFO  c.l.e.service.DemographicsService -
                save Demographics called successfully when savingLIS2401
2021-08-12 08:59:12 [http-nio-8082-exec-8] DEBUG c.l.e.controller.Login -
                Request com.lister.employeeonboardingsystem.voobject.LoginInput@af2102d
2021-08-12 08:59:12 [http-nio-8082-exec-8] INFO  c.l.e.service.UserService -
                tried to login with emailsharathrajuaddepalli@gmail.com
2021-08-12 08:59:12 [http-nio-8082-exec-8] DEBUG c.l.e.controller.Login -
                Response com.lister.employeeonboardingsystem.voobject.LoginResponseVo@6dc7ef40
2021-08-12 08:59:12 [http-nio-8082-exec-9] INFO  c.l.e.controller.Hr -
                Retrieving all employees
2021-08-12 08:59:12 [http-nio-8082-exec-9] INFO  c.l.e.service.DemographicsService -
                tried to retrieve all employee details
2021-08-12 08:59:15 [http-nio-8082-exec-10] INFO  c.l.e.controller.Hr -
                retreivina all roles
2021-08-12 08:59:48 [http-nio-8082-exec-3] INFO  c.l.e.controller.Hr -
                Inviting the employeetharundodla@gmail.com
2021-08-12 08:59:48 [http-nio-8082-exec-3] INFO  c.l.e.service.Invite -
                tried to add new user with email idtharundodla@gmail.com
2021-08-12 08:59:48 [http-nio-8082-exec-3] INFO  c.l.e.service.DemographicsService -
                trying to generate the code
2021-08-12 08:59:48 [http-nio-8082-exec-3] INFO  c.l.e.service.DemographicsService -
                save Demographics called successfully when savingLIS2403
2021-08-12 12:51:53 [main] INFO  c.l.e.EmployeeOnboardingSystemApplication -
                Starting EmployeeOnboardingSystemApplication using Java 1.8.0_292 on LT-NB-449 with PID 14772 (C:\Users\sharathkumarraju.a\Downloads\demo\employee-onboarding-system\target\classes started by sharathkumarraju.a in C:\Users\sharathkumarraju.a\Downloads\demo\employee-onboarding-system)
2021-08-12 12:51:53 [main] DEBUG c.l.e.EmployeeOnboardingSystemApplication -
                Running with Spring Boot v2.5.3, Spring v5.3.9
2021-08-12 12:51:53 [main] INFO  c.l.e.EmployeeOnboardingSystemApplication -
                No active profile set, falling back to default profiles: default
2021-08-12 12:51:58 [main] INFO  c.l.e.EmployeeOnboardingSystemApplication -
                Started EmployeeOnboardingSystemApplication in 5.873 seconds (JVM running for 7.335)
2021-08-12 12:52:18 [http-nio-8082-exec-2] DEBUG c.l.e.controller.Login -
                Request com.lister.employeeonboardingsystem.voobject.LoginInput@28ca5217
2021-08-12 12:52:18 [http-nio-8082-exec-2] INFO  c.l.e.service.UserService -
                tried to login with emailsharathrajuaddepalli@gmail.com
2021-08-12 12:52:18 [http-nio-8082-exec-2] DEBUG c.l.e.controller.Login -
                Response com.lister.employeeonboardingsystem.voobject.LoginResponseVo@1628b427
2021-08-12 12:52:18 [http-nio-8082-exec-3] INFO  c.l.e.controller.Hr -
                Retrieving all employees
2021-08-12 12:52:18 [http-nio-8082-exec-3] INFO  c.l.e.service.DemographicsService -
                tried to retrieve all employee details
2021-08-12 12:52:22 [http-nio-8082-exec-10] INFO  c.l.e.controller.Hr -
                notifying the employee
2021-08-12 12:52:22 [http-nio-8082-exec-10] INFO  c.l.e.service.EmailService -
                tried to send mail totharundodla@gmail.com
2021-08-12 12:59:48 [main] INFO  c.l.e.EmployeeOnboardingSystemApplication -
                Starting EmployeeOnboardingSystemApplication using Java 1.8.0_292 on LT-NB-449 with PID 10988 (C:\Users\sharathkumarraju.a\Downloads\demo\employee-onboarding-system\target\classes started by sharathkumarraju.a in C:\Users\sharathkumarraju.a\Downloads\demo\employee-onboarding-system)
2021-08-12 12:59:48 [main] DEBUG c.l.e.EmployeeOnboardingSystemApplication -
                Running with Spring Boot v2.5.3, Spring v5.3.9
2021-08-12 12:59:48 [main] INFO  c.l.e.EmployeeOnboardingSystemApplication -
                No active profile set, falling back to default profiles: default
2021-08-12 12:59:58 [main] INFO  c.l.e.EmployeeOnboardingSystemApplication -
                Started EmployeeOnboardingSystemApplication in 10.466 seconds (JVM running for 13.686)
2021-08-12 13:00:04 [http-nio-8082-exec-1] INFO  c.l.e.controller.Hr -
                Retrieving all employees
2021-08-12 13:00:04 [http-nio-8082-exec-1] INFO  c.l.e.service.DemographicsService -
                tried to retrieve all employee details
2021-08-12 13:00:08 [http-nio-8082-exec-2] DEBUG c.l.e.controller.Login -
                Request com.lister.employeeonboardingsystem.voobject.LoginInput@6e80a241
2021-08-12 13:00:08 [http-nio-8082-exec-2] INFO  c.l.e.service.UserService -
                tried to login with emailsharathrajuaddepalli@gmail.com
2021-08-12 13:00:08 [http-nio-8082-exec-2] DEBUG c.l.e.controller.Login -
                Response com.lister.employeeonboardingsystem.voobject.LoginResponseVo@42155dcb
2021-08-12 13:00:08 [http-nio-8082-exec-3] INFO  c.l.e.controller.Hr -
                Retrieving all employees
2021-08-12 13:00:08 [http-nio-8082-exec-3] INFO  c.l.e.service.DemographicsService -
                tried to retrieve all employee details
2021-08-12 13:00:13 [http-nio-8082-exec-6] INFO  c.l.e.controller.Hr -
                retreivina all roles
2021-08-12 13:00:41 [http-nio-8082-exec-9] INFO  c.l.e.controller.Hr -
                Inviting the employeeghouse123@gmail.com
2021-08-12 13:00:41 [http-nio-8082-exec-9] INFO  c.l.e.service.Invite -
                tried to add new user with email idghouse123@gmail.com
2021-08-12 13:00:41 [http-nio-8082-exec-9] INFO  c.l.e.service.DemographicsService -
                trying to generate the code
2021-08-12 13:00:41 [http-nio-8082-exec-9] INFO  c.l.e.service.DemographicsService -
                save Demographics called successfully when savingLIS2404
2021-08-12 13:00:56 [http-nio-8082-exec-5] INFO  c.l.e.controller.Hr -
                Retrieving all employees
2021-08-12 13:00:56 [http-nio-8082-exec-5] INFO  c.l.e.service.DemographicsService -
                tried to retrieve all employee details
2021-08-12 13:01:15 [http-nio-8082-exec-2] INFO  c.l.e.controller.Hr -
                notifying the employee
2021-08-12 13:01:15 [http-nio-8082-exec-2] INFO  c.l.e.service.EmailService -
                tried to send mail totharundodla@gmail.com
2021-08-12 13:02:22 [http-nio-8082-exec-6] INFO  c.l.e.controller.Hr -
                Updating the status with id5
2021-08-12 13:02:22 [http-nio-8082-exec-6] INFO  c.l.e.service.DemographicsService -
                update Status function called successfully when trying torejectemployee with id5
2021-08-12 13:02:22 [http-nio-8082-exec-6] INFO  c.l.e.service.DemographicsService -
                tried to retrieve employee details with id5
2021-08-12 13:02:22 [http-nio-8082-exec-6] INFO  c.l.e.service.EmailService -
                tried to send mail toswaroopdasa@gmail.com
2021-08-12 13:02:24 [http-nio-8082-exec-8] INFO  c.l.e.controller.Hr -
                Updating the status with id5
2021-08-12 13:02:24 [http-nio-8082-exec-8] INFO  c.l.e.service.DemographicsService -
                update Status function called successfully when trying torejectemployee with id5
2021-08-12 13:02:24 [http-nio-8082-exec-8] INFO  c.l.e.service.DemographicsService -
                tried to retrieve employee details with id5
2021-08-12 13:02:24 [http-nio-8082-exec-8] INFO  c.l.e.service.EmailService -
                tried to send mail toswaroopdasa@gmail.com
2021-08-12 13:02:25 [http-nio-8082-exec-7] INFO  c.l.e.controller.Hr -
                Updating the status with id5
2021-08-12 13:02:25 [http-nio-8082-exec-7] INFO  c.l.e.service.DemographicsService -
                update Status function called successfully when trying torejectemployee with id5
2021-08-12 13:02:25 [http-nio-8082-exec-7] INFO  c.l.e.service.DemographicsService -
                tried to retrieve employee details with id5
2021-08-12 13:02:25 [http-nio-8082-exec-7] INFO  c.l.e.service.EmailService -
                tried to send mail toswaroopdasa@gmail.com
2021-08-12 13:02:25 [http-nio-8082-exec-9] INFO  c.l.e.controller.Hr -
                Updating the status with id5
2021-08-12 13:02:25 [http-nio-8082-exec-9] INFO  c.l.e.service.DemographicsService -
                update Status function called successfully when trying torejectemployee with id5
2021-08-12 13:02:25 [http-nio-8082-exec-9] INFO  c.l.e.service.DemographicsService -
                tried to retrieve employee details with id5
2021-08-12 13:02:25 [http-nio-8082-exec-9] INFO  c.l.e.service.EmailService -
                tried to send mail toswaroopdasa@gmail.com
2021-08-12 13:02:26 [http-nio-8082-exec-10] INFO  c.l.e.controller.Hr -
                Updating the status with id5
2021-08-12 13:02:26 [http-nio-8082-exec-10] INFO  c.l.e.service.DemographicsService -
                update Status function called successfully when trying torejectemployee with id5
2021-08-12 13:02:26 [http-nio-8082-exec-10] INFO  c.l.e.service.DemographicsService -
                tried to retrieve employee details with id5
2021-08-12 13:02:26 [http-nio-8082-exec-10] INFO  c.l.e.service.EmailService -
                tried to send mail toswaroopdasa@gmail.com
2021-08-12 13:02:26 [http-nio-8082-exec-5] INFO  c.l.e.controller.Hr -
                Updating the status with id5
2021-08-12 13:02:26 [http-nio-8082-exec-5] INFO  c.l.e.service.DemographicsService -
                update Status function called successfully when trying torejectemployee with id5
2021-08-12 13:02:26 [http-nio-8082-exec-5] INFO  c.l.e.service.DemographicsService -
                tried to retrieve employee details with id5
2021-08-12 13:02:26 [http-nio-8082-exec-5] INFO  c.l.e.service.EmailService -
                tried to send mail toswaroopdasa@gmail.com
2021-08-12 13:07:48 [main] INFO  c.l.e.EmployeeOnboardingSystemApplication -
                Starting EmployeeOnboardingSystemApplication using Java 1.8.0_292 on LT-NB-449 with PID 9856 (C:\Users\sharathkumarraju.a\Downloads\demo\employee-onboarding-system\target\classes started by sharathkumarraju.a in C:\Users\sharathkumarraju.a\Downloads\demo\employee-onboarding-system)
2021-08-12 13:07:48 [main] DEBUG c.l.e.EmployeeOnboardingSystemApplication -
                Running with Spring Boot v2.5.3, Spring v5.3.9
2021-08-12 13:07:48 [main] INFO  c.l.e.EmployeeOnboardingSystemApplication -
                No active profile set, falling back to default profiles: default
2021-08-12 13:07:55 [main] INFO  c.l.e.EmployeeOnboardingSystemApplication -
                Started EmployeeOnboardingSystemApplication in 7.509 seconds (JVM running for 9.897)
2021-08-12 13:08:01 [http-nio-8082-exec-1] INFO  c.l.e.controller.Hr -
                Retrieving all employees
2021-08-12 13:08:01 [http-nio-8082-exec-1] INFO  c.l.e.service.DemographicsService -
                tried to retrieve all employee details
2021-08-12 13:08:11 [http-nio-8082-exec-3] INFO  c.l.e.controller.Hr -
                Updating the status with id7
2021-08-12 13:08:11 [http-nio-8082-exec-3] INFO  c.l.e.service.DemographicsService -
                update Status function called successfully when trying toapproveemployee with id7
2021-08-12 13:08:11 [http-nio-8082-exec-3] INFO  c.l.e.service.DemographicsService -
                tried to retrieve employee details with id7
2021-08-12 13:08:44 [http-nio-8082-exec-5] INFO  c.l.e.controller.Hr -
                Retrieving all employees
2021-08-12 13:08:44 [http-nio-8082-exec-5] INFO  c.l.e.service.DemographicsService -
                tried to retrieve all employee details
2021-08-12 14:40:57 [main] INFO  c.l.e.EmployeeOnboardingSystemApplication -
                Starting EmployeeOnboardingSystemApplication using Java 1.8.0_292 on LT-NB-449 with PID 17156 (C:\Users\sharathkumarraju.a\Downloads\demo\employee-onboarding-system\target\classes started by sharathkumarraju.a in C:\Users\sharathkumarraju.a\Downloads\demo\employee-onboarding-system)
2021-08-12 14:40:57 [main] DEBUG c.l.e.EmployeeOnboardingSystemApplication -
                Running with Spring Boot v2.5.3, Spring v5.3.9
2021-08-12 14:40:57 [main] INFO  c.l.e.EmployeeOnboardingSystemApplication -
                No active profile set, falling back to default profiles: default
2021-08-12 14:41:04 [main] INFO  c.l.e.EmployeeOnboardingSystemApplication -
                Started EmployeeOnboardingSystemApplication in 8.452 seconds (JVM running for 13.079)
2021-08-12 14:42:05 [http-nio-8082-exec-2] DEBUG c.l.e.controller.Login -
                Request com.lister.employeeonboardingsystem.voobject.LoginInput@318b45ad
2021-08-12 14:42:05 [http-nio-8082-exec-2] INFO  c.l.e.service.UserService -
                tried to login with emailswaroopdasa@gmail.com
2021-08-12 14:42:05 [http-nio-8082-exec-2] DEBUG c.l.e.controller.Login -
                Response com.lister.employeeonboardingsystem.voobject.LoginResponseVo@6da4d4c6
2021-08-12 14:42:05 [http-nio-8082-exec-4] INFO  c.l.e.controller.Employee -
                getting the employee details with id5
2021-08-12 14:42:05 [http-nio-8082-exec-4] INFO  c.l.e.service.DemographicsService -
                tried to retrieve employee details with id5
2021-08-12 14:42:05 [http-nio-8082-exec-3] INFO  c.l.e.controller.Employee -
                getting the employee details with id5
2021-08-12 14:42:05 [http-nio-8082-exec-3] INFO  c.l.e.service.DemographicsService -
                tried to retrieve employee details with id5
2021-08-12 14:47:16 [http-nio-8082-exec-9] INFO  c.l.e.controller.Employee -
                getting the employee details with id5
2021-08-12 14:47:16 [http-nio-8082-exec-9] INFO  c.l.e.service.DemographicsService -
                tried to retrieve employee details with id5
2021-08-12 14:47:16 [http-nio-8082-exec-8] INFO  c.l.e.controller.Employee -
                getting the employee details with id5
2021-08-12 14:47:16 [http-nio-8082-exec-8] INFO  c.l.e.service.DemographicsService -
                tried to retrieve employee details with id5
2021-08-12 14:48:55 [http-nio-8082-exec-1] INFO  c.l.e.controller.Employee -
                getting the employee details with id5
2021-08-12 14:48:55 [http-nio-8082-exec-1] INFO  c.l.e.service.DemographicsService -
                tried to retrieve employee details with id5
2021-08-12 14:48:55 [http-nio-8082-exec-2] INFO  c.l.e.controller.Employee -
                getting the employee details with id5
2021-08-12 14:48:55 [http-nio-8082-exec-2] INFO  c.l.e.service.DemographicsService -
                tried to retrieve employee details with id5
2021-08-12 15:00:49 [http-nio-8082-exec-6] INFO  c.l.e.controller.Employee -
                getting the employee details with id5
2021-08-12 15:00:49 [http-nio-8082-exec-6] INFO  c.l.e.service.DemographicsService -
                tried to retrieve employee details with id5
2021-08-12 15:00:49 [http-nio-8082-exec-5] INFO  c.l.e.controller.Employee -
                getting the employee details with id5
2021-08-12 15:00:49 [http-nio-8082-exec-5] INFO  c.l.e.service.DemographicsService -
                tried to retrieve employee details with id5
2021-08-12 15:36:11 [main] INFO  c.l.e.EmployeeOnboardingSystemApplication -
                Starting EmployeeOnboardingSystemApplication using Java 1.8.0_292 on LT-NB-449 with PID 19848 (C:\Users\sharathkumarraju.a\Downloads\demo\employee-onboarding-system\target\classes started by sharathkumarraju.a in C:\Users\sharathkumarraju.a\Downloads\demo\employee-onboarding-system)
2021-08-12 15:36:11 [main] DEBUG c.l.e.EmployeeOnboardingSystemApplication -
                Running with Spring Boot v2.5.3, Spring v5.3.9
2021-08-12 15:36:11 [main] INFO  c.l.e.EmployeeOnboardingSystemApplication -
                No active profile set, falling back to default profiles: default
2021-08-12 15:36:19 [main] INFO  c.l.e.EmployeeOnboardingSystemApplication -
                Started EmployeeOnboardingSystemApplication in 9.37 seconds (JVM running for 11.959)
2021-08-12 15:36:44 [http-nio-8082-exec-2] DEBUG c.l.e.controller.Login -
                Request com.lister.employeeonboardingsystem.voobject.LoginInput@237ece8c
2021-08-12 15:36:44 [http-nio-8082-exec-2] INFO  c.l.e.service.UserService -
                tried to login with emailghouse123@gmail.com
2021-08-12 15:36:45 [http-nio-8082-exec-2] DEBUG c.l.e.controller.Login -
                Response com.lister.employeeonboardingsystem.voobject.LoginResponseVo@2ed6bca6
2021-08-12 15:38:22 [http-nio-8082-exec-5] INFO  c.l.e.controller.Employee -
                saving the employee details21
2021-08-12 15:38:22 [http-nio-8082-exec-5] INFO  c.l.e.service.DemographicsService -
                tried to retrieve employee details with id21
2021-08-12 15:38:22 [http-nio-8082-exec-5] INFO  c.l.e.service.DemographicsService -
                save Demographics called successfully when savingLIS2404
2021-08-12 15:39:07 [http-nio-8082-exec-7] DEBUG c.l.e.controller.Login -
                Request com.lister.employeeonboardingsystem.voobject.LoginInput@35a60e80
2021-08-12 15:39:07 [http-nio-8082-exec-7] INFO  c.l.e.service.UserService -
                tried to login with emailghouse123@gmail.com
2021-08-12 15:39:07 [http-nio-8082-exec-7] DEBUG c.l.e.controller.Login -
                Response com.lister.employeeonboardingsystem.voobject.LoginResponseVo@45a08688
2021-08-12 15:39:07 [http-nio-8082-exec-8] INFO  c.l.e.controller.Employee -
                getting the employee details with id21
2021-08-12 15:39:07 [http-nio-8082-exec-8] INFO  c.l.e.service.DemographicsService -
                tried to retrieve employee details with id21
2021-08-12 15:39:07 [http-nio-8082-exec-9] INFO  c.l.e.controller.Employee -
                getting the employee details with id21
2021-08-12 15:39:07 [http-nio-8082-exec-9] INFO  c.l.e.service.DemographicsService -
                tried to retrieve employee details with id21
2021-08-12 15:40:46 [http-nio-8082-exec-2] INFO  c.l.e.controller.Employee -
                getting the employee details with id21
2021-08-12 15:40:46 [http-nio-8082-exec-2] INFO  c.l.e.service.DemographicsService -
                tried to retrieve employee details with id21
2021-08-12 15:40:46 [http-nio-8082-exec-3] INFO  c.l.e.controller.Employee -
                getting the employee details with id21
2021-08-12 15:40:46 [http-nio-8082-exec-3] INFO  c.l.e.service.DemographicsService -
                tried to retrieve employee details with id21
2021-08-12 15:40:57 [http-nio-8082-exec-4] DEBUG c.l.e.controller.Login -
                Request com.lister.employeeonboardingsystem.voobject.LoginInput@15f84eb3
2021-08-12 15:40:57 [http-nio-8082-exec-4] INFO  c.l.e.service.UserService -
                tried to login with emailghouse123@gmail.com
2021-08-12 15:40:57 [http-nio-8082-exec-4] DEBUG c.l.e.controller.Login -
                Response com.lister.employeeonboardingsystem.voobject.LoginResponseVo@7b665680
2021-08-12 15:40:58 [http-nio-8082-exec-5] INFO  c.l.e.controller.Employee -
                getting the employee details with id21
2021-08-12 15:40:58 [http-nio-8082-exec-5] INFO  c.l.e.service.DemographicsService -
                tried to retrieve employee details with id21
2021-08-12 15:40:58 [http-nio-8082-exec-6] INFO  c.l.e.controller.Employee -
                getting the employee details with id21
2021-08-12 15:40:58 [http-nio-8082-exec-6] INFO  c.l.e.service.DemographicsService -
                tried to retrieve employee details with id21
2021-08-12 15:43:07 [http-nio-8082-exec-8] DEBUG c.l.e.controller.Login -
                Request com.lister.employeeonboardingsystem.voobject.LoginInput@410f0662
2021-08-12 15:43:07 [http-nio-8082-exec-8] INFO  c.l.e.service.UserService -
                tried to login with emailswaroopdasa@gmail.com
2021-08-12 15:43:07 [http-nio-8082-exec-8] DEBUG c.l.e.controller.Login -
                Response com.lister.employeeonboardingsystem.voobject.LoginResponseVo@66111d8
2021-08-12 15:43:07 [http-nio-8082-exec-9] INFO  c.l.e.controller.Employee -
                getting the employee details with id5
2021-08-12 15:43:07 [http-nio-8082-exec-9] INFO  c.l.e.service.DemographicsService -
                tried to retrieve employee details with id5
2021-08-12 15:43:07 [http-nio-8082-exec-10] INFO  c.l.e.controller.Employee -
                getting the employee details with id5
2021-08-12 15:43:07 [http-nio-8082-exec-10] INFO  c.l.e.service.DemographicsService -
                tried to retrieve employee details with id5
2021-08-12 15:48:28 [http-nio-8082-exec-3] DEBUG c.l.e.controller.Login -
                Request com.lister.employeeonboardingsystem.voobject.LoginInput@2d591d8
2021-08-12 15:48:28 [http-nio-8082-exec-3] INFO  c.l.e.service.UserService -
                tried to login with emailghouse123@gmail.com
2021-08-12 15:48:28 [http-nio-8082-exec-3] DEBUG c.l.e.controller.Login -
                Response com.lister.employeeonboardingsystem.voobject.LoginResponseVo@287522ce
2021-08-12 15:48:28 [http-nio-8082-exec-4] INFO  c.l.e.controller.Employee -
                getting the employee details with id21
2021-08-12 15:48:28 [http-nio-8082-exec-4] INFO  c.l.e.service.DemographicsService -
                tried to retrieve employee details with id21
2021-08-12 15:48:28 [http-nio-8082-exec-5] INFO  c.l.e.controller.Employee -
                getting the employee details with id21
2021-08-12 15:48:28 [http-nio-8082-exec-5] INFO  c.l.e.service.DemographicsService -
                tried to retrieve employee details with id21
2021-08-12 15:50:39 [http-nio-8082-exec-8] INFO  c.l.e.controller.Employee -
                getting the employee details with id21
2021-08-12 15:50:39 [http-nio-8082-exec-8] INFO  c.l.e.service.DemographicsService -
                tried to retrieve employee details with id21
2021-08-12 15:50:39 [http-nio-8082-exec-9] INFO  c.l.e.controller.Employee -
                getting the employee details with id21
2021-08-12 15:50:39 [http-nio-8082-exec-9] INFO  c.l.e.service.DemographicsService -
                tried to retrieve employee details with id21
2021-08-12 15:51:38 [http-nio-8082-exec-2] INFO  c.l.e.controller.Employee -
                getting the employee details with id21
2021-08-12 15:51:38 [http-nio-8082-exec-2] INFO  c.l.e.service.DemographicsService -
                tried to retrieve employee details with id21
2021-08-12 15:51:38 [http-nio-8082-exec-1] INFO  c.l.e.controller.Employee -
                getting the employee details with id21
2021-08-12 15:51:38 [http-nio-8082-exec-1] INFO  c.l.e.service.DemographicsService -
                tried to retrieve employee details with id21
2021-08-12 15:53:03 [http-nio-8082-exec-5] INFO  c.l.e.controller.Employee -
                getting the employee details with id21
2021-08-12 15:53:03 [http-nio-8082-exec-5] INFO  c.l.e.service.DemographicsService -
                tried to retrieve employee details with id21
2021-08-12 15:53:03 [http-nio-8082-exec-6] INFO  c.l.e.controller.Employee -
                getting the employee details with id21
2021-08-12 15:53:03 [http-nio-8082-exec-6] INFO  c.l.e.service.DemographicsService -
                tried to retrieve employee details with id21
2021-08-12 15:53:11 [http-nio-8082-exec-8] INFO  c.l.e.controller.Employee -
                getting the employee details with id21
2021-08-12 15:53:11 [http-nio-8082-exec-8] INFO  c.l.e.service.DemographicsService -
                tried to retrieve employee details with id21
2021-08-12 15:53:11 [http-nio-8082-exec-9] INFO  c.l.e.controller.Employee -
                getting the employee details with id21
2021-08-12 15:53:11 [http-nio-8082-exec-9] INFO  c.l.e.service.DemographicsService -
                tried to retrieve employee details with id21
2021-08-12 15:53:13 [http-nio-8082-exec-10] INFO  c.l.e.controller.Employee -
                getting the employee details with id21
2021-08-12 15:53:13 [http-nio-8082-exec-10] INFO  c.l.e.service.DemographicsService -
                tried to retrieve employee details with id21
2021-08-12 15:53:13 [http-nio-8082-exec-2] INFO  c.l.e.controller.Employee -
                getting the employee details with id21
2021-08-12 15:53:13 [http-nio-8082-exec-2] INFO  c.l.e.service.DemographicsService -
                tried to retrieve employee details with id21
2021-08-12 15:53:20 [http-nio-8082-exec-3] INFO  c.l.e.controller.Employee -
                getting the employee details with id21
2021-08-12 15:53:20 [http-nio-8082-exec-3] INFO  c.l.e.service.DemographicsService -
                tried to retrieve employee details with id21
2021-08-12 15:53:20 [http-nio-8082-exec-4] INFO  c.l.e.controller.Employee -
                getting the employee details with id21
2021-08-12 15:53:20 [http-nio-8082-exec-4] INFO  c.l.e.service.DemographicsService -
                tried to retrieve employee details with id21
2021-08-12 17:08:41 [main] INFO  c.l.e.EmployeeOnboardingSystemApplication -
                Starting EmployeeOnboardingSystemApplication using Java 1.8.0_292 on LT-NB-449 with PID 15984 (C:\Users\sharathkumarraju.a\Downloads\demo\employee-onboarding-system\target\classes started by sharathkumarraju.a in C:\Users\sharathkumarraju.a\Downloads\demo\employee-onboarding-system)
2021-08-12 17:08:41 [main] DEBUG c.l.e.EmployeeOnboardingSystemApplication -
                Running with Spring Boot v2.5.3, Spring v5.3.9
2021-08-12 17:08:41 [main] INFO  c.l.e.EmployeeOnboardingSystemApplication -
                No active profile set, falling back to default profiles: default
2021-08-12 17:08:55 [main] INFO  c.l.e.EmployeeOnboardingSystemApplication -
                Started EmployeeOnboardingSystemApplication in 15.991 seconds (JVM running for 23.878)
2021-08-12 17:09:00 [http-nio-8082-exec-1] INFO  c.l.e.controller.Employee -
                getting the employee details with id21
2021-08-12 17:09:00 [http-nio-8082-exec-1] INFO  c.l.e.service.DemographicsService -
                tried to retrieve employee details with id21
2021-08-12 17:09:01 [http-nio-8082-exec-3] INFO  c.l.e.controller.Employee -
                getting the employee details with id21
2021-08-12 17:09:01 [http-nio-8082-exec-3] INFO  c.l.e.service.DemographicsService -
                tried to retrieve employee details with id21
2021-08-12 17:09:19 [http-nio-8082-exec-6] DEBUG c.l.e.controller.Login -
                Request com.lister.employeeonboardingsystem.voobject.LoginInput@d72dd15
2021-08-12 17:09:19 [http-nio-8082-exec-6] INFO  c.l.e.service.UserService -
                tried to login with emailghouse123@gmail.com
2021-08-12 17:09:19 [http-nio-8082-exec-6] DEBUG c.l.e.controller.Login -
                Response com.lister.employeeonboardingsystem.voobject.LoginResponseVo@7ea4f895
2021-08-12 17:09:19 [http-nio-8082-exec-7] INFO  c.l.e.controller.Employee -
                getting the employee details with id21
2021-08-12 17:09:19 [http-nio-8082-exec-7] INFO  c.l.e.service.DemographicsService -
                tried to retrieve employee details with id21
2021-08-12 17:09:19 [http-nio-8082-exec-8] INFO  c.l.e.controller.Employee -
                getting the employee details with id21
2021-08-12 17:09:19 [http-nio-8082-exec-8] INFO  c.l.e.service.DemographicsService -
                tried to retrieve employee details with id21
2021-08-12 17:10:47 [http-nio-8082-exec-1] INFO  c.l.e.controller.Employee -
                getting the employee details with id21
2021-08-12 17:10:47 [http-nio-8082-exec-1] INFO  c.l.e.service.DemographicsService -
                tried to retrieve employee details with id21
2021-08-12 17:10:47 [http-nio-8082-exec-3] INFO  c.l.e.controller.Employee -
                getting the employee details with id21
2021-08-12 17:10:47 [http-nio-8082-exec-3] INFO  c.l.e.service.DemographicsService -
                tried to retrieve employee details with id21
2021-08-12 17:36:37 [http-nio-8082-exec-5] INFO  c.l.e.controller.Employee -
                getting the employee details with id21
2021-08-12 17:36:37 [http-nio-8082-exec-5] INFO  c.l.e.service.DemographicsService -
                tried to retrieve employee details with id21
2021-08-12 17:36:37 [http-nio-8082-exec-6] INFO  c.l.e.controller.Employee -
                getting the employee details with id21
2021-08-12 17:36:37 [http-nio-8082-exec-6] INFO  c.l.e.service.DemographicsService -
                tried to retrieve employee details with id21
2021-08-12 17:37:23 [http-nio-8082-exec-7] DEBUG c.l.e.controller.Login -
                Request com.lister.employeeonboardingsystem.voobject.LoginInput@620602fd
2021-08-12 17:37:23 [http-nio-8082-exec-7] INFO  c.l.e.service.UserService -
                tried to login with emailghouse123@gmail.com
2021-08-12 17:37:23 [http-nio-8082-exec-7] DEBUG c.l.e.controller.Login -
                Response com.lister.employeeonboardingsystem.voobject.LoginResponseVo@6c0d2567
2021-08-12 17:37:23 [http-nio-8082-exec-8] INFO  c.l.e.controller.Employee -
                getting the employee details with id21
2021-08-12 17:37:23 [http-nio-8082-exec-8] INFO  c.l.e.service.DemographicsService -
                tried to retrieve employee details with id21
2021-08-12 17:37:23 [http-nio-8082-exec-9] INFO  c.l.e.controller.Employee -
                getting the employee details with id21
2021-08-12 17:37:23 [http-nio-8082-exec-9] INFO  c.l.e.service.DemographicsService -
                tried to retrieve employee details with id21
2021-08-12 17:45:50 [main] INFO  c.l.e.EmployeeOnboardingSystemApplication -
                Starting EmployeeOnboardingSystemApplication using Java 1.8.0_292 on LT-NB-449 with PID 21496 (C:\Users\sharathkumarraju.a\Downloads\demo\employee-onboarding-system\target\classes started by sharathkumarraju.a in C:\Users\sharathkumarraju.a\Downloads\demo\employee-onboarding-system)
2021-08-12 17:45:50 [main] DEBUG c.l.e.EmployeeOnboardingSystemApplication -
                Running with Spring Boot v2.5.3, Spring v5.3.9
2021-08-12 17:45:50 [main] INFO  c.l.e.EmployeeOnboardingSystemApplication -
                No active profile set, falling back to default profiles: default
2021-08-12 17:46:03 [main] INFO  c.l.e.EmployeeOnboardingSystemApplication -
                Started EmployeeOnboardingSystemApplication in 13.797 seconds (JVM running for 16.558)
2021-08-12 17:46:32 [http-nio-8082-exec-2] DEBUG c.l.e.controller.Login -
                Request com.lister.employeeonboardingsystem.voobject.LoginInput@7cd7f908
2021-08-12 17:46:32 [http-nio-8082-exec-2] INFO  c.l.e.service.UserService -
                tried to login with emailghouse123@gmail.com
2021-08-12 17:46:33 [http-nio-8082-exec-2] DEBUG c.l.e.controller.Login -
                Response com.lister.employeeonboardingsystem.voobject.LoginResponseVo@131e0d4d
2021-08-12 17:46:33 [http-nio-8082-exec-3] INFO  c.l.e.controller.Employee -
                getting the employee details with id21
2021-08-12 17:46:33 [http-nio-8082-exec-3] INFO  c.l.e.service.DemographicsService -
                tried to retrieve employee details with id21
2021-08-12 17:46:33 [http-nio-8082-exec-4] INFO  c.l.e.controller.Employee -
                getting the employee details with id21
2021-08-12 17:46:33 [http-nio-8082-exec-4] INFO  c.l.e.service.DemographicsService -
                tried to retrieve employee details with id21
2021-08-12 17:50:50 [http-nio-8082-exec-7] DEBUG c.l.e.controller.Login -
                Request com.lister.employeeonboardingsystem.voobject.LoginInput@4aba08d5
2021-08-12 17:50:50 [http-nio-8082-exec-7] INFO  c.l.e.service.UserService -
                tried to login with emailghouse123@gmail.com
2021-08-12 17:50:50 [http-nio-8082-exec-7] DEBUG c.l.e.controller.Login -
                Response com.lister.employeeonboardingsystem.voobject.LoginResponseVo@3b78cab0
2021-08-12 17:50:50 [http-nio-8082-exec-10] INFO  c.l.e.controller.Employee -
                getting the employee details with id21
2021-08-12 17:50:50 [http-nio-8082-exec-10] INFO  c.l.e.service.DemographicsService -
                tried to retrieve employee details with id21
2021-08-12 17:50:50 [http-nio-8082-exec-8] INFO  c.l.e.controller.Employee -
                getting the employee details with id21
2021-08-12 17:50:50 [http-nio-8082-exec-8] INFO  c.l.e.service.DemographicsService -
                tried to retrieve employee details with id21
2021-08-12 17:53:00 [http-nio-8082-exec-1] INFO  c.l.e.controller.Employee -
                getting the employee details with id21
2021-08-12 17:53:00 [http-nio-8082-exec-1] INFO  c.l.e.service.DemographicsService -
                tried to retrieve employee details with id21
2021-08-12 17:53:44 [http-nio-8082-exec-3] INFO  c.l.e.controller.Employee -
                getting the employee details with id21
2021-08-12 17:53:44 [http-nio-8082-exec-3] INFO  c.l.e.service.DemographicsService -
                tried to retrieve employee details with id21
2021-08-12 17:53:44 [http-nio-8082-exec-4] INFO  c.l.e.controller.Employee -
                getting the employee details with id21
2021-08-12 17:53:44 [http-nio-8082-exec-4] INFO  c.l.e.service.DemographicsService -
                tried to retrieve employee details with id21
2021-08-12 17:54:15 [http-nio-8082-exec-6] INFO  c.l.e.controller.Employee -
                getting the employee details with id21
2021-08-12 17:54:15 [http-nio-8082-exec-6] INFO  c.l.e.service.DemographicsService -
                tried to retrieve employee details with id21
2021-08-12 17:54:16 [http-nio-8082-exec-7] INFO  c.l.e.controller.Employee -
                getting the employee details with id21
2021-08-12 17:54:16 [http-nio-8082-exec-7] INFO  c.l.e.service.DemographicsService -
                tried to retrieve employee details with id21
2021-08-12 17:56:07 [http-nio-8082-exec-8] DEBUG c.l.e.controller.Login -
                Request com.lister.employeeonboardingsystem.voobject.LoginInput@76468321
2021-08-12 17:56:07 [http-nio-8082-exec-8] INFO  c.l.e.service.UserService -
                tried to login with emailghouse123@gmail.com
2021-08-12 17:56:07 [http-nio-8082-exec-8] DEBUG c.l.e.controller.Login -
                Response com.lister.employeeonboardingsystem.voobject.LoginResponseVo@53322ba8
2021-08-12 17:56:07 [http-nio-8082-exec-9] INFO  c.l.e.controller.Employee -
                getting the employee details with id21
2021-08-12 17:56:07 [http-nio-8082-exec-9] INFO  c.l.e.service.DemographicsService -
                tried to retrieve employee details with id21
2021-08-12 17:56:07 [http-nio-8082-exec-1] INFO  c.l.e.controller.Employee -
                getting the employee details with id21
2021-08-12 17:56:07 [http-nio-8082-exec-1] INFO  c.l.e.service.DemographicsService -
                tried to retrieve employee details with id21
2021-08-12 17:57:49 [http-nio-8082-exec-4] DEBUG c.l.e.controller.Login -
                Request com.lister.employeeonboardingsystem.voobject.LoginInput@2db1f5c4
2021-08-12 17:57:49 [http-nio-8082-exec-4] INFO  c.l.e.service.UserService -
                tried to login with emailghouse123@gmail.com
2021-08-12 17:57:49 [http-nio-8082-exec-4] DEBUG c.l.e.controller.Login -
                Response com.lister.employeeonboardingsystem.voobject.LoginResponseVo@19f0bf87
2021-08-12 17:57:49 [http-nio-8082-exec-5] INFO  c.l.e.controller.Employee -
                getting the employee details with id21
2021-08-12 17:57:49 [http-nio-8082-exec-5] INFO  c.l.e.service.DemographicsService -
                tried to retrieve employee details with id21
2021-08-12 17:57:49 [http-nio-8082-exec-6] INFO  c.l.e.controller.Employee -
                getting the employee details with id21
2021-08-12 17:57:49 [http-nio-8082-exec-6] INFO  c.l.e.service.DemographicsService -
                tried to retrieve employee details with id21
2021-08-12 17:59:02 [http-nio-8082-exec-8] DEBUG c.l.e.controller.Login -
                Request com.lister.employeeonboardingsystem.voobject.LoginInput@4d6895f7
2021-08-12 17:59:02 [http-nio-8082-exec-8] INFO  c.l.e.service.UserService -
                tried to login with emailghouse123@gmail.com
2021-08-12 17:59:02 [http-nio-8082-exec-8] DEBUG c.l.e.controller.Login -
                Response com.lister.employeeonboardingsystem.voobject.LoginResponseVo@68d128f8
2021-08-12 17:59:03 [http-nio-8082-exec-9] INFO  c.l.e.controller.Employee -
                getting the employee details with id21
2021-08-12 17:59:03 [http-nio-8082-exec-9] INFO  c.l.e.service.DemographicsService -
                tried to retrieve employee details with id21
2021-08-12 17:59:03 [http-nio-8082-exec-1] INFO  c.l.e.controller.Employee -
                getting the employee details with id21
2021-08-12 17:59:03 [http-nio-8082-exec-1] INFO  c.l.e.service.DemographicsService -
                tried to retrieve employee details with id21
2021-08-12 18:10:35 [http-nio-8082-exec-4] DEBUG c.l.e.controller.Login -
                Request com.lister.employeeonboardingsystem.voobject.LoginInput@2832aacf
2021-08-12 18:10:35 [http-nio-8082-exec-4] INFO  c.l.e.service.UserService -
                tried to login with emailghouse123@gmail.com
2021-08-12 18:10:35 [http-nio-8082-exec-4] DEBUG c.l.e.controller.Login -
                Response com.lister.employeeonboardingsystem.voobject.LoginResponseVo@5c1120f0
2021-08-12 18:10:35 [http-nio-8082-exec-5] INFO  c.l.e.controller.Employee -
                getting the employee details with id21
2021-08-12 18:10:35 [http-nio-8082-exec-5] INFO  c.l.e.service.DemographicsService -
                tried to retrieve employee details with id21
2021-08-12 18:10:35 [http-nio-8082-exec-6] INFO  c.l.e.controller.Employee -
                getting the employee details with id21
2021-08-12 18:10:35 [http-nio-8082-exec-6] INFO  c.l.e.service.DemographicsService -
                tried to retrieve employee details with id21
2021-08-12 18:11:42 [http-nio-8082-exec-8] INFO  c.l.e.controller.Employee -
                getting the employee details with id21
2021-08-12 18:11:42 [http-nio-8082-exec-8] INFO  c.l.e.service.DemographicsService -
                tried to retrieve employee details with id21
2021-08-12 18:11:42 [http-nio-8082-exec-9] INFO  c.l.e.controller.Employee -
                getting the employee details with id21
2021-08-12 18:11:42 [http-nio-8082-exec-9] INFO  c.l.e.service.DemographicsService -
                tried to retrieve employee details with id21
2021-08-12 18:26:31 [main] INFO  c.l.e.EmployeeOnboardingSystemApplication -
                Starting EmployeeOnboardingSystemApplication using Java 1.8.0_302 on LT-NB-449 with PID 18500 (C:\Users\sharathkumarraju.a\Downloads\demo\employee-onboarding-system\target\classes started by sharathkumarraju.a in C:\Users\sharathkumarraju.a\Downloads\demo\employee-onboarding-system)
2021-08-12 18:26:31 [main] DEBUG c.l.e.EmployeeOnboardingSystemApplication -
                Running with Spring Boot v2.5.3, Spring v5.3.9
2021-08-12 18:26:31 [main] INFO  c.l.e.EmployeeOnboardingSystemApplication -
                No active profile set, falling back to default profiles: default
2021-08-12 18:27:25 [main] INFO  c.l.e.EmployeeOnboardingSystemApplication -
                Starting EmployeeOnboardingSystemApplication using Java 1.8.0_302 on LT-NB-449 with PID 4868 (C:\Users\sharathkumarraju.a\Downloads\demo\employee-onboarding-system\target\classes started by sharathkumarraju.a in C:\Users\sharathkumarraju.a\Downloads\demo\employee-onboarding-system)
2021-08-12 18:27:25 [main] DEBUG c.l.e.EmployeeOnboardingSystemApplication -
                Running with Spring Boot v2.5.3, Spring v5.3.9
2021-08-12 18:27:25 [main] INFO  c.l.e.EmployeeOnboardingSystemApplication -
                No active profile set, falling back to default profiles: default
2021-08-12 18:28:14 [main] INFO  c.l.e.EmployeeOnboardingSystemApplication -
                Starting EmployeeOnboardingSystemApplication using Java 1.8.0_302 on LT-NB-449 with PID 14316 (C:\Users\sharathkumarraju.a\Downloads\demo\employee-onboarding-system\target\classes started by sharathkumarraju.a in C:\Users\sharathkumarraju.a\Downloads\demo\employee-onboarding-system)
2021-08-12 18:28:14 [main] DEBUG c.l.e.EmployeeOnboardingSystemApplication -
                Running with Spring Boot v2.5.3, Spring v5.3.9
2021-08-12 18:28:14 [main] INFO  c.l.e.EmployeeOnboardingSystemApplication -
                No active profile set, falling back to default profiles: default
2021-08-12 18:28:27 [main] INFO  c.l.e.EmployeeOnboardingSystemApplication -
                Started EmployeeOnboardingSystemApplication in 13.639 seconds (JVM running for 15.56)
2021-08-12 18:29:14 [http-nio-8082-exec-2] DEBUG c.l.e.controller.Login -
                Request com.lister.employeeonboardingsystem.voobject.LoginInput@31212786
2021-08-12 18:29:14 [http-nio-8082-exec-2] INFO  c.l.e.service.UserService -
                tried to login with emailghouse123@gmail.com
2021-08-12 18:29:15 [http-nio-8082-exec-2] DEBUG c.l.e.controller.Login -
                Response com.lister.employeeonboardingsystem.voobject.LoginResponseVo@2874553b
2021-08-12 18:29:15 [http-nio-8082-exec-3] INFO  c.l.e.controller.Employee -
                getting the employee details with id21
2021-08-12 18:29:15 [http-nio-8082-exec-3] INFO  c.l.e.service.DemographicsService -
                tried to retrieve employee details with id21
2021-08-12 18:29:15 [http-nio-8082-exec-4] INFO  c.l.e.controller.Employee -
                getting the employee details with id21
2021-08-12 18:29:15 [http-nio-8082-exec-4] INFO  c.l.e.service.DemographicsService -
                tried to retrieve employee details with id21
2021-08-12 18:35:05 [http-nio-8082-exec-8] DEBUG c.l.e.controller.Login -
                Request com.lister.employeeonboardingsystem.voobject.LoginInput@4bc1fa9e
2021-08-12 18:35:05 [http-nio-8082-exec-8] INFO  c.l.e.service.UserService -
                tried to login with emailtharundodla@gmail.com
2021-08-12 18:35:05 [http-nio-8082-exec-8] DEBUG c.l.e.controller.Login -
                Response com.lister.employeeonboardingsystem.voobject.LoginResponseVo@3863f211
2021-08-12 18:40:13 [http-nio-8082-exec-1] INFO  c.l.e.controller.Employee -
                saving the employee details19
2021-08-12 18:40:13 [http-nio-8082-exec-1] INFO  c.l.e.service.DemographicsService -
                tried to retrieve employee details with id19
2021-08-12 18:40:13 [http-nio-8082-exec-1] INFO  c.l.e.service.DemographicsService -
                save Demographics called successfully when savingLIS2403
2021-08-12 18:42:34 [http-nio-8082-exec-3] DEBUG c.l.e.controller.Login -
                Request com.lister.employeeonboardingsystem.voobject.LoginInput@1b0f6357
2021-08-12 18:42:34 [http-nio-8082-exec-3] INFO  c.l.e.service.UserService -
                tried to login with emailsharathrajuaddepalli@gmail.com
2021-08-12 18:42:34 [http-nio-8082-exec-3] DEBUG c.l.e.controller.Login -
                Response com.lister.employeeonboardingsystem.voobject.LoginResponseVo@65ab38b1
2021-08-12 18:42:34 [http-nio-8082-exec-4] INFO  c.l.e.controller.Hr -
                Retrieving all employees
2021-08-12 18:42:34 [http-nio-8082-exec-4] INFO  c.l.e.service.DemographicsService -
                tried to retrieve all employee details
2021-08-12 18:42:39 [http-nio-8082-exec-5] INFO  c.l.e.controller.Hr -
                retrieving all roles
2021-08-12 18:43:11 [http-nio-8082-exec-8] INFO  c.l.e.controller.Hr -
                Inviting the employeesatishreddy@gmail.com
2021-08-12 18:43:11 [http-nio-8082-exec-8] INFO  c.l.e.service.Invite -
                tried to add new user with email idsatishreddy@gmail.com
2021-08-12 18:43:11 [http-nio-8082-exec-8] INFO  c.l.e.service.DemographicsService -
                trying to generate the code
2021-08-12 18:43:11 [http-nio-8082-exec-8] INFO  c.l.e.service.DemographicsService -
                save Demographics called successfully when savingLIS2405
2021-08-12 18:44:15 [http-nio-8082-exec-9] DEBUG c.l.e.controller.Login -
                Request com.lister.employeeonboardingsystem.voobject.LoginInput@12c6393
2021-08-12 18:44:15 [http-nio-8082-exec-9] INFO  c.l.e.service.UserService -
                tried to login with emailsatishreddy@gmail.com
2021-08-12 18:44:15 [http-nio-8082-exec-9] DEBUG c.l.e.controller.Login -
                Response com.lister.employeeonboardingsystem.voobject.LoginResponseVo@29e85c
2021-08-12 18:46:10 [http-nio-8082-exec-1] INFO  c.l.e.controller.Employee -
                saving the employee details27
2021-08-12 18:46:10 [http-nio-8082-exec-1] INFO  c.l.e.service.DemographicsService -
                tried to retrieve employee details with id27
2021-08-12 18:46:10 [http-nio-8082-exec-1] INFO  c.l.e.service.DemographicsService -
                save Demographics called successfully when savingLIS2405
2021-08-12 18:52:34 [http-nio-8082-exec-3] DEBUG c.l.e.controller.Login -
                Request com.lister.employeeonboardingsystem.voobject.LoginInput@1c63ab77
2021-08-12 18:52:34 [http-nio-8082-exec-3] INFO  c.l.e.service.UserService -
                tried to login with emailsharathrajuaddepalli@gmail.com
2021-08-12 18:52:34 [http-nio-8082-exec-3] DEBUG c.l.e.controller.Login -
                Response com.lister.employeeonboardingsystem.voobject.LoginResponseVo@2e0b39e2
2021-08-12 18:52:34 [http-nio-8082-exec-4] INFO  c.l.e.controller.Hr -
                Retrieving all employees
2021-08-12 18:52:34 [http-nio-8082-exec-4] INFO  c.l.e.service.DemographicsService -
                tried to retrieve all employee details
2021-08-12 18:52:36 [http-nio-8082-exec-6] INFO  c.l.e.controller.Hr -
                retrieving all roles
2021-08-12 18:53:02 [http-nio-8082-exec-8] INFO  c.l.e.controller.Hr -
                Inviting the employeeindraneelsuri@gmail.com
2021-08-12 18:53:02 [http-nio-8082-exec-8] INFO  c.l.e.service.Invite -
                tried to add new user with email idindraneelsuri@gmail.com
2021-08-12 18:53:02 [http-nio-8082-exec-8] INFO  c.l.e.service.DemographicsService -
                trying to generate the code
2021-08-12 18:53:02 [http-nio-8082-exec-8] INFO  c.l.e.service.DemographicsService -
                save Demographics called successfully when savingLIS2406
2021-08-12 18:53:15 [http-nio-8082-exec-7] INFO  c.l.e.controller.Hr -
                Retrieving all employees
2021-08-12 18:53:15 [http-nio-8082-exec-7] INFO  c.l.e.service.DemographicsService -
                tried to retrieve all employee details
2021-08-12 18:56:14 [main] INFO  c.l.e.EmployeeOnboardingSystemApplication -
                Starting EmployeeOnboardingSystemApplication using Java 1.8.0_302 on LT-NB-449 with PID 3532 (C:\Users\sharathkumarraju.a\Downloads\demo\employee-onboarding-system\target\classes started by sharathkumarraju.a in C:\Users\sharathkumarraju.a\Downloads\demo\employee-onboarding-system)
2021-08-12 18:56:14 [main] DEBUG c.l.e.EmployeeOnboardingSystemApplication -
                Running with Spring Boot v2.5.3, Spring v5.3.9
2021-08-12 18:56:14 [main] INFO  c.l.e.EmployeeOnboardingSystemApplication -
                No active profile set, falling back to default profiles: default
2021-08-12 18:56:30 [main] INFO  c.l.e.EmployeeOnboardingSystemApplication -
                Started EmployeeOnboardingSystemApplication in 20.195 seconds (JVM running for 52.968)
2021-08-12 18:56:56 [http-nio-8082-exec-1] DEBUG c.l.e.controller.Login -
                Request com.lister.employeeonboardingsystem.voobject.LoginInput@17365df6
2021-08-12 18:56:56 [http-nio-8082-exec-1] INFO  c.l.e.service.UserService -
                tried to login with emailindraneelsuri@gmail.com
2021-08-12 18:56:56 [http-nio-8082-exec-1] DEBUG c.l.e.controller.Login -
                Response com.lister.employeeonboardingsystem.voobject.LoginResponseVo@3308944e
2021-08-12 19:01:23 [http-nio-8082-exec-6] DEBUG c.l.e.controller.Login -
                Request com.lister.employeeonboardingsystem.voobject.LoginInput@577d4d7a
2021-08-12 19:01:23 [http-nio-8082-exec-6] INFO  c.l.e.service.UserService -
                tried to login with emailindraneelsuri@gmail.com
2021-08-12 19:01:23 [http-nio-8082-exec-6] DEBUG c.l.e.controller.Login -
                Response com.lister.employeeonboardingsystem.voobject.LoginResponseVo@57e35ce7
2021-08-12 19:04:48 [http-nio-8082-exec-10] DEBUG c.l.e.controller.Login -
                Request com.lister.employeeonboardingsystem.voobject.LoginInput@7e6467f8
2021-08-12 19:04:48 [http-nio-8082-exec-10] INFO  c.l.e.service.UserService -
                tried to login with emailindraneelsuri@gmail.com
2021-08-12 19:04:48 [http-nio-8082-exec-10] DEBUG c.l.e.controller.Login -
                Response com.lister.employeeonboardingsystem.voobject.LoginResponseVo@5e5e6b09
2021-08-12 19:06:22 [http-nio-8082-exec-2] INFO  c.l.e.controller.Employee -
                saving the employee details31
2021-08-12 19:06:22 [http-nio-8082-exec-2] INFO  c.l.e.service.DemographicsService -
                tried to retrieve employee details with id31
2021-08-12 19:06:22 [http-nio-8082-exec-2] INFO  c.l.e.service.DemographicsService -
                save Demographics called successfully when savingLIS2406
2021-08-12 19:36:37 [main] INFO  c.l.e.EmployeeOnboardingSystemApplication -
                Starting EmployeeOnboardingSystemApplication using Java 1.8.0_302 on LT-NB-449 with PID 19332 (C:\Users\sharathkumarraju.a\Downloads\demo\employee-onboarding-system\target\classes started by sharathkumarraju.a in C:\Users\sharathkumarraju.a\Downloads\demo\employee-onboarding-system)
2021-08-12 19:36:37 [main] DEBUG c.l.e.EmployeeOnboardingSystemApplication -
                Running with Spring Boot v2.5.3, Spring v5.3.9
2021-08-12 19:36:37 [main] INFO  c.l.e.EmployeeOnboardingSystemApplication -
                No active profile set, falling back to default profiles: default
2021-08-12 19:36:48 [main] INFO  c.l.e.EmployeeOnboardingSystemApplication -
                Started EmployeeOnboardingSystemApplication in 11.872 seconds (JVM running for 13.966)
2021-08-12 19:37:12 [http-nio-8082-exec-4] DEBUG c.l.e.controller.Login -
                Request com.lister.employeeonboardingsystem.voobject.LoginInput@138414b
2021-08-12 19:37:12 [http-nio-8082-exec-4] INFO  c.l.e.service.UserService -
                tried to login with emailindraneelsuri@gmail.com
2021-08-12 19:37:12 [http-nio-8082-exec-4] DEBUG c.l.e.controller.Login -
                Response com.lister.employeeonboardingsystem.voobject.LoginResponseVo@6464c7d7
2021-08-12 19:38:56 [http-nio-8082-exec-8] INFO  c.l.e.controller.Employee -
                saving the employee details31
2021-08-12 19:38:56 [http-nio-8082-exec-8] INFO  c.l.e.service.DemographicsService -
                tried to retrieve employee details with id31
2021-08-12 19:38:56 [http-nio-8082-exec-8] INFO  c.l.e.service.DemographicsService -
                save Demographics called successfully when savingLIS2406
2021-08-12 19:39:47 [http-nio-8082-exec-7] DEBUG c.l.e.controller.Login -
                Request com.lister.employeeonboardingsystem.voobject.LoginInput@5234cad2
2021-08-12 19:39:47 [http-nio-8082-exec-7] INFO  c.l.e.service.UserService -
                tried to login with emailindraneelsuri@gmail.com
2021-08-12 19:39:47 [http-nio-8082-exec-7] DEBUG c.l.e.controller.Login -
                Response com.lister.employeeonboardingsystem.voobject.LoginResponseVo@5be8d6aa
2021-08-12 19:39:47 [http-nio-8082-exec-9] INFO  c.l.e.controller.Employee -
                getting the employee details with id31
2021-08-12 19:39:47 [http-nio-8082-exec-9] INFO  c.l.e.service.DemographicsService -
                tried to retrieve employee details with id31
2021-08-12 19:39:47 [http-nio-8082-exec-5] INFO  c.l.e.controller.Employee -
                getting the employee details with id31
2021-08-12 19:39:47 [http-nio-8082-exec-5] INFO  c.l.e.service.DemographicsService -
                tried to retrieve employee details with id31
2021-08-12 19:41:31 [http-nio-8082-exec-4] INFO  c.l.e.controller.Employee -
                getting the employee details with id31
2021-08-12 19:41:31 [http-nio-8082-exec-4] INFO  c.l.e.service.DemographicsService -
                tried to retrieve employee details with id31
2021-08-12 19:41:31 [http-nio-8082-exec-3] INFO  c.l.e.controller.Employee -
                getting the employee details with id31
2021-08-12 19:41:31 [http-nio-8082-exec-3] INFO  c.l.e.service.DemographicsService -
                tried to retrieve employee details with id31
2021-08-12 22:24:49 [http-nio-8082-exec-6] INFO  c.l.e.controller.Employee -
                getting the employee details with id31
2021-08-12 22:24:49 [http-nio-8082-exec-6] INFO  c.l.e.service.DemographicsService -
                tried to retrieve employee details with id31
2021-08-12 22:24:49 [http-nio-8082-exec-7] INFO  c.l.e.controller.Employee -
                getting the employee details with id31
2021-08-12 22:24:49 [http-nio-8082-exec-7] INFO  c.l.e.service.DemographicsService -
                tried to retrieve employee details with id31
2021-08-12 22:26:17 [http-nio-8082-exec-10] INFO  c.l.e.controller.Employee -
                getting the employee details with id31
2021-08-12 22:26:17 [http-nio-8082-exec-10] INFO  c.l.e.service.DemographicsService -
                tried to retrieve employee details with id31
2021-08-12 22:26:17 [http-nio-8082-exec-1] INFO  c.l.e.controller.Employee -
                getting the employee details with id31
2021-08-12 22:26:17 [http-nio-8082-exec-1] INFO  c.l.e.service.DemographicsService -
                tried to retrieve employee details with id31
2021-08-12 22:35:33 [http-nio-8082-exec-3] INFO  c.l.e.controller.Employee -
                getting the employee details with id31
2021-08-12 22:35:33 [http-nio-8082-exec-3] INFO  c.l.e.service.DemographicsService -
                tried to retrieve employee details with id31
2021-08-12 22:35:33 [http-nio-8082-exec-2] INFO  c.l.e.controller.Employee -
                getting the employee details with id31
2021-08-12 22:35:33 [http-nio-8082-exec-2] INFO  c.l.e.service.DemographicsService -
                tried to retrieve employee details with id31
2021-08-12 22:36:16 [http-nio-8082-exec-8] INFO  c.l.e.controller.Employee -
                getting the employee details with id31
2021-08-12 22:36:16 [http-nio-8082-exec-8] INFO  c.l.e.service.DemographicsService -
                tried to retrieve employee details with id31
2021-08-12 22:36:16 [http-nio-8082-exec-6] INFO  c.l.e.controller.Employee -
                getting the employee details with id31
2021-08-12 22:36:16 [http-nio-8082-exec-6] INFO  c.l.e.service.DemographicsService -
                tried to retrieve employee details with id31
2021-08-12 22:37:31 [http-nio-8082-exec-5] INFO  c.l.e.controller.Employee -
                getting the employee details with id31
2021-08-12 22:37:31 [http-nio-8082-exec-5] INFO  c.l.e.service.DemographicsService -
                tried to retrieve employee details with id31
2021-08-12 22:37:31 [http-nio-8082-exec-10] INFO  c.l.e.controller.Employee -
                getting the employee details with id31
2021-08-12 22:37:31 [http-nio-8082-exec-10] INFO  c.l.e.service.DemographicsService -
                tried to retrieve employee details with id31
2021-08-12 22:43:21 [http-nio-8082-exec-4] INFO  c.l.e.controller.Employee -
                getting the employee details with id31
2021-08-12 22:43:21 [http-nio-8082-exec-4] INFO  c.l.e.service.DemographicsService -
                tried to retrieve employee details with id31
2021-08-12 22:43:21 [http-nio-8082-exec-3] INFO  c.l.e.controller.Employee -
                getting the employee details with id31
2021-08-12 22:43:21 [http-nio-8082-exec-3] INFO  c.l.e.service.DemographicsService -
                tried to retrieve employee details with id31
2021-08-12 22:49:24 [main] INFO  c.l.e.EmployeeOnboardingSystemApplication -
                Starting EmployeeOnboardingSystemApplication using Java 1.8.0_302 on LT-NB-449 with PID 16876 (C:\Users\sharathkumarraju.a\Downloads\demo\employee-onboarding-system\target\classes started by sharathkumarraju.a in C:\Users\sharathkumarraju.a\Downloads\demo\employee-onboarding-system)
2021-08-12 22:49:24 [main] DEBUG c.l.e.EmployeeOnboardingSystemApplication -
                Running with Spring Boot v2.5.3, Spring v5.3.9
2021-08-12 22:49:24 [main] INFO  c.l.e.EmployeeOnboardingSystemApplication -
                No active profile set, falling back to default profiles: default
2021-08-12 22:50:05 [main] INFO  c.l.e.EmployeeOnboardingSystemApplication -
                Starting EmployeeOnboardingSystemApplication using Java 1.8.0_302 on LT-NB-449 with PID 1720 (C:\Users\sharathkumarraju.a\Downloads\demo\employee-onboarding-system\target\classes started by sharathkumarraju.a in C:\Users\sharathkumarraju.a\Downloads\demo\employee-onboarding-system)
2021-08-12 22:50:05 [main] DEBUG c.l.e.EmployeeOnboardingSystemApplication -
                Running with Spring Boot v2.5.3, Spring v5.3.9
2021-08-12 22:50:05 [main] INFO  c.l.e.EmployeeOnboardingSystemApplication -
                No active profile set, falling back to default profiles: default
2021-08-12 22:50:14 [main] INFO  c.l.e.EmployeeOnboardingSystemApplication -
                Started EmployeeOnboardingSystemApplication in 9.895 seconds (JVM running for 12.001)
2021-08-12 22:50:40 [http-nio-8082-exec-2] DEBUG c.l.e.controller.Login -
                Request com.lister.employeeonboardingsystem.voobject.LoginInput@49e5f73c
2021-08-12 22:50:40 [http-nio-8082-exec-2] INFO  c.l.e.service.UserService -
                tried to login with emailsharathrajuaddepalli@gmail.com
2021-08-12 22:50:40 [http-nio-8082-exec-2] DEBUG c.l.e.controller.Login -
                Response com.lister.employeeonboardingsystem.voobject.LoginResponseVo@53ee3522
2021-08-12 22:50:40 [http-nio-8082-exec-3] INFO  c.l.e.controller.Hr -
                Retrieving all employees
2021-08-12 22:50:40 [http-nio-8082-exec-3] INFO  c.l.e.service.DemographicsService -
                tried to retrieve all employee details
2021-08-12 22:50:58 [http-nio-8082-exec-5] INFO  c.l.e.controller.Hr -
                retrieving all roles
2021-08-12 22:51:21 [http-nio-8082-exec-8] INFO  c.l.e.controller.Hr -
                Inviting the employeemunnafk@gmail.com
2021-08-12 22:51:21 [http-nio-8082-exec-8] INFO  c.l.e.service.Invite -
                tried to add new user with email idmunnafk@gmail.com
2021-08-12 22:51:21 [http-nio-8082-exec-8] INFO  c.l.e.service.DemographicsService -
                trying to generate the code
2021-08-12 22:51:21 [http-nio-8082-exec-8] INFO  c.l.e.service.DemographicsService -
                save Demographics called successfully when savingLIS2407
2021-08-12 22:53:06 [http-nio-8082-exec-10] INFO  c.l.e.controller.Hr -
                Retrieving all employees
2021-08-12 22:53:06 [http-nio-8082-exec-10] INFO  c.l.e.service.DemographicsService -
                tried to retrieve all employee details
2021-08-12 22:53:42 [http-nio-8082-exec-2] DEBUG c.l.e.controller.Login -
                Request com.lister.employeeonboardingsystem.voobject.LoginInput@5bd20c02
2021-08-12 22:53:42 [http-nio-8082-exec-2] INFO  c.l.e.service.UserService -
                tried to login with emailmunnafk@gmail.com
2021-08-12 22:53:42 [http-nio-8082-exec-2] DEBUG c.l.e.controller.Login -
                Response com.lister.employeeonboardingsystem.voobject.LoginResponseVo@45400372
2021-08-12 22:56:23 [http-nio-8082-exec-5] INFO  c.l.e.controller.Employee -
                saving the employee details37
2021-08-12 22:56:23 [http-nio-8082-exec-5] INFO  c.l.e.service.DemographicsService -
                tried to retrieve employee details with id37
2021-08-12 22:56:23 [http-nio-8082-exec-5] INFO  c.l.e.service.DemographicsService -
                save Demographics called successfully when savingLIS2407
2021-08-12 22:57:51 [http-nio-8082-exec-7] DEBUG c.l.e.controller.Login -
                Request com.lister.employeeonboardingsystem.voobject.LoginInput@27b20163
2021-08-12 22:57:51 [http-nio-8082-exec-7] INFO  c.l.e.service.UserService -
                tried to login with emailmunnafk@gmail.com
2021-08-12 22:57:51 [http-nio-8082-exec-7] DEBUG c.l.e.controller.Login -
                Response com.lister.employeeonboardingsystem.voobject.LoginResponseVo@6241fbe1
2021-08-12 22:57:51 [http-nio-8082-exec-8] INFO  c.l.e.controller.Employee -
                getting the employee details with id37
2021-08-12 22:57:51 [http-nio-8082-exec-8] INFO  c.l.e.service.DemographicsService -
                tried to retrieve employee details with id37
2021-08-12 22:57:51 [http-nio-8082-exec-9] INFO  c.l.e.controller.Employee -
                getting the employee details with id37
2021-08-12 22:57:51 [http-nio-8082-exec-9] INFO  c.l.e.service.DemographicsService -
                tried to retrieve employee details with id37
2021-08-12 23:00:38 [http-nio-8082-exec-2] DEBUG c.l.e.controller.Login -
                Request com.lister.employeeonboardingsystem.voobject.LoginInput@3378047f
2021-08-12 23:00:38 [http-nio-8082-exec-2] INFO  c.l.e.service.UserService -
                tried to login with emailindraneelsuri@gmail.com
2021-08-12 23:00:38 [http-nio-8082-exec-2] DEBUG c.l.e.controller.Login -
                Response com.lister.employeeonboardingsystem.voobject.LoginResponseVo@6971f94a
2021-08-12 23:00:38 [http-nio-8082-exec-3] INFO  c.l.e.controller.Employee -
                getting the employee details with id31
2021-08-12 23:00:38 [http-nio-8082-exec-3] INFO  c.l.e.service.DemographicsService -
                tried to retrieve employee details with id31
2021-08-12 23:00:38 [http-nio-8082-exec-6] INFO  c.l.e.controller.Employee -
                getting the employee details with id31
2021-08-12 23:00:38 [http-nio-8082-exec-6] INFO  c.l.e.service.DemographicsService -
                tried to retrieve employee details with id31
2021-08-12 23:01:42 [http-nio-8082-exec-7] INFO  c.l.e.controller.Employee -
                saving the employee details31
2021-08-12 23:01:42 [http-nio-8082-exec-7] INFO  c.l.e.service.DemographicsService -
                tried to retrieve employee details with id31
2021-08-12 23:01:42 [http-nio-8082-exec-7] INFO  c.l.e.service.DemographicsService -
                save Demographics called successfully when savingLIS2406
2021-08-12 23:03:23 [http-nio-8082-exec-9] DEBUG c.l.e.controller.Login -
                Request com.lister.employeeonboardingsystem.voobject.LoginInput@5f25f490
2021-08-12 23:03:23 [http-nio-8082-exec-9] INFO  c.l.e.service.UserService -
                tried to login with emailsharathrajuaddepalli@gmail.com
2021-08-12 23:03:23 [http-nio-8082-exec-9] DEBUG c.l.e.controller.Login -
                Response com.lister.employeeonboardingsystem.voobject.LoginResponseVo@5f5ee688
2021-08-12 23:03:23 [http-nio-8082-exec-10] INFO  c.l.e.controller.Hr -
                Retrieving all employees
2021-08-12 23:03:23 [http-nio-8082-exec-10] INFO  c.l.e.service.DemographicsService -
                tried to retrieve all employee details
2021-08-12 23:03:25 [http-nio-8082-exec-1] INFO  c.l.e.controller.Hr -
                retrieving all roles
2021-08-12 23:03:51 [http-nio-8082-exec-2] INFO  c.l.e.controller.Hr -
                Inviting the employeegouthamb@gmail.com
2021-08-12 23:03:51 [http-nio-8082-exec-2] INFO  c.l.e.service.Invite -
                tried to add new user with email idgouthamb@gmail.com
2021-08-12 23:03:51 [http-nio-8082-exec-2] INFO  c.l.e.service.DemographicsService -
                trying to generate the code
2021-08-12 23:03:51 [http-nio-8082-exec-2] INFO  c.l.e.service.DemographicsService -
                save Demographics called successfully when savingLIS2408
2021-08-12 23:04:29 [http-nio-8082-exec-3] DEBUG c.l.e.controller.Login -
                Request com.lister.employeeonboardingsystem.voobject.LoginInput@19bc6b74
2021-08-12 23:04:29 [http-nio-8082-exec-3] INFO  c.l.e.service.UserService -
                tried to login with emailgouthamb@gmail.com
2021-08-12 23:04:29 [http-nio-8082-exec-3] DEBUG c.l.e.controller.Login -
                Response com.lister.employeeonboardingsystem.voobject.LoginResponseVo@42ca13de
2021-08-12 23:06:06 [http-nio-8082-exec-5] INFO  c.l.e.controller.Employee -
                saving the employee details43
2021-08-12 23:06:06 [http-nio-8082-exec-5] INFO  c.l.e.service.DemographicsService -
                tried to retrieve employee details with id43
2021-08-12 23:06:06 [http-nio-8082-exec-5] INFO  c.l.e.service.DemographicsService -
                save Demographics called successfully when savingLIS2408
