2021-08-23 08:27:34 [main] INFO  c.l.e.controller.UserControllerTest -
                Starting UserControllerTest using Java 1.8.0_302 on LT-NB-449 with PID 5756 (started by sharathkumarraju.a in C:\Users\sharathkumarraju.a\Downloads\demo\employee-onboarding-system)
2021-08-23 08:27:34 [main] DEBUG c.l.e.controller.UserControllerTest -
                Running with Spring Boot v2.5.3, Spring v5.3.9
2021-08-23 08:27:34 [main] INFO  c.l.e.controller.UserControllerTest -
                No active profile set, falling back to default profiles: default
2021-08-23 08:28:20 [main] INFO  c.l.e.EmployeeOnboardingSystemApplication -
                Starting EmployeeOnboardingSystemApplication using Java 1.8.0_302 on LT-NB-449 with PID 14028 (C:\Users\sharathkumarraju.a\Downloads\demo\employee-onboarding-system\target\classes started by sharathkumarraju.a in C:\Users\sharathkumarraju.a\Downloads\demo\employee-onboarding-system)
2021-08-23 08:28:20 [main] DEBUG c.l.e.EmployeeOnboardingSystemApplication -
                Running with Spring Boot v2.5.3, Spring v5.3.9
2021-08-23 08:28:20 [main] INFO  c.l.e.EmployeeOnboardingSystemApplication -
                No active profile set, falling back to default profiles: default
2021-08-23 08:28:41 [main] INFO  c.l.e.EmployeeOnboardingSystemApplication -
                Started EmployeeOnboardingSystemApplication in 23.771 seconds (JVM running for 31.663)
2021-08-23 08:30:03 [http-nio-8082-exec-1] INFO  c.l.e.controller.HrController -
                Updating the status with uuid36bba758-03be-11ec-aab4-cd7819ede31c
2021-08-23 08:30:03 [http-nio-8082-exec-1] INFO  c.l.e.service.DemographicsService -
                update Status function called successfully of approveemployee with id47with uuid36bba758-03be-11ec-aab4-cd7819ede31c
2021-08-23 08:30:03 [http-nio-8082-exec-1] INFO  c.l.e.service.DemographicsService -
                tried to retrieve employee details with id47with uuid36bba758-03be-11ec-aab4-cd7819ede31c
2021-08-23 08:30:05 [http-nio-8082-exec-1] INFO  c.l.e.service.DemographicsService -
                Employee stored in greyt databasecom.lister.employeeonboardingsystem.voobject.GreytEmployeeVo@3aabc4a8with uuid36bba758-03be-11ec-aab4-cd7819ede31c
2021-08-23 11:01:41 [main] INFO  c.l.e.EmployeeControllerOnboardingSystemApplicationTests -
                Starting EmployeeControllerOnboardingSystemApplicationTests using Java 1.8.0_302 on LT-NB-449 with PID 18416 (started by sharathkumarraju.a in C:\Users\sharathkumarraju.a\Downloads\demo\employee-onboarding-system)
2021-08-23 11:01:42 [main] DEBUG c.l.e.EmployeeControllerOnboardingSystemApplicationTests -
                Running with Spring Boot v2.5.3, Spring v5.3.9
2021-08-23 11:01:42 [main] INFO  c.l.e.EmployeeControllerOnboardingSystemApplicationTests -
                No active profile set, falling back to default profiles: default
2021-08-23 11:02:24 [main] INFO  c.l.e.EmployeeControllerOnboardingSystemApplicationTests -
                Started EmployeeControllerOnboardingSystemApplicationTests in 45.676 seconds (JVM running for 56.702)
2021-08-23 11:03:03 [main] INFO  c.l.e.controller.UserControllerTest -
                Starting UserControllerTest using Java 1.8.0_302 on LT-NB-449 with PID 7860 (started by sharathkumarraju.a in C:\Users\sharathkumarraju.a\Downloads\demo\employee-onboarding-system)
2021-08-23 11:03:03 [main] DEBUG c.l.e.controller.UserControllerTest -
                Running with Spring Boot v2.5.3, Spring v5.3.9
2021-08-23 11:03:03 [main] INFO  c.l.e.controller.UserControllerTest -
                No active profile set, falling back to default profiles: default
2021-08-23 11:03:43 [main] INFO  c.l.e.controller.UserControllerTest -
                Started UserControllerTest in 41.866 seconds (JVM running for 64.882)
2021-08-23 11:03:52 [main] INFO  c.l.e.service.EmailService -
                tried to send mail toabwith uuida3eeae8a-6c7b-4549-8866-3bf21b127990
2021-08-23 11:03:53 [main] INFO  c.l.e.service.UserService -
                tried to login with emailsharathraju@gmail.comwith uuid372d0a5a-2476-483a-a5a9-a018d1f3f6ef
2021-08-23 11:03:53 [main] INFO  c.l.e.service.UserService -
                saving the user with uuidacfd14bc-f06f-4625-9f5d-06fba2051ccb
2021-08-23 11:03:53 [main] INFO  c.l.e.service.UserService -
                tried to login with emailsharathraju@gmail.comwith uuidb905d657-29ab-4497-b25e-8bb54d865204
2021-08-23 11:03:55 [main] INFO  c.l.e.service.DemographicsService -
                update Status function called successfully of acceptemployee with id33with uuidc56712e6-0f32-4573-96c3-2fe88a8cfc89
2021-08-23 11:03:55 [main] INFO  c.l.e.service.DemographicsService -
                tried to retrieve employee details with id33with uuidc56712e6-0f32-4573-96c3-2fe88a8cfc89
2021-08-23 11:03:55 [main] ERROR c.l.e.service.DemographicsService -
                invalid action sent : acceptwith uuidc56712e6-0f32-4573-96c3-2fe88a8cfc89
2021-08-23 11:03:56 [main] INFO  c.l.e.service.DemographicsService -
                update Status function called successfully of acceptemployee with id33with uuidc26cedf0-62cf-4a56-95a4-3770241c0543
2021-08-23 11:03:56 [main] INFO  c.l.e.service.DemographicsService -
                tried to retrieve employee details with id33with uuidc26cedf0-62cf-4a56-95a4-3770241c0543
2021-08-23 11:03:56 [main] ERROR c.l.e.service.DemographicsService -
                invalid action sent : acceptwith uuidc26cedf0-62cf-4a56-95a4-3770241c0543
2021-08-23 11:03:56 [main] INFO  c.l.e.service.DemographicsService -
                save Demographics called successfully when saving with uuid4833501e-d138-4d6d-8cc7-34d7b84573ae
2021-08-23 11:03:56 [main] INFO  c.l.e.service.DemographicsService -
                update Status function called successfully of rejectemployee with id33with uuidd5a86f6a-66fd-4ec4-8d43-6bcf61be90c8
2021-08-23 11:03:56 [main] INFO  c.l.e.service.DemographicsService -
                tried to retrieve employee details with id33with uuidd5a86f6a-66fd-4ec4-8d43-6bcf61be90c8
2021-08-23 11:03:56 [main] INFO  c.l.e.service.Invite -
                tried to add new user with email idabwith uuidab404bc0-8f64-4ddc-9d57-0fb3795102da
2021-08-23 11:10:52 [main] INFO  c.l.e.s.DemographicsServiceTest -
                Starting DemographicsServiceTest using Java 1.8.0_302 on LT-NB-449 with PID 18040 (started by sharathkumarraju.a in C:\Users\sharathkumarraju.a\Downloads\demo\employee-onboarding-system)
2021-08-23 11:10:52 [main] DEBUG c.l.e.s.DemographicsServiceTest -
                Running with Spring Boot v2.5.3, Spring v5.3.9
2021-08-23 11:10:52 [main] INFO  c.l.e.s.DemographicsServiceTest -
                No active profile set, falling back to default profiles: default
2021-08-23 11:11:32 [main] INFO  c.l.e.s.DemographicsServiceTest -
                Started DemographicsServiceTest in 42.663 seconds (JVM running for 50.176)
2021-08-23 11:15:23 [main] INFO  c.l.e.s.DemographicsServiceTest -
                Starting DemographicsServiceTest using Java 1.8.0_302 on LT-NB-449 with PID 16424 (started by sharathkumarraju.a in C:\Users\sharathkumarraju.a\Downloads\demo\employee-onboarding-system)
2021-08-23 11:15:23 [main] DEBUG c.l.e.s.DemographicsServiceTest -
                Running with Spring Boot v2.5.3, Spring v5.3.9
2021-08-23 11:15:23 [main] INFO  c.l.e.s.DemographicsServiceTest -
                No active profile set, falling back to default profiles: default
2021-08-23 11:16:00 [main] INFO  c.l.e.s.DemographicsServiceTest -
                Started DemographicsServiceTest in 38.241 seconds (JVM running for 46.351)
2021-08-23 11:17:50 [main] INFO  c.l.e.s.DemographicsServiceTest -
                Starting DemographicsServiceTest using Java 1.8.0_302 on LT-NB-449 with PID 1528 (started by sharathkumarraju.a in C:\Users\sharathkumarraju.a\Downloads\demo\employee-onboarding-system)
2021-08-23 11:17:50 [main] DEBUG c.l.e.s.DemographicsServiceTest -
                Running with Spring Boot v2.5.3, Spring v5.3.9
2021-08-23 11:17:50 [main] INFO  c.l.e.s.DemographicsServiceTest -
                No active profile set, falling back to default profiles: default
2021-08-23 11:18:25 [main] INFO  c.l.e.s.DemographicsServiceTest -
                Started DemographicsServiceTest in 37.787 seconds (JVM running for 44.254)
2021-08-23 11:19:27 [main] INFO  c.l.e.s.DemographicsServiceTest -
                Starting DemographicsServiceTest using Java 1.8.0_302 on LT-NB-449 with PID 3556 (started by sharathkumarraju.a in C:\Users\sharathkumarraju.a\Downloads\demo\employee-onboarding-system)
2021-08-23 11:19:27 [main] DEBUG c.l.e.s.DemographicsServiceTest -
                Running with Spring Boot v2.5.3, Spring v5.3.9
2021-08-23 11:19:27 [main] INFO  c.l.e.s.DemographicsServiceTest -
                No active profile set, falling back to default profiles: default
2021-08-23 11:20:20 [main] INFO  c.l.e.s.DemographicsServiceTest -
                Started DemographicsServiceTest in 56.173 seconds (JVM running for 67.046)
2021-08-23 11:21:33 [main] INFO  c.l.e.service.DemographicsService -
                update Status function called successfully of acceptemployee with id33with uuid811534f9-30c3-44cd-961d-81027fc0fab9
2021-08-23 11:21:33 [main] INFO  c.l.e.service.DemographicsService -
                tried to retrieve employee details with id33with uuid811534f9-30c3-44cd-961d-81027fc0fab9
2021-08-23 11:21:33 [main] ERROR c.l.e.service.DemographicsService -
                invalid action sent : acceptwith uuid811534f9-30c3-44cd-961d-81027fc0fab9
2021-08-23 11:21:33 [main] INFO  c.l.e.service.DemographicsService -
                update Status function called successfully of acceptemployee with id33with uuid7801c153-1770-4dd0-9bdf-9f2f155d5600
2021-08-23 11:21:33 [main] INFO  c.l.e.service.DemographicsService -
                tried to retrieve employee details with id33with uuid7801c153-1770-4dd0-9bdf-9f2f155d5600
2021-08-23 11:21:33 [main] ERROR c.l.e.service.DemographicsService -
                invalid action sent : acceptwith uuid7801c153-1770-4dd0-9bdf-9f2f155d5600
2021-08-23 11:21:33 [main] INFO  c.l.e.service.DemographicsService -
                save Demographics called successfully when saving with uuid4e76bccb-255d-4d92-985a-e96bebedca6c
2021-08-23 11:21:33 [main] INFO  c.l.e.service.DemographicsService -
                update Status function called successfully of rejectemployee with id33with uuid05240428-77e0-4fd4-8f0b-32b9bf4721a2
2021-08-23 11:21:33 [main] INFO  c.l.e.service.DemographicsService -
                tried to retrieve employee details with id33with uuid05240428-77e0-4fd4-8f0b-32b9bf4721a2
2021-08-23 11:23:41 [main] INFO  c.l.e.service.DemographicsService -
                update Status function called successfully of approveemployee with id33with uuid64c0233d-5ac2-4f1b-ae93-4952f96b8440
2021-08-23 11:23:41 [main] INFO  c.l.e.service.DemographicsService -
                tried to retrieve employee details with id33with uuid64c0233d-5ac2-4f1b-ae93-4952f96b8440
2021-08-23 11:23:44 [main] INFO  c.l.e.service.DemographicsService -
                update Status function called successfully of approveemployee with id33with uuid7e7e348a-23ec-4045-97e4-c0f13b8ba3d3
2021-08-23 11:23:44 [main] INFO  c.l.e.service.DemographicsService -
                tried to retrieve employee details with id33with uuid7e7e348a-23ec-4045-97e4-c0f13b8ba3d3
2021-08-23 11:23:44 [main] INFO  c.l.e.service.DemographicsService -
                save Demographics called successfully when saving with uuid194cef2b-1907-4387-a8a1-47987c00558f
2021-08-23 11:23:44 [main] INFO  c.l.e.service.DemographicsService -
                update Status function called successfully of rejectemployee with id33with uuidd7e4dbd6-6592-4e72-938d-518b54af4272
2021-08-23 11:23:44 [main] INFO  c.l.e.service.DemographicsService -
                tried to retrieve employee details with id33with uuidd7e4dbd6-6592-4e72-938d-518b54af4272
2021-08-23 11:26:30 [main] INFO  c.l.e.service.DemographicsService -
                update Status function called successfully of rejectemployee with id33with uuid20daa14b-dfcd-4066-939c-3ee882e6aa65
2021-08-23 11:26:30 [main] INFO  c.l.e.service.DemographicsService -
                tried to retrieve employee details with id33with uuid20daa14b-dfcd-4066-939c-3ee882e6aa65
2021-08-23 11:29:37 [main] INFO  c.l.e.s.DemographicsServiceTest -
                Starting DemographicsServiceTest using Java 1.8.0_302 on LT-NB-449 with PID 18428 (started by sharathkumarraju.a in C:\Users\sharathkumarraju.a\Downloads\demo\employee-onboarding-system)
2021-08-23 11:29:37 [main] DEBUG c.l.e.s.DemographicsServiceTest -
                Running with Spring Boot v2.5.3, Spring v5.3.9
2021-08-23 11:29:37 [main] INFO  c.l.e.s.DemographicsServiceTest -
                No active profile set, falling back to default profiles: default
2021-08-23 11:31:14 [main] INFO  c.l.e.s.DemographicsServiceTest -
                Started DemographicsServiceTest in 99.124 seconds (JVM running for 108.756)
2021-08-23 11:33:08 [main] INFO  c.l.e.s.DemographicsServiceTest -
                Starting DemographicsServiceTest using Java 1.8.0_302 on LT-NB-449 with PID 6540 (started by sharathkumarraju.a in C:\Users\sharathkumarraju.a\Downloads\demo\employee-onboarding-system)
2021-08-23 11:33:08 [main] DEBUG c.l.e.s.DemographicsServiceTest -
                Running with Spring Boot v2.5.3, Spring v5.3.9
2021-08-23 11:33:08 [main] INFO  c.l.e.s.DemographicsServiceTest -
                No active profile set, falling back to default profiles: default
2021-08-23 11:33:40 [main] INFO  c.l.e.s.DemographicsServiceTest -
                Started DemographicsServiceTest in 33.931 seconds (JVM running for 41.252)
2021-08-23 11:33:44 [main] INFO  c.l.e.service.DemographicsService -
                trying to generate the code
2021-08-23 11:33:45 [main] INFO  c.l.e.service.DemographicsService -
                trying to generate the code
2021-08-23 11:33:45 [main] INFO  c.l.e.service.DemographicsService -
                get Employees function called successfully when trying to retrieve all employees
2021-08-23 11:35:18 [main] INFO  c.l.e.s.DemographicsServiceTest -
                Starting DemographicsServiceTest using Java 1.8.0_302 on LT-NB-449 with PID 928 (started by sharathkumarraju.a in C:\Users\sharathkumarraju.a\Downloads\demo\employee-onboarding-system)
2021-08-23 11:35:18 [main] DEBUG c.l.e.s.DemographicsServiceTest -
                Running with Spring Boot v2.5.3, Spring v5.3.9
2021-08-23 11:35:18 [main] INFO  c.l.e.s.DemographicsServiceTest -
                No active profile set, falling back to default profiles: default
2021-08-23 11:36:11 [main] INFO  c.l.e.s.DemographicsServiceTest -
                Started DemographicsServiceTest in 56.135 seconds (JVM running for 63.726)
2021-08-23 11:36:18 [main] INFO  c.l.e.service.DemographicsService -
                trying to generate the code
2021-08-23 11:36:49 [main] INFO  c.l.e.s.DemographicsServiceTest -
                Starting DemographicsServiceTest using Java 1.8.0_302 on LT-NB-449 with PID 16832 (started by sharathkumarraju.a in C:\Users\sharathkumarraju.a\Downloads\demo\employee-onboarding-system)
2021-08-23 11:36:49 [main] DEBUG c.l.e.s.DemographicsServiceTest -
                Running with Spring Boot v2.5.3, Spring v5.3.9
2021-08-23 11:36:49 [main] INFO  c.l.e.s.DemographicsServiceTest -
                No active profile set, falling back to default profiles: default
2021-08-23 11:37:01 [main] INFO  c.l.e.s.DemographicsServiceTest -
                Starting DemographicsServiceTest using Java 1.8.0_302 on LT-NB-449 with PID 1604 (started by sharathkumarraju.a in C:\Users\sharathkumarraju.a\Downloads\demo\employee-onboarding-system)
2021-08-23 11:37:01 [main] DEBUG c.l.e.s.DemographicsServiceTest -
                Running with Spring Boot v2.5.3, Spring v5.3.9
2021-08-23 11:37:01 [main] INFO  c.l.e.s.DemographicsServiceTest -
                No active profile set, falling back to default profiles: default
2021-08-23 11:37:29 [main] INFO  c.l.e.s.DemographicsServiceTest -
                Started DemographicsServiceTest in 42.945 seconds (JVM running for 51.312)
2021-08-23 11:37:34 [main] INFO  c.l.e.service.DemographicsService -
                trying to generate the code
2021-08-23 11:37:34 [main] INFO  c.l.e.service.DemographicsService -
                trying to generate the code
2021-08-23 11:37:34 [main] INFO  c.l.e.service.DemographicsService -
                get Employees function called successfully when trying to retrieve all employees
2021-08-23 11:37:44 [main] INFO  c.l.e.s.DemographicsServiceTest -
                Started DemographicsServiceTest in 45.626 seconds (JVM running for 54.601)
2021-08-23 11:37:49 [main] INFO  c.l.e.service.DemographicsService -
                get Employees function called successfully when trying to retrieve all employees
2021-08-23 11:41:02 [main] INFO  c.l.e.s.DemographicsServiceTest -
                Starting DemographicsServiceTest using Java 1.8.0_302 on LT-NB-449 with PID 7988 (started by sharathkumarraju.a in C:\Users\sharathkumarraju.a\Downloads\demo\employee-onboarding-system)
2021-08-23 11:41:02 [main] DEBUG c.l.e.s.DemographicsServiceTest -
                Running with Spring Boot v2.5.3, Spring v5.3.9
2021-08-23 11:41:02 [main] INFO  c.l.e.s.DemographicsServiceTest -
                No active profile set, falling back to default profiles: default
2021-08-23 11:41:36 [main] INFO  c.l.e.s.DemographicsServiceTest -
                Started DemographicsServiceTest in 35.269 seconds (JVM running for 43.579)
2021-08-23 11:41:39 [main] INFO  c.l.e.service.DemographicsService -
                get Employees function called successfully when trying to retrieve all employees
2021-08-23 11:41:39 [main] INFO  c.l.e.service.DemographicsService -
                get Employees function called successfully when trying to retrieve all employees
2021-08-23 11:42:19 [main] INFO  c.l.e.controller.UserControllerTest -
                Starting UserControllerTest using Java 1.8.0_302 on LT-NB-449 with PID 5660 (started by sharathkumarraju.a in C:\Users\sharathkumarraju.a\Downloads\demo\employee-onboarding-system)
2021-08-23 11:42:19 [main] DEBUG c.l.e.controller.UserControllerTest -
                Running with Spring Boot v2.5.3, Spring v5.3.9
2021-08-23 11:42:19 [main] INFO  c.l.e.controller.UserControllerTest -
                No active profile set, falling back to default profiles: default
2021-08-23 11:42:53 [main] INFO  c.l.e.controller.UserControllerTest -
                Started UserControllerTest in 36.105 seconds (JVM running for 45.983)
2021-08-23 11:42:59 [main] INFO  c.l.e.service.DemographicsService -
                trying to generate the code
2021-08-23 11:42:59 [main] INFO  c.l.e.service.DemographicsService -
                trying to generate the code
2021-08-23 11:42:59 [main] INFO  c.l.e.service.DemographicsService -
                get Employees function called successfully when trying to retrieve all employees
2021-08-23 11:42:59 [main] INFO  c.l.e.service.DemographicsService -
                get Employees function called successfully when trying to retrieve all employees
2021-08-23 11:43:00 [main] INFO  c.l.e.service.EmailService -
                tried to send mail toabwith uuid15f4ee6f-9faa-4c66-8ce3-0d3a61dc2dc8
2021-08-23 11:43:01 [main] INFO  c.l.e.service.UserService -
                tried to login with emailsharathraju@gmail.comwith uuid758a17ab-17ea-4f47-bc34-ea42a17c4bcf
2021-08-23 11:43:01 [main] INFO  c.l.e.service.UserService -
                saving the user with uuid8b0aac10-a96f-4b36-8055-654c73a43e0b
2021-08-23 11:43:01 [main] INFO  c.l.e.service.UserService -
                tried to login with emailsharathraju@gmail.comwith uuide8852d95-d61d-4875-a341-5fab4e4b03f1
2021-08-23 11:43:02 [main] INFO  c.l.e.service.DemographicsService -
                update Status function called successfully of approveemployee with id33with uuidce763148-d7e6-4330-a685-015bfdce309e
2021-08-23 11:43:02 [main] INFO  c.l.e.service.DemographicsService -
                tried to retrieve employee details with id33with uuidce763148-d7e6-4330-a685-015bfdce309e
2021-08-23 11:43:02 [main] INFO  c.l.e.service.DemographicsService -
                update Status function called successfully of approveemployee with id33with uuid432cc520-e0c8-4058-94e9-1d33d82a8271
2021-08-23 11:43:02 [main] INFO  c.l.e.service.DemographicsService -
                tried to retrieve employee details with id33with uuid432cc520-e0c8-4058-94e9-1d33d82a8271
2021-08-23 11:43:02 [main] INFO  c.l.e.service.DemographicsService -
                save Demographics called successfully when saving with uuid2ca4dba4-5349-4be7-9284-5a2c34c6f040
2021-08-23 11:43:02 [main] INFO  c.l.e.service.DemographicsService -
                update Status function called successfully of rejectemployee with id33with uuidb6019850-4c02-43ad-b4ba-d1ade1e44aa9
2021-08-23 11:43:02 [main] INFO  c.l.e.service.DemographicsService -
                tried to retrieve employee details with id33with uuidb6019850-4c02-43ad-b4ba-d1ade1e44aa9
2021-08-23 11:43:02 [main] INFO  c.l.e.service.Invite -
                tried to add new user with email idabwith uuidcaf0ac7c-767c-48d0-b364-8044eb4a0712
2021-08-23 11:47:45 [main] INFO  c.l.e.service.UserService -
                saving the user with uuidd707c18d-2667-4f33-aa2d-be7b731268f3
2021-08-23 11:57:54 [main] INFO  c.l.e.service.UserService -
                tried to login with emailsharathraju@gmail.comwith uuid3353ed4c-5951-4043-9f3d-fc82d15cbf39
2021-08-23 13:52:57 [main] INFO  c.l.e.EmployeeOnboardingSystemApplication -
                Starting EmployeeOnboardingSystemApplication using Java 1.8.0_302 on LT-NB-449 with PID 6540 (C:\Users\sharathkumarraju.a\Downloads\demo\employee-onboarding-system\target\classes started by sharathkumarraju.a in C:\Users\sharathkumarraju.a\Downloads\demo\employee-onboarding-system)
2021-08-23 13:52:57 [main] DEBUG c.l.e.EmployeeOnboardingSystemApplication -
                Running with Spring Boot v2.5.3, Spring v5.3.9
2021-08-23 13:52:57 [main] INFO  c.l.e.EmployeeOnboardingSystemApplication -
                No active profile set, falling back to default profiles: default
2021-08-23 13:53:56 [main] INFO  c.l.e.EmployeeOnboardingSystemApplication -
                Started EmployeeOnboardingSystemApplication in 63.441 seconds (JVM running for 78.215)
2021-08-23 14:41:54 [main] INFO  c.l.e.EmployeeOnboardingSystemApplication -
                Starting EmployeeOnboardingSystemApplication using Java 1.8.0_302 on LT-NB-449 with PID 14212 (C:\Users\sharathkumarraju.a\Downloads\demo\employee-onboarding-system\target\classes started by sharathkumarraju.a in C:\Users\sharathkumarraju.a\Downloads\demo\employee-onboarding-system)
2021-08-23 14:41:54 [main] DEBUG c.l.e.EmployeeOnboardingSystemApplication -
                Running with Spring Boot v2.5.3, Spring v5.3.9
2021-08-23 14:41:54 [main] INFO  c.l.e.EmployeeOnboardingSystemApplication -
                No active profile set, falling back to default profiles: default
2021-08-23 14:42:17 [main] INFO  c.l.e.EmployeeOnboardingSystemApplication -
                Started EmployeeOnboardingSystemApplication in 25.511 seconds (JVM running for 33.905)
2021-08-23 14:55:25 [http-nio-8082-exec-2] INFO  c.l.e.controller.LoginController -
                trying to logging in with credentialscom.lister.employeeonboardingsystem.voobject.LoginInput@3565c02bwith uuid0c525a9a-03f4-11ec-bbed-41e4c1728be4
2021-08-23 14:55:25 [http-nio-8082-exec-2] INFO  c.l.e.service.UserService -
                tried to login with emailkomalipyla@gmail.comwith uuid0c525a9a-03f4-11ec-bbed-41e4c1728be4
2021-08-23 14:55:26 [http-nio-8082-exec-3] INFO  c.l.e.controller.EmployeeController -
                getting the employee details with id47with uuid0d052fdb-03f4-11ec-bbed-d1654408cdba
2021-08-23 14:55:26 [http-nio-8082-exec-3] INFO  c.l.e.service.DemographicsService -
                tried to retrieve employee details with id47with uuid0d052fdb-03f4-11ec-bbed-d1654408cdba
2021-08-23 14:55:26 [http-nio-8082-exec-4] INFO  c.l.e.controller.EmployeeController -
                getting the employee details with id47with uuid0d2cb50c-03f4-11ec-bbed-716c06721998
2021-08-23 14:55:26 [http-nio-8082-exec-4] INFO  c.l.e.service.DemographicsService -
                tried to retrieve employee details with id47with uuid0d2cb50c-03f4-11ec-bbed-716c06721998
2021-08-23 14:56:06 [http-nio-8082-exec-5] INFO  c.l.e.controller.LoginController -
                trying to logging in with credentialscom.lister.employeeonboardingsystem.voobject.LoginInput@353d8a5fwith uuid24d4285d-03f4-11ec-bbed-cf4cab3e88f6
2021-08-23 14:56:06 [http-nio-8082-exec-5] INFO  c.l.e.service.UserService -
                tried to login with emailswaroopdasa@gmail.comwith uuid24d4285d-03f4-11ec-bbed-cf4cab3e88f6
2021-08-23 14:56:06 [http-nio-8082-exec-6] INFO  c.l.e.controller.EmployeeController -
                getting the employee details with id5with uuid24e8c1ce-03f4-11ec-bbed-d95c0ca08212
2021-08-23 14:56:06 [http-nio-8082-exec-6] INFO  c.l.e.service.DemographicsService -
                tried to retrieve employee details with id5with uuid24e8c1ce-03f4-11ec-bbed-d95c0ca08212
2021-08-23 14:56:06 [http-nio-8082-exec-7] INFO  c.l.e.controller.EmployeeController -
                getting the employee details with id5with uuid24ee400f-03f4-11ec-bbed-51eed8c43388
2021-08-23 14:56:06 [http-nio-8082-exec-7] INFO  c.l.e.service.DemographicsService -
                tried to retrieve employee details with id5with uuid24ee400f-03f4-11ec-bbed-51eed8c43388
2021-08-23 14:59:33 [http-nio-8082-exec-10] INFO  c.l.e.controller.LoginController -
                trying to logging in with credentialscom.lister.employeeonboardingsystem.voobject.LoginInput@3417a5e4with uuida024c2e0-03f4-11ec-bbed-6f965d1e15c3
2021-08-23 14:59:33 [http-nio-8082-exec-10] INFO  c.l.e.service.UserService -
                tried to login with emailkomalipyla@gmail.comwith uuida024c2e0-03f4-11ec-bbed-6f965d1e15c3
2021-08-23 14:59:33 [http-nio-8082-exec-1] INFO  c.l.e.controller.EmployeeController -
                getting the employee details with id47with uuida05a03b1-03f4-11ec-bbed-15b1c241a9f2
2021-08-23 14:59:33 [http-nio-8082-exec-1] INFO  c.l.e.service.DemographicsService -
                tried to retrieve employee details with id47with uuida05a03b1-03f4-11ec-bbed-15b1c241a9f2
2021-08-23 14:59:33 [http-nio-8082-exec-2] INFO  c.l.e.controller.EmployeeController -
                getting the employee details with id47with uuida0624112-03f4-11ec-bbed-ef65d83449c0
2021-08-23 14:59:33 [http-nio-8082-exec-2] INFO  c.l.e.service.DemographicsService -
                tried to retrieve employee details with id47with uuida0624112-03f4-11ec-bbed-ef65d83449c0
2021-08-23 15:02:15 [http-nio-8082-exec-4] INFO  c.l.e.controller.EmployeeController -
                getting the employee details with id47with uuid00b8bad3-03f5-11ec-bbed-399bb7445997
2021-08-23 15:02:15 [http-nio-8082-exec-4] INFO  c.l.e.service.DemographicsService -
                tried to retrieve employee details with id47with uuid00b8bad3-03f5-11ec-bbed-399bb7445997
2021-08-23 15:02:15 [http-nio-8082-exec-5] INFO  c.l.e.controller.EmployeeController -
                getting the employee details with id47with uuid00bcd984-03f5-11ec-bbed-c91a44b2701f
2021-08-23 15:02:15 [http-nio-8082-exec-5] INFO  c.l.e.service.DemographicsService -
                tried to retrieve employee details with id47with uuid00bcd984-03f5-11ec-bbed-c91a44b2701f
2021-08-23 15:02:39 [http-nio-8082-exec-6] INFO  c.l.e.controller.LoginController -
                trying to logging in with credentialscom.lister.employeeonboardingsystem.voobject.LoginInput@1cd3b975with uuid0ec958a5-03f5-11ec-bbed-ab996d6c51bd
2021-08-23 15:02:39 [http-nio-8082-exec-6] INFO  c.l.e.service.UserService -
                tried to login with emailswaroopdasa@gmail.comwith uuid0ec958a5-03f5-11ec-bbed-ab996d6c51bd
2021-08-23 15:02:39 [http-nio-8082-exec-7] INFO  c.l.e.controller.EmployeeController -
                getting the employee details with id5with uuid0ede8e56-03f5-11ec-bbed-31a53874c933
2021-08-23 15:02:39 [http-nio-8082-exec-7] INFO  c.l.e.service.DemographicsService -
                tried to retrieve employee details with id5with uuid0ede8e56-03f5-11ec-bbed-31a53874c933
2021-08-23 15:02:39 [http-nio-8082-exec-8] INFO  c.l.e.controller.EmployeeController -
                getting the employee details with id5with uuid0ee45ab7-03f5-11ec-bbed-97059c5359ad
2021-08-23 15:02:39 [http-nio-8082-exec-8] INFO  c.l.e.service.DemographicsService -
                tried to retrieve employee details with id5with uuid0ee45ab7-03f5-11ec-bbed-97059c5359ad
2021-08-23 15:13:10 [main] INFO  c.l.e.EmployeeOnboardingSystemApplication -
                Starting EmployeeOnboardingSystemApplication using Java 1.8.0_302 on LT-NB-449 with PID 19036 (C:\Users\sharathkumarraju.a\Downloads\demo\employee-onboarding-system\target\classes started by sharathkumarraju.a in C:\Users\sharathkumarraju.a\Downloads\demo\employee-onboarding-system)
2021-08-23 15:13:10 [main] DEBUG c.l.e.EmployeeOnboardingSystemApplication -
                Running with Spring Boot v2.5.3, Spring v5.3.9
2021-08-23 15:13:10 [main] INFO  c.l.e.EmployeeOnboardingSystemApplication -
                No active profile set, falling back to default profiles: default
2021-08-23 15:13:33 [main] INFO  c.l.e.EmployeeOnboardingSystemApplication -
                Started EmployeeOnboardingSystemApplication in 25.209 seconds (JVM running for 33.047)
2021-08-23 15:13:47 [http-nio-8082-exec-4] INFO  c.l.e.controller.LoginController -
                trying to logging in with credentialscom.lister.employeeonboardingsystem.voobject.LoginInput@5aadc27bwith uuid9d008e43-03f6-11ec-aa67-231906090821
2021-08-23 15:13:47 [http-nio-8082-exec-4] INFO  c.l.e.service.UserService -
                tried to login with emailswaroopdasa@gmail.comwith uuid9d008e43-03f6-11ec-aa67-231906090821
2021-08-23 15:13:48 [http-nio-8082-exec-5] INFO  c.l.e.controller.EmployeeController -
                getting the employee details with id5with uuid9d8d3de4-03f6-11ec-aa67-43fc7f42ce72
2021-08-23 15:13:48 [http-nio-8082-exec-5] INFO  c.l.e.service.DemographicsService -
                tried to retrieve employee details with id5with uuid9d8d3de4-03f6-11ec-aa67-43fc7f42ce72
2021-08-23 15:13:48 [http-nio-8082-exec-8] INFO  c.l.e.controller.EmployeeController -
                getting the employee details with id5with uuid9dac5ea5-03f6-11ec-aa67-25f21741493b
2021-08-23 15:13:48 [http-nio-8082-exec-8] INFO  c.l.e.service.DemographicsService -
                tried to retrieve employee details with id5with uuid9dac5ea5-03f6-11ec-aa67-25f21741493b
2021-08-23 15:17:35 [http-nio-8082-exec-2] INFO  c.l.e.controller.LoginController -
                trying to logging in with credentialscom.lister.employeeonboardingsystem.voobject.LoginInput@66e115bdwith uuid24d33756-03f7-11ec-aa67-4db52e0b6c9b
2021-08-23 15:17:35 [http-nio-8082-exec-2] INFO  c.l.e.service.UserService -
                tried to login with emailghouse123@gmail.comwith uuid24d33756-03f7-11ec-aa67-4db52e0b6c9b
2021-08-23 15:17:35 [http-nio-8082-exec-6] INFO  c.l.e.controller.EmployeeController -
                getting the employee details with id21with uuid24efc007-03f7-11ec-aa67-33648e65640e
2021-08-23 15:17:35 [http-nio-8082-exec-6] INFO  c.l.e.service.DemographicsService -
                tried to retrieve employee details with id21with uuid24efc007-03f7-11ec-aa67-33648e65640e
2021-08-23 15:17:35 [http-nio-8082-exec-9] INFO  c.l.e.controller.EmployeeController -
                getting the employee details with id21with uuid24f56558-03f7-11ec-aa67-1f16f9bec759
2021-08-23 15:17:35 [http-nio-8082-exec-9] INFO  c.l.e.service.DemographicsService -
                tried to retrieve employee details with id21with uuid24f56558-03f7-11ec-aa67-1f16f9bec759
2021-08-23 15:18:55 [http-nio-8082-exec-4] INFO  c.l.e.controller.LoginController -
                trying to logging in with credentialscom.lister.employeeonboardingsystem.voobject.LoginInput@7d110db6with uuid5494dcf9-03f7-11ec-aa67-e591db6697cc
2021-08-23 15:18:55 [http-nio-8082-exec-4] INFO  c.l.e.service.UserService -
                tried to login with emailghouse123@gmail.comwith uuid5494dcf9-03f7-11ec-aa67-e591db6697cc
2021-08-23 15:18:55 [http-nio-8082-exec-5] INFO  c.l.e.controller.EmployeeController -
                getting the employee details with id21with uuid54c514ba-03f7-11ec-aa67-3b61167b5f48
2021-08-23 15:18:55 [http-nio-8082-exec-5] INFO  c.l.e.service.DemographicsService -
                tried to retrieve employee details with id21with uuid54c514ba-03f7-11ec-aa67-3b61167b5f48
2021-08-23 15:18:55 [http-nio-8082-exec-8] INFO  c.l.e.controller.EmployeeController -
                getting the employee details with id21with uuid54cc40ab-03f7-11ec-aa67-afa30e0cb085
2021-08-23 15:18:55 [http-nio-8082-exec-8] INFO  c.l.e.service.DemographicsService -
                tried to retrieve employee details with id21with uuid54cc40ab-03f7-11ec-aa67-afa30e0cb085
2021-08-23 15:20:58 [http-nio-8082-exec-1] INFO  c.l.e.controller.LoginController -
                trying to logging in with credentialscom.lister.employeeonboardingsystem.voobject.LoginInput@169fc7d7with uuid9e31299c-03f7-11ec-aa67-8dd24b4b3618
2021-08-23 15:20:58 [http-nio-8082-exec-1] INFO  c.l.e.service.UserService -
                tried to login with emailgouthamb@gmail.comwith uuid9e31299c-03f7-11ec-aa67-8dd24b4b3618
2021-08-23 15:20:58 [http-nio-8082-exec-2] INFO  c.l.e.controller.EmployeeController -
                getting the employee details with id43with uuid9e48340d-03f7-11ec-aa67-2783b7cba687
2021-08-23 15:20:58 [http-nio-8082-exec-2] INFO  c.l.e.service.DemographicsService -
                tried to retrieve employee details with id43with uuid9e48340d-03f7-11ec-aa67-2783b7cba687
2021-08-23 15:20:58 [http-nio-8082-exec-6] INFO  c.l.e.controller.EmployeeController -
                getting the employee details with id43with uuid9e4e4e8e-03f7-11ec-aa67-69fa05279b1b
2021-08-23 15:20:58 [http-nio-8082-exec-6] INFO  c.l.e.service.DemographicsService -
                tried to retrieve employee details with id43with uuid9e4e4e8e-03f7-11ec-aa67-69fa05279b1b
2021-08-23 15:22:37 [http-nio-8082-exec-4] ERROR c.l.e.e.GlobalExceptionHandler -
                Validation failed for argument [0] in public org.springframework.http.ResponseEntity<java.lang.Object> com.lister.employeeonboardingsystem.controller.EmployeeController.saveEmployeeDetails(com.lister.employeeonboardingsystem.voobject.EmployeeDetailsvo): [Field error in object 'employeeDetailsvo' on field 'name': rejected value [goutham balaju]; codes [Pattern.employeeDetailsvo.name,Pattern.name,Pattern.java.lang.String,Pattern]; arguments [org.springframework.context.support.DefaultMessageSourceResolvable: codes [employeeDetailsvo.name,name]; arguments []; default message [name],[Ljavax.validation.constraints.Pattern$Flag;@f9e9378,[a-zA-Z]*]; default message [must match "[a-zA-Z]*"]] 
2021-08-23 15:22:40 [http-nio-8082-exec-5] ERROR c.l.e.e.GlobalExceptionHandler -
                Validation failed for argument [0] in public org.springframework.http.ResponseEntity<java.lang.Object> com.lister.employeeonboardingsystem.controller.EmployeeController.saveEmployeeDetails(com.lister.employeeonboardingsystem.voobject.EmployeeDetailsvo): [Field error in object 'employeeDetailsvo' on field 'name': rejected value [goutham balaju]; codes [Pattern.employeeDetailsvo.name,Pattern.name,Pattern.java.lang.String,Pattern]; arguments [org.springframework.context.support.DefaultMessageSourceResolvable: codes [employeeDetailsvo.name,name]; arguments []; default message [name],[Ljavax.validation.constraints.Pattern$Flag;@f9e9378,[a-zA-Z]*]; default message [must match "[a-zA-Z]*"]] 
2021-08-23 15:30:11 [main] INFO  c.l.e.EmployeeOnboardingSystemApplication -
                Starting EmployeeOnboardingSystemApplication using Java 1.8.0_302 on LT-NB-449 with PID 7564 (C:\Users\sharathkumarraju.a\Downloads\demo\employee-onboarding-system\target\classes started by sharathkumarraju.a in C:\Users\sharathkumarraju.a\Downloads\demo\employee-onboarding-system)
2021-08-23 15:30:11 [main] DEBUG c.l.e.EmployeeOnboardingSystemApplication -
                Running with Spring Boot v2.5.3, Spring v5.3.9
2021-08-23 15:30:11 [main] INFO  c.l.e.EmployeeOnboardingSystemApplication -
                No active profile set, falling back to default profiles: default
2021-08-23 15:30:32 [main] INFO  c.l.e.EmployeeOnboardingSystemApplication -
                Started EmployeeOnboardingSystemApplication in 23.138 seconds (JVM running for 29.936)
2021-08-23 15:30:51 [http-nio-8082-exec-2] INFO  c.l.e.controller.LoginController -
                trying to logging in with credentialscom.lister.employeeonboardingsystem.voobject.LoginInput@5ebfedf5with uuidffb95004-03f8-11ec-bf8b-734e0e267442
2021-08-23 15:30:51 [http-nio-8082-exec-2] INFO  c.l.e.service.UserService -
                tried to login with emailgouthamb@gmail.comwith uuidffb95004-03f8-11ec-bf8b-734e0e267442
2021-08-23 15:30:52 [http-nio-8082-exec-4] INFO  c.l.e.controller.EmployeeController -
                getting the employee details with id43with uuid004674d5-03f9-11ec-bf8b-0fb7f670a14b
2021-08-23 15:30:52 [http-nio-8082-exec-4] INFO  c.l.e.service.DemographicsService -
                tried to retrieve employee details with id43with uuid004674d5-03f9-11ec-bf8b-0fb7f670a14b
2021-08-23 15:30:53 [http-nio-8082-exec-5] INFO  c.l.e.controller.EmployeeController -
                getting the employee details with id43with uuid007462a6-03f9-11ec-bf8b-33c0b8a966f1
2021-08-23 15:30:53 [http-nio-8082-exec-5] INFO  c.l.e.service.DemographicsService -
                tried to retrieve employee details with id43with uuid007462a6-03f9-11ec-bf8b-33c0b8a966f1
2021-08-23 15:31:14 [http-nio-8082-exec-8] INFO  c.l.e.controller.EmployeeController -
                saving the employee details43with uuid0d5448a7-03f9-11ec-bf8b-85fb823f2dd0
2021-08-23 15:31:14 [http-nio-8082-exec-8] INFO  c.l.e.service.DemographicsService -
                saving the employee details with uuid0d5448a7-03f9-11ec-bf8b-85fb823f2dd0
2021-08-23 15:31:14 [http-nio-8082-exec-8] INFO  c.l.e.service.DemographicsService -
                tried to retrieve employee details with id43with uuid0d5448a7-03f9-11ec-bf8b-85fb823f2dd0
2021-08-23 15:32:18 [http-nio-8082-exec-10] INFO  c.l.e.controller.LoginController -
                trying to logging in with credentialscom.lister.employeeonboardingsystem.voobject.LoginInput@bbe210bwith uuid33604628-03f9-11ec-bf8b-bb293d894f95
2021-08-23 15:32:18 [http-nio-8082-exec-10] INFO  c.l.e.service.UserService -
                tried to login with emailgouthamb@gmail.comwith uuid33604628-03f9-11ec-bf8b-bb293d894f95
2021-08-23 15:32:18 [http-nio-8082-exec-1] INFO  c.l.e.controller.EmployeeController -
                getting the employee details with id43with uuid3376b459-03f9-11ec-bf8b-1d97b999b7ac
2021-08-23 15:32:18 [http-nio-8082-exec-1] INFO  c.l.e.service.DemographicsService -
                tried to retrieve employee details with id43with uuid3376b459-03f9-11ec-bf8b-1d97b999b7ac
2021-08-23 15:32:18 [http-nio-8082-exec-2] INFO  c.l.e.controller.EmployeeController -
                getting the employee details with id43with uuid337ca7ca-03f9-11ec-bf8b-8520e8b0edc4
2021-08-23 15:32:18 [http-nio-8082-exec-2] INFO  c.l.e.service.DemographicsService -
                tried to retrieve employee details with id43with uuid337ca7ca-03f9-11ec-bf8b-8520e8b0edc4
2021-08-23 15:47:12 [main] INFO  c.l.e.EmployeeOnboardingSystemApplication -
                Starting EmployeeOnboardingSystemApplication using Java 1.8.0_302 on LT-NB-449 with PID 17156 (C:\Users\sharathkumarraju.a\Downloads\demo\employee-onboarding-system\target\classes started by sharathkumarraju.a in C:\Users\sharathkumarraju.a\Downloads\demo\employee-onboarding-system)
2021-08-23 15:47:12 [main] DEBUG c.l.e.EmployeeOnboardingSystemApplication -
                Running with Spring Boot v2.5.3, Spring v5.3.9
2021-08-23 15:47:12 [main] INFO  c.l.e.EmployeeOnboardingSystemApplication -
                No active profile set, falling back to default profiles: default
2021-08-23 15:47:36 [main] INFO  c.l.e.EmployeeOnboardingSystemApplication -
                Started EmployeeOnboardingSystemApplication in 26.349 seconds (JVM running for 34.964)
2021-08-23 15:52:36 [http-nio-8082-exec-1] INFO  c.l.e.controller.LoginController -
                trying to logging in with credentialscom.lister.employeeonboardingsystem.voobject.LoginInput@27b8ab77with uuid099081d4-03fc-11ec-95c1-79c275585342
2021-08-23 15:52:36 [http-nio-8082-exec-1] INFO  c.l.e.service.UserService -
                tried to login with emailgouthamb@gmail.comwith uuid099081d4-03fc-11ec-95c1-79c275585342
2021-08-23 15:52:37 [http-nio-8082-exec-2] INFO  c.l.e.controller.EmployeeController -
                getting the employee details with id43with uuid0a2f80f5-03fc-11ec-95c1-8d400c90e81a
2021-08-23 15:52:37 [http-nio-8082-exec-2] INFO  c.l.e.service.DemographicsService -
                tried to retrieve employee details with id43with uuid0a2f80f5-03fc-11ec-95c1-8d400c90e81a
2021-08-23 15:52:38 [http-nio-8082-exec-3] INFO  c.l.e.controller.EmployeeController -
                getting the employee details with id43with uuid0a6955a6-03fc-11ec-95c1-e7dd1bffb7cb
2021-08-23 15:52:38 [http-nio-8082-exec-3] INFO  c.l.e.service.DemographicsService -
                tried to retrieve employee details with id43with uuid0a6955a6-03fc-11ec-95c1-e7dd1bffb7cb
2021-08-23 15:56:02 [http-nio-8082-exec-5] INFO  c.l.e.controller.EmployeeController -
                getting the employee details with id43with uuid84681bc7-03fc-11ec-95c1-6fc97f1a4ded
2021-08-23 15:56:02 [http-nio-8082-exec-5] INFO  c.l.e.service.DemographicsService -
                tried to retrieve employee details with id43with uuid84681bc7-03fc-11ec-95c1-6fc97f1a4ded
2021-08-23 15:56:03 [http-nio-8082-exec-6] INFO  c.l.e.controller.EmployeeController -
                getting the employee details with id43with uuid847450c8-03fc-11ec-95c1-997fd93d4e05
2021-08-23 15:56:03 [http-nio-8082-exec-6] INFO  c.l.e.service.DemographicsService -
                tried to retrieve employee details with id43with uuid847450c8-03fc-11ec-95c1-997fd93d4e05
2021-08-23 15:57:25 [http-nio-8082-exec-8] INFO  c.l.e.controller.EmployeeController -
                getting the employee details with id43with uuidb5ad0609-03fc-11ec-95c1-d741caaa7f9f
2021-08-23 15:57:25 [http-nio-8082-exec-8] INFO  c.l.e.service.DemographicsService -
                tried to retrieve employee details with id43with uuidb5ad0609-03fc-11ec-95c1-d741caaa7f9f
2021-08-23 15:57:25 [http-nio-8082-exec-9] INFO  c.l.e.controller.EmployeeController -
                getting the employee details with id43with uuidb5bc484a-03fc-11ec-95c1-3780f3f82de3
2021-08-23 15:57:25 [http-nio-8082-exec-9] INFO  c.l.e.service.DemographicsService -
                tried to retrieve employee details with id43with uuidb5bc484a-03fc-11ec-95c1-3780f3f82de3
2021-08-23 15:57:48 [http-nio-8082-exec-10] INFO  c.l.e.controller.LoginController -
                trying to logging in with credentialscom.lister.employeeonboardingsystem.voobject.LoginInput@3417a5e4with uuidc388630b-03fc-11ec-95c1-e1ecb43c3410
2021-08-23 15:57:48 [http-nio-8082-exec-10] INFO  c.l.e.service.UserService -
                tried to login with emailgouthamb@gmail.comwith uuidc388630b-03fc-11ec-95c1-e1ecb43c3410
2021-08-23 15:57:49 [http-nio-8082-exec-1] INFO  c.l.e.controller.EmployeeController -
                getting the employee details with id43with uuidc3bf789c-03fc-11ec-95c1-e11cef3c0477
2021-08-23 15:57:49 [http-nio-8082-exec-1] INFO  c.l.e.service.DemographicsService -
                tried to retrieve employee details with id43with uuidc3bf789c-03fc-11ec-95c1-e11cef3c0477
2021-08-23 15:57:49 [http-nio-8082-exec-2] INFO  c.l.e.controller.EmployeeController -
                getting the employee details with id43with uuidc3c481ad-03fc-11ec-95c1-13414b47f334
2021-08-23 15:57:49 [http-nio-8082-exec-2] INFO  c.l.e.service.DemographicsService -
                tried to retrieve employee details with id43with uuidc3c481ad-03fc-11ec-95c1-13414b47f334
2021-08-23 17:49:04 [http-nio-8082-exec-5] INFO  c.l.e.controller.EmployeeController -
                getting the employee details with id43with uuid4ec7ac5e-040c-11ec-95c1-9fae4849cd4b
2021-08-23 17:49:04 [http-nio-8082-exec-5] INFO  c.l.e.service.DemographicsService -
                tried to retrieve employee details with id43with uuid4ec7ac5e-040c-11ec-95c1-9fae4849cd4b
2021-08-23 17:49:04 [http-nio-8082-exec-6] INFO  c.l.e.controller.EmployeeController -
                getting the employee details with id43with uuid4ecc403f-040c-11ec-95c1-5b24747392af
2021-08-23 17:49:04 [http-nio-8082-exec-6] INFO  c.l.e.service.DemographicsService -
                tried to retrieve employee details with id43with uuid4ecc403f-040c-11ec-95c1-5b24747392af
