2021-08-10 08:48:54 [main] INFO  c.l.e.EmployeeOnboardingSystemApplication -
                Starting EmployeeOnboardingSystemApplication using Java 1.8.0_292 on LT-NB-449 with PID 19212 (C:\Users\sharathkumarraju.a\Downloads\demo\emplyee-onboarding-system\target\classes started by sharathkumarraju.a in C:\Users\sharathkumarraju.a\Downloads\demo\emplyee-onboarding-system)
2021-08-10 08:48:54 [main] DEBUG c.l.e.EmployeeOnboardingSystemApplication -
                Running with Spring Boot v2.5.3, Spring v5.3.9
2021-08-10 08:48:54 [main] INFO  c.l.e.EmployeeOnboardingSystemApplication -
                No active profile set, falling back to default profiles: default
2021-08-10 08:49:04 [main] INFO  c.l.e.EmployeeOnboardingSystemApplication -
                Started EmployeeOnboardingSystemApplication in 11.546 seconds (JVM running for 14.238)
2021-08-10 08:49:38 [http-nio-9791-exec-1] DEBUG c.l.e.e.GlobalExceptionHandler -
                error found{timestamp=2021-08-10T08:49:38.027, status=400, errors=[Incorrect Password, Incorrect email, Password should have atleast 8 characters]}
2021-08-10 09:02:43 [http-nio-9791-exec-4] INFO  c.l.e.controller.Employee -
                getting the employee details with id2
2021-08-10 09:02:43 [http-nio-9791-exec-4] INFO  c.l.e.service.DemographicsService -
                tried to retrieve employee details with id2
2021-08-10 09:04:56 [main] INFO  c.l.e.EmployeeOnboardingSystemApplication -
                Starting EmployeeOnboardingSystemApplication using Java 1.8.0_292 on LT-NB-449 with PID 6692 (C:\Users\sharathkumarraju.a\Downloads\demo\emplyee-onboarding-system\target\classes started by sharathkumarraju.a in C:\Users\sharathkumarraju.a\Downloads\demo\emplyee-onboarding-system)
2021-08-10 09:04:56 [main] DEBUG c.l.e.EmployeeOnboardingSystemApplication -
                Running with Spring Boot v2.5.3, Spring v5.3.9
2021-08-10 09:04:56 [main] INFO  c.l.e.EmployeeOnboardingSystemApplication -
                No active profile set, falling back to default profiles: default
2021-08-10 09:05:06 [main] INFO  c.l.e.EmployeeOnboardingSystemApplication -
                Started EmployeeOnboardingSystemApplication in 11.366 seconds (JVM running for 14.318)
2021-08-10 09:05:17 [http-nio-9791-exec-3] INFO  c.l.e.controller.Employee -
                getting the employee details with id2
2021-08-10 09:05:17 [http-nio-9791-exec-3] INFO  c.l.e.service.DemographicsService -
                tried to retrieve employee details with id2
2021-08-10 09:14:24 [main] INFO  c.l.e.EmployeeOnboardingSystemApplication -
                Starting EmployeeOnboardingSystemApplication using Java 1.8.0_292 on LT-NB-449 with PID 628 (C:\Users\sharathkumarraju.a\Downloads\demo\emplyee-onboarding-system\target\classes started by sharathkumarraju.a in C:\Users\sharathkumarraju.a\Downloads\demo\emplyee-onboarding-system)
2021-08-10 09:14:24 [main] DEBUG c.l.e.EmployeeOnboardingSystemApplication -
                Running with Spring Boot v2.5.3, Spring v5.3.9
2021-08-10 09:14:24 [main] INFO  c.l.e.EmployeeOnboardingSystemApplication -
                No active profile set, falling back to default profiles: default
2021-08-10 09:14:34 [main] INFO  c.l.e.EmployeeOnboardingSystemApplication -
                Started EmployeeOnboardingSystemApplication in 10.008 seconds (JVM running for 12.676)
2021-08-10 09:15:03 [http-nio-9791-exec-1] INFO  c.l.e.controller.Employee -
                getting the employee details with id2
2021-08-10 09:15:03 [http-nio-9791-exec-1] INFO  c.l.e.service.DemographicsService -
                tried to retrieve employee details with id2
2021-08-10 09:20:38 [main] INFO  c.l.e.EmployeeOnboardingSystemApplication -
                Starting EmployeeOnboardingSystemApplication using Java 1.8.0_292 on LT-NB-449 with PID 23784 (C:\Users\sharathkumarraju.a\Downloads\demo\emplyee-onboarding-system\target\classes started by sharathkumarraju.a in C:\Users\sharathkumarraju.a\Downloads\demo\emplyee-onboarding-system)
2021-08-10 09:20:38 [main] DEBUG c.l.e.EmployeeOnboardingSystemApplication -
                Running with Spring Boot v2.5.3, Spring v5.3.9
2021-08-10 09:20:38 [main] INFO  c.l.e.EmployeeOnboardingSystemApplication -
                No active profile set, falling back to default profiles: default
2021-08-10 09:20:49 [main] INFO  c.l.e.EmployeeOnboardingSystemApplication -
                Started EmployeeOnboardingSystemApplication in 12.266 seconds (JVM running for 14.558)
2021-08-10 09:21:06 [http-nio-9091-exec-2] INFO  c.l.e.controller.Employee -
                getting the employee details with id7
2021-08-10 09:21:06 [http-nio-9091-exec-2] INFO  c.l.e.service.DemographicsService -
                tried to retrieve employee details with id7
2021-08-10 09:22:37 [main] INFO  c.l.e.EmployeeOnboardingSystemApplication -
                Starting EmployeeOnboardingSystemApplication using Java 1.8.0_292 on LT-NB-449 with PID 13360 (C:\Users\sharathkumarraju.a\Downloads\demo\emplyee-onboarding-system\target\classes started by sharathkumarraju.a in C:\Users\sharathkumarraju.a\Downloads\demo\emplyee-onboarding-system)
2021-08-10 09:22:37 [main] DEBUG c.l.e.EmployeeOnboardingSystemApplication -
                Running with Spring Boot v2.5.3, Spring v5.3.9
2021-08-10 09:22:37 [main] INFO  c.l.e.EmployeeOnboardingSystemApplication -
                No active profile set, falling back to default profiles: default
2021-08-10 09:22:46 [main] INFO  c.l.e.EmployeeOnboardingSystemApplication -
                Started EmployeeOnboardingSystemApplication in 10.12 seconds (JVM running for 12.974)
2021-08-10 09:22:53 [http-nio-9091-exec-1] INFO  c.l.e.controller.Employee -
                getting the employee details with id7
2021-08-10 09:22:53 [http-nio-9091-exec-1] INFO  c.l.e.service.DemographicsService -
                tried to retrieve employee details with id7
2021-08-10 09:27:38 [main] INFO  c.l.e.EmployeeOnboardingSystemApplication -
                Starting EmployeeOnboardingSystemApplication using Java 1.8.0_292 on LT-NB-449 with PID 23416 (C:\Users\sharathkumarraju.a\Downloads\demo\emplyee-onboarding-system\target\classes started by sharathkumarraju.a in C:\Users\sharathkumarraju.a\Downloads\demo\emplyee-onboarding-system)
2021-08-10 09:27:38 [main] DEBUG c.l.e.EmployeeOnboardingSystemApplication -
                Running with Spring Boot v2.5.3, Spring v5.3.9
2021-08-10 09:27:38 [main] INFO  c.l.e.EmployeeOnboardingSystemApplication -
                No active profile set, falling back to default profiles: default
2021-08-10 09:27:47 [main] INFO  c.l.e.EmployeeOnboardingSystemApplication -
                Started EmployeeOnboardingSystemApplication in 9.614 seconds (JVM running for 11.979)
2021-08-10 09:27:57 [http-nio-9091-exec-1] INFO  c.l.e.controller.Employee -
                getting the employee details with id7
2021-08-10 09:27:57 [http-nio-9091-exec-1] INFO  c.l.e.service.DemographicsService -
                tried to retrieve employee details with id7
2021-08-10 09:28:41 [main] INFO  c.l.e.EmployeeOnboardingSystemApplication -
                Starting EmployeeOnboardingSystemApplication using Java 1.8.0_292 on LT-NB-449 with PID 28404 (C:\Users\sharathkumarraju.a\Downloads\demo\emplyee-onboarding-system\target\classes started by sharathkumarraju.a in C:\Users\sharathkumarraju.a\Downloads\demo\emplyee-onboarding-system)
2021-08-10 09:28:41 [main] DEBUG c.l.e.EmployeeOnboardingSystemApplication -
                Running with Spring Boot v2.5.3, Spring v5.3.9
2021-08-10 09:28:41 [main] INFO  c.l.e.EmployeeOnboardingSystemApplication -
                No active profile set, falling back to default profiles: default
2021-08-10 09:28:50 [main] INFO  c.l.e.EmployeeOnboardingSystemApplication -
                Started EmployeeOnboardingSystemApplication in 9.149 seconds (JVM running for 11.763)
2021-08-10 09:29:01 [http-nio-9091-exec-1] INFO  c.l.e.controller.Employee -
                getting the employee details with id8
2021-08-10 09:29:01 [http-nio-9091-exec-1] INFO  c.l.e.service.DemographicsService -
                tried to retrieve employee details with id8
2021-08-10 12:54:16 [main] INFO  c.l.e.EmployeeOnboardingSystemApplication -
                Starting EmployeeOnboardingSystemApplication using Java 1.8.0_292 on LT-NB-449 with PID 10728 (C:\Users\sharathkumarraju.a\Downloads\demo\employee-onboarding-system\target\classes started by sharathkumarraju.a in C:\Users\sharathkumarraju.a\Downloads\demo\employee-onboarding-system)
2021-08-10 12:54:16 [main] DEBUG c.l.e.EmployeeOnboardingSystemApplication -
                Running with Spring Boot v2.5.3, Spring v5.3.9
2021-08-10 12:54:16 [main] INFO  c.l.e.EmployeeOnboardingSystemApplication -
                No active profile set, falling back to default profiles: default
2021-08-10 12:54:23 [main] INFO  c.l.e.EmployeeOnboardingSystemApplication -
                Started EmployeeOnboardingSystemApplication in 8.898 seconds (JVM running for 11.646)
2021-08-10 12:55:12 [http-nio-9091-exec-2] INFO  c.l.e.controller.Hr -
                Retrieving all employees
2021-08-10 12:55:12 [http-nio-9091-exec-2] INFO  c.l.e.service.DemographicsService -
                tried to retrieve all employee details
2021-08-10 22:20:20 [main] INFO  c.l.e.EmployeeOnboardingSystemApplication -
                Starting EmployeeOnboardingSystemApplication using Java 1.8.0_292 on LT-NB-449 with PID 16692 (C:\Users\sharathkumarraju.a\Downloads\demo\employee-onboarding-system\target\classes started by sharathkumarraju.a in C:\Users\sharathkumarraju.a\Downloads\demo\employee-onboarding-system)
2021-08-10 22:20:20 [main] DEBUG c.l.e.EmployeeOnboardingSystemApplication -
                Running with Spring Boot v2.5.3, Spring v5.3.9
2021-08-10 22:20:20 [main] INFO  c.l.e.EmployeeOnboardingSystemApplication -
                No active profile set, falling back to default profiles: default
2021-08-10 22:20:28 [main] INFO  c.l.e.EmployeeOnboardingSystemApplication -
                Started EmployeeOnboardingSystemApplication in 9.693 seconds (JVM running for 14.848)
2021-08-10 22:20:59 [http-nio-9091-exec-2] INFO  c.l.e.controller.Hr -
                Retrieving all employees
2021-08-10 22:20:59 [http-nio-9091-exec-2] INFO  c.l.e.service.DemographicsService -
                tried to retrieve all employee details
2021-08-10 22:28:04 [http-nio-9091-exec-8] DEBUG c.l.e.controller.Login -
                Request com.lister.employeeonboardingsystem.voobject.LoginInput@25c3238e
2021-08-10 22:28:04 [http-nio-9091-exec-8] INFO  c.l.e.service.UserService -
                tried to login with emailsharathrajuaddepalli@gmail.com
2021-08-10 22:28:04 [http-nio-9091-exec-8] DEBUG c.l.e.controller.Login -
                Response com.lister.employeeonboardingsystem.voobject.LoginResponseVo@22182a7e
2021-08-10 22:34:36 [main] INFO  c.l.e.EmployeeOnboardingSystemApplication -
                Starting EmployeeOnboardingSystemApplication using Java 1.8.0_292 on LT-NB-449 with PID 7256 (C:\Users\sharathkumarraju.a\Downloads\demo\employee-onboarding-system\target\classes started by sharathkumarraju.a in C:\Users\sharathkumarraju.a\Downloads\demo\employee-onboarding-system)
2021-08-10 22:34:36 [main] DEBUG c.l.e.EmployeeOnboardingSystemApplication -
                Running with Spring Boot v2.5.3, Spring v5.3.9
2021-08-10 22:34:36 [main] INFO  c.l.e.EmployeeOnboardingSystemApplication -
                No active profile set, falling back to default profiles: default
2021-08-10 22:34:43 [main] INFO  c.l.e.EmployeeOnboardingSystemApplication -
                Started EmployeeOnboardingSystemApplication in 7.703 seconds (JVM running for 11.34)
2021-08-10 22:34:51 [http-nio-9091-exec-1] DEBUG c.l.e.controller.Login -
                Request com.lister.employeeonboardingsystem.voobject.LoginInput@a707f61
2021-08-10 22:34:51 [http-nio-9091-exec-1] INFO  c.l.e.service.UserService -
                tried to login with emailsharathrajuaddepalli@gmail.com
2021-08-10 22:34:51 [http-nio-9091-exec-1] DEBUG c.l.e.controller.Login -
                Response com.lister.employeeonboardingsystem.voobject.LoginResponseVo@544c9199
2021-08-10 22:35:32 [http-nio-9091-exec-7] DEBUG c.l.e.controller.Login -
                Request com.lister.employeeonboardingsystem.voobject.LoginInput@5c7c945f
2021-08-10 22:35:32 [http-nio-9091-exec-7] INFO  c.l.e.service.UserService -
                tried to login with emailsharathrajuaddepalli@gmail.com
2021-08-10 22:35:32 [http-nio-9091-exec-7] DEBUG c.l.e.controller.Login -
                Response com.lister.employeeonboardingsystem.voobject.LoginResponseVo@72f362b4
2021-08-10 22:35:39 [http-nio-9091-exec-6] DEBUG c.l.e.controller.Login -
                Request com.lister.employeeonboardingsystem.voobject.LoginInput@af7355f
2021-08-10 22:35:39 [http-nio-9091-exec-6] INFO  c.l.e.service.UserService -
                tried to login with emailsharathrajuaddepalli@gmail.com
2021-08-10 22:35:39 [http-nio-9091-exec-6] DEBUG c.l.e.controller.Login -
                Response com.lister.employeeonboardingsystem.voobject.LoginResponseVo@dd1e845
2021-08-10 22:35:47 [http-nio-9091-exec-10] DEBUG c.l.e.controller.Login -
                Request com.lister.employeeonboardingsystem.voobject.LoginInput@5d87370a
2021-08-10 22:35:47 [http-nio-9091-exec-10] INFO  c.l.e.service.UserService -
                tried to login with emailsharathrajuaddepalli@gmail.com
2021-08-10 22:35:47 [http-nio-9091-exec-10] DEBUG c.l.e.controller.Login -
                Response com.lister.employeeonboardingsystem.voobject.LoginResponseVo@f5ae934
2021-08-10 22:35:47 [http-nio-9091-exec-5] DEBUG c.l.e.controller.Login -
                Request com.lister.employeeonboardingsystem.voobject.LoginInput@2292bb06
2021-08-10 22:35:47 [http-nio-9091-exec-5] INFO  c.l.e.service.UserService -
                tried to login with emailsharathrajuaddepalli@gmail.com
2021-08-10 22:35:47 [http-nio-9091-exec-5] DEBUG c.l.e.controller.Login -
                Response com.lister.employeeonboardingsystem.voobject.LoginResponseVo@68c993bb
2021-08-10 22:35:48 [http-nio-9091-exec-2] DEBUG c.l.e.controller.Login -
                Request com.lister.employeeonboardingsystem.voobject.LoginInput@5eafbc2b
2021-08-10 22:35:48 [http-nio-9091-exec-2] INFO  c.l.e.service.UserService -
                tried to login with emailsharathrajuaddepalli@gmail.com
2021-08-10 22:35:48 [http-nio-9091-exec-2] DEBUG c.l.e.controller.Login -
                Response com.lister.employeeonboardingsystem.voobject.LoginResponseVo@7ee4c658
2021-08-10 22:35:48 [http-nio-9091-exec-3] DEBUG c.l.e.controller.Login -
                Request com.lister.employeeonboardingsystem.voobject.LoginInput@71d3865b
2021-08-10 22:35:48 [http-nio-9091-exec-3] INFO  c.l.e.service.UserService -
                tried to login with emailsharathrajuaddepalli@gmail.com
2021-08-10 22:35:48 [http-nio-9091-exec-3] DEBUG c.l.e.controller.Login -
                Response com.lister.employeeonboardingsystem.voobject.LoginResponseVo@3fcce963
2021-08-10 22:35:48 [http-nio-9091-exec-1] DEBUG c.l.e.controller.Login -
                Request com.lister.employeeonboardingsystem.voobject.LoginInput@12a86394
2021-08-10 22:35:48 [http-nio-9091-exec-1] INFO  c.l.e.service.UserService -
                tried to login with emailsharathrajuaddepalli@gmail.com
2021-08-10 22:35:48 [http-nio-9091-exec-1] DEBUG c.l.e.controller.Login -
                Response com.lister.employeeonboardingsystem.voobject.LoginResponseVo@3a2e2c15
2021-08-10 22:36:24 [http-nio-9091-exec-8] DEBUG c.l.e.controller.Login -
                Request com.lister.employeeonboardingsystem.voobject.LoginInput@f82304d
2021-08-10 22:36:24 [http-nio-9091-exec-8] INFO  c.l.e.service.UserService -
                tried to login with emailsharathrajuaddepalli@gmail.com
2021-08-10 22:36:24 [http-nio-9091-exec-8] DEBUG c.l.e.controller.Login -
                Response com.lister.employeeonboardingsystem.voobject.LoginResponseVo@452c9847
2021-08-10 22:36:35 [http-nio-9091-exec-10] DEBUG c.l.e.controller.Login -
                Request com.lister.employeeonboardingsystem.voobject.LoginInput@668c6222
2021-08-10 22:36:35 [http-nio-9091-exec-10] INFO  c.l.e.service.UserService -
                tried to login with emailsharathrajuaddepalli@gmail.com
2021-08-10 22:36:35 [http-nio-9091-exec-10] DEBUG c.l.e.controller.Login -
                Response com.lister.employeeonboardingsystem.voobject.LoginResponseVo@7e7d3989
2021-08-10 22:36:36 [http-nio-9091-exec-5] DEBUG c.l.e.controller.Login -
                Request com.lister.employeeonboardingsystem.voobject.LoginInput@2b6ec7b1
2021-08-10 22:36:36 [http-nio-9091-exec-5] INFO  c.l.e.service.UserService -
                tried to login with emailsharathrajuaddepalli@gmail.com
2021-08-10 22:36:36 [http-nio-9091-exec-5] DEBUG c.l.e.controller.Login -
                Response com.lister.employeeonboardingsystem.voobject.LoginResponseVo@3d4b5b96
2021-08-10 22:36:38 [http-nio-9091-exec-2] DEBUG c.l.e.controller.Login -
                Request com.lister.employeeonboardingsystem.voobject.LoginInput@2e891d44
2021-08-10 22:36:38 [http-nio-9091-exec-2] INFO  c.l.e.service.UserService -
                tried to login with emailsharathrajuaddepalli@gmail.com
2021-08-10 22:36:38 [http-nio-9091-exec-2] DEBUG c.l.e.controller.Login -
                Response com.lister.employeeonboardingsystem.voobject.LoginResponseVo@2f6bad8e
2021-08-10 22:36:38 [http-nio-9091-exec-3] DEBUG c.l.e.controller.Login -
                Request com.lister.employeeonboardingsystem.voobject.LoginInput@7f45b323
2021-08-10 22:36:38 [http-nio-9091-exec-3] INFO  c.l.e.service.UserService -
                tried to login with emailsharathrajuaddepalli@gmail.com
2021-08-10 22:36:38 [http-nio-9091-exec-3] DEBUG c.l.e.controller.Login -
                Response com.lister.employeeonboardingsystem.voobject.LoginResponseVo@7980b4ec
2021-08-10 22:36:38 [http-nio-9091-exec-1] DEBUG c.l.e.controller.Login -
                Request com.lister.employeeonboardingsystem.voobject.LoginInput@165dab2f
2021-08-10 22:36:38 [http-nio-9091-exec-1] INFO  c.l.e.service.UserService -
                tried to login with emailsharathrajuaddepalli@gmail.com
2021-08-10 22:36:38 [http-nio-9091-exec-1] DEBUG c.l.e.controller.Login -
                Response com.lister.employeeonboardingsystem.voobject.LoginResponseVo@34c921ec
2021-08-10 22:36:40 [http-nio-9091-exec-4] DEBUG c.l.e.controller.Login -
                Request com.lister.employeeonboardingsystem.voobject.LoginInput@165151ab
2021-08-10 22:36:40 [http-nio-9091-exec-4] INFO  c.l.e.service.UserService -
                tried to login with emailsharathrajuaddepalli@gmail.com
2021-08-10 22:36:40 [http-nio-9091-exec-4] DEBUG c.l.e.controller.Login -
                Response com.lister.employeeonboardingsystem.voobject.LoginResponseVo@6cf0052c
2021-08-10 22:36:40 [http-nio-9091-exec-7] DEBUG c.l.e.controller.Login -
                Request com.lister.employeeonboardingsystem.voobject.LoginInput@3a2bafec
2021-08-10 22:36:40 [http-nio-9091-exec-7] INFO  c.l.e.service.UserService -
                tried to login with emailsharathrajuaddepalli@gmail.com
2021-08-10 22:36:41 [http-nio-9091-exec-7] DEBUG c.l.e.controller.Login -
                Response com.lister.employeeonboardingsystem.voobject.LoginResponseVo@46964ba8
2021-08-10 22:36:52 [http-nio-9091-exec-6] DEBUG c.l.e.controller.Login -
                Request com.lister.employeeonboardingsystem.voobject.LoginInput@4f4bf72f
2021-08-10 22:36:52 [http-nio-9091-exec-6] INFO  c.l.e.service.UserService -
                tried to login with emailsharathrajuaddepalli@gmail.com
2021-08-10 22:36:52 [http-nio-9091-exec-6] DEBUG c.l.e.controller.Login -
                Response com.lister.employeeonboardingsystem.voobject.LoginResponseVo@2a4040de
2021-08-10 22:36:54 [http-nio-9091-exec-10] DEBUG c.l.e.controller.Login -
                Request com.lister.employeeonboardingsystem.voobject.LoginInput@1dc6e5a8
2021-08-10 22:36:54 [http-nio-9091-exec-10] INFO  c.l.e.service.UserService -
                tried to login with emailsharathrajuaddepalli@gmail.com
2021-08-10 22:36:54 [http-nio-9091-exec-10] DEBUG c.l.e.controller.Login -
                Response com.lister.employeeonboardingsystem.voobject.LoginResponseVo@65986ed8
2021-08-10 22:36:54 [http-nio-9091-exec-5] DEBUG c.l.e.controller.Login -
                Request com.lister.employeeonboardingsystem.voobject.LoginInput@79dfe409
2021-08-10 22:36:54 [http-nio-9091-exec-5] INFO  c.l.e.service.UserService -
                tried to login with emailsharathrajuaddepalli@gmail.com
2021-08-10 22:36:54 [http-nio-9091-exec-5] DEBUG c.l.e.controller.Login -
                Response com.lister.employeeonboardingsystem.voobject.LoginResponseVo@5be003e4
2021-08-10 22:36:56 [http-nio-9091-exec-9] DEBUG c.l.e.controller.Login -
                Request com.lister.employeeonboardingsystem.voobject.LoginInput@75eebe79
2021-08-10 22:36:56 [http-nio-9091-exec-9] INFO  c.l.e.service.UserService -
                tried to login with emailsharathrajuaddepalli@gmail.com
2021-08-10 22:36:56 [http-nio-9091-exec-9] DEBUG c.l.e.controller.Login -
                Response com.lister.employeeonboardingsystem.voobject.LoginResponseVo@3c708912
2021-08-10 22:36:56 [http-nio-9091-exec-2] DEBUG c.l.e.controller.Login -
                Request com.lister.employeeonboardingsystem.voobject.LoginInput@7819a31a
2021-08-10 22:36:56 [http-nio-9091-exec-2] INFO  c.l.e.service.UserService -
                tried to login with emailsharathrajuaddepalli@gmail.com
2021-08-10 22:36:56 [http-nio-9091-exec-2] DEBUG c.l.e.controller.Login -
                Response com.lister.employeeonboardingsystem.voobject.LoginResponseVo@3104f386
2021-08-10 22:37:12 [http-nio-9091-exec-1] DEBUG c.l.e.controller.Login -
                Request com.lister.employeeonboardingsystem.voobject.LoginInput@330556d6
2021-08-10 22:37:12 [http-nio-9091-exec-1] INFO  c.l.e.service.UserService -
                tried to login with emailsharathrajuaddepalli@gmail.com
2021-08-10 22:37:12 [http-nio-9091-exec-1] DEBUG c.l.e.controller.Login -
                Response com.lister.employeeonboardingsystem.voobject.LoginResponseVo@177426bc
2021-08-10 22:37:12 [http-nio-9091-exec-4] DEBUG c.l.e.controller.Login -
                Request com.lister.employeeonboardingsystem.voobject.LoginInput@4f208122
2021-08-10 22:37:12 [http-nio-9091-exec-4] INFO  c.l.e.service.UserService -
                tried to login with emailsharathrajuaddepalli@gmail.com
2021-08-10 22:37:12 [http-nio-9091-exec-4] DEBUG c.l.e.controller.Login -
                Response com.lister.employeeonboardingsystem.voobject.LoginResponseVo@50e51823
2021-08-10 22:37:39 [http-nio-9091-exec-8] DEBUG c.l.e.controller.Login -
                Request com.lister.employeeonboardingsystem.voobject.LoginInput@2e6c35b3
2021-08-10 22:37:39 [http-nio-9091-exec-8] INFO  c.l.e.service.UserService -
                tried to login with emailsharathrajuaddepalli@gmail.com
2021-08-10 22:37:39 [http-nio-9091-exec-8] DEBUG c.l.e.controller.Login -
                Response com.lister.employeeonboardingsystem.voobject.LoginResponseVo@52b6af99
2021-08-10 22:37:41 [http-nio-9091-exec-6] DEBUG c.l.e.controller.Login -
                Request com.lister.employeeonboardingsystem.voobject.LoginInput@2fa78263
2021-08-10 22:37:41 [http-nio-9091-exec-6] INFO  c.l.e.service.UserService -
                tried to login with emailsharathrajuaddepalli@gmail.com
2021-08-10 22:37:41 [http-nio-9091-exec-6] DEBUG c.l.e.controller.Login -
                Response com.lister.employeeonboardingsystem.voobject.LoginResponseVo@67e93172
2021-08-10 22:37:42 [http-nio-9091-exec-10] DEBUG c.l.e.controller.Login -
                Request com.lister.employeeonboardingsystem.voobject.LoginInput@5e3ece72
2021-08-10 22:37:42 [http-nio-9091-exec-10] INFO  c.l.e.service.UserService -
                tried to login with emailsharathrajuaddepalli@gmail.com
2021-08-10 22:37:42 [http-nio-9091-exec-10] DEBUG c.l.e.controller.Login -
                Response com.lister.employeeonboardingsystem.voobject.LoginResponseVo@4497af66
2021-08-10 22:37:42 [http-nio-9091-exec-5] DEBUG c.l.e.controller.Login -
                Request com.lister.employeeonboardingsystem.voobject.LoginInput@308a7bbc
2021-08-10 22:37:42 [http-nio-9091-exec-5] INFO  c.l.e.service.UserService -
                tried to login with emailsharathrajuaddepalli@gmail.com
2021-08-10 22:37:42 [http-nio-9091-exec-5] DEBUG c.l.e.controller.Login -
                Response com.lister.employeeonboardingsystem.voobject.LoginResponseVo@6302bcae
2021-08-10 22:37:42 [http-nio-9091-exec-9] DEBUG c.l.e.controller.Login -
                Request com.lister.employeeonboardingsystem.voobject.LoginInput@4e5d8493
2021-08-10 22:37:42 [http-nio-9091-exec-9] INFO  c.l.e.service.UserService -
                tried to login with emailsharathrajuaddepalli@gmail.com
2021-08-10 22:37:42 [http-nio-9091-exec-9] DEBUG c.l.e.controller.Login -
                Response com.lister.employeeonboardingsystem.voobject.LoginResponseVo@448b16c5
2021-08-10 22:37:42 [http-nio-9091-exec-2] DEBUG c.l.e.controller.Login -
                Request com.lister.employeeonboardingsystem.voobject.LoginInput@6e487606
2021-08-10 22:37:42 [http-nio-9091-exec-2] INFO  c.l.e.service.UserService -
                tried to login with emailsharathrajuaddepalli@gmail.com
2021-08-10 22:37:42 [http-nio-9091-exec-2] DEBUG c.l.e.controller.Login -
                Response com.lister.employeeonboardingsystem.voobject.LoginResponseVo@26f97df6
2021-08-10 22:37:42 [http-nio-9091-exec-3] DEBUG c.l.e.controller.Login -
                Request com.lister.employeeonboardingsystem.voobject.LoginInput@2f90b01b
2021-08-10 22:37:42 [http-nio-9091-exec-3] INFO  c.l.e.service.UserService -
                tried to login with emailsharathrajuaddepalli@gmail.com
2021-08-10 22:37:42 [http-nio-9091-exec-3] DEBUG c.l.e.controller.Login -
                Response com.lister.employeeonboardingsystem.voobject.LoginResponseVo@332c946a
2021-08-10 22:37:43 [http-nio-9091-exec-1] DEBUG c.l.e.controller.Login -
                Request com.lister.employeeonboardingsystem.voobject.LoginInput@5ec801c3
2021-08-10 22:37:43 [http-nio-9091-exec-1] INFO  c.l.e.service.UserService -
                tried to login with emailsharathrajuaddepalli@gmail.com
2021-08-10 22:37:43 [http-nio-9091-exec-1] DEBUG c.l.e.controller.Login -
                Response com.lister.employeeonboardingsystem.voobject.LoginResponseVo@17427873
2021-08-10 22:37:43 [http-nio-9091-exec-4] DEBUG c.l.e.controller.Login -
                Request com.lister.employeeonboardingsystem.voobject.LoginInput@4acbc4cc
2021-08-10 22:37:43 [http-nio-9091-exec-4] INFO  c.l.e.service.UserService -
                tried to login with emailsharathrajuaddepalli@gmail.com
2021-08-10 22:37:43 [http-nio-9091-exec-4] DEBUG c.l.e.controller.Login -
                Response com.lister.employeeonboardingsystem.voobject.LoginResponseVo@58a322bd
2021-08-10 22:37:44 [http-nio-9091-exec-7] DEBUG c.l.e.controller.Login -
                Request com.lister.employeeonboardingsystem.voobject.LoginInput@7886ac43
2021-08-10 22:37:44 [http-nio-9091-exec-7] INFO  c.l.e.service.UserService -
                tried to login with emailsharathrajuaddepalli@gmail.com
2021-08-10 22:37:44 [http-nio-9091-exec-7] DEBUG c.l.e.controller.Login -
                Response com.lister.employeeonboardingsystem.voobject.LoginResponseVo@7d22ce38
2021-08-10 22:39:21 [http-nio-9091-exec-6] DEBUG c.l.e.controller.Login -
                Request com.lister.employeeonboardingsystem.voobject.LoginInput@6cd7a687
2021-08-10 22:39:21 [http-nio-9091-exec-6] INFO  c.l.e.service.UserService -
                tried to login with emailsharathrajuaddepalli@gmail.com
2021-08-10 22:39:21 [http-nio-9091-exec-6] DEBUG c.l.e.controller.Login -
                Response com.lister.employeeonboardingsystem.voobject.LoginResponseVo@4be580b6
2021-08-10 22:41:07 [http-nio-9091-exec-5] DEBUG c.l.e.controller.Login -
                Request com.lister.employeeonboardingsystem.voobject.LoginInput@1a36c68f
2021-08-10 22:41:07 [http-nio-9091-exec-5] INFO  c.l.e.service.UserService -
                tried to login with emailsharathrajuaddepalli@gmail.com
2021-08-10 22:41:07 [http-nio-9091-exec-5] DEBUG c.l.e.controller.Login -
                Response com.lister.employeeonboardingsystem.voobject.LoginResponseVo@62d2c5e1
2021-08-10 22:41:07 [http-nio-9091-exec-9] INFO  c.l.e.controller.Hr -
                Retrieving all employees
2021-08-10 22:41:07 [http-nio-9091-exec-9] INFO  c.l.e.service.DemographicsService -
                tried to retrieve all employee details
